[2025-01-28T17:49:49.045Z] [DEBUG] qase: Config: {"mode":"testops","debug":true,"testops":{"api":{"token":"5755502fc3b560881b1ebfa4c910df1b2cbd4dd5025e666ef62a45b251ca0892"},"project":"DEMO","uploadAttachments":true,"run":{"complete":true},"plan":{},"batch":{}},"framework":{"cypress":{"screenshotsFolder":"cypress/screenshots"}},"frameworkPackage":"cypress","frameworkName":"cypress","reporterName":"cypress-qase-reporter","report":{"connections":{"local":{}}}}
[2025-01-28T17:49:49.677Z] [DEBUG] qase: Starting test run
[2025-01-28T17:49:49.677Z] [DEBUG] qase: Creating test run
[2025-01-28T17:49:50.833Z] [DEBUG] qase: Test run created: 1
[2025-01-28T17:49:55.291Z] [DEBUG] qase: Config: {"id":"default","mode":"testops","debug":true,"testops":{"api":{"token":"5755502fc3b560881b1ebfa4c910df1b2cbd4dd5025e666ef62a45b251ca0892"},"project":"DEMO","uploadAttachments":true,"run":{"complete":true,"id":1},"plan":{},"batch":{}},"frameworkPackage":"cypress","frameworkName":"cypress","reporterName":"cypress-qase-reporter","report":{"connections":{"local":{}}}}
[2025-01-28T17:49:56.319Z] [INFO] qase: [31mTest Several ids failed[39m
[2025-01-28T17:49:56.320Z] [INFO] qase: [34mSee why this test failed: https://app.qase.io/run/DEMO/dashboard/1?source=logs&status=%5B2%5D&search=1[39m
[2025-01-28T17:49:56.320Z] [DEBUG] qase: Adding test result: {"attachments":[{"content":"","id":"316f361a-8013-48ff-a81b-5683e284301c","mime_type":"image/png","size":0,"file_name":"My First Test -- Several ids (Qase ID 1) (failed).png","file_path":"/home/zafarzhon/Ð Ð°Ð±Ð¾Ñ‡Ð¸Ð¹ ÑÑ‚Ð¾Ð»/EAT/cypress/screenshots/login/login.cy.js/My First Test -- Several ids (Qase ID 1) (failed).png"}],"author":null,"fields":{},"message":"URLs is not defined","muted":false,"params":{},"group_params":{},"relations":{"suite":{"data":[{"title":"My First Test","public_id":null}]}},"run_id":null,"signature":"cypress::e2e::login::login.cy.js::my_first_test::several_ids_(qase_id:_1)::1","steps":[],"id":"fdd172d8-7ce4-4f72-ab30-fce9fa635af3","execution":{"status":"failed","start_time":null,"end_time":null,"duration":0,"stacktrace":"ReferenceError: URLs is not defined\n    at Context.eval (webpack:///./cypress/e2e/login/login.cy.js:27:27)","thread":null},"testops_id":[1],"title":"Several ids"}
[2025-01-28T17:49:56.670Z] [INFO] qase: [31mTest Correct test failed[39m
[2025-01-28T17:49:56.671Z] [INFO] qase: [34mSee why this test failed: https://app.qase.io/run/DEMO/dashboard/1?source=logs&status=%5B2%5D&search=2[39m
[2025-01-28T17:49:56.671Z] [INFO] qase: [34mSee why this test failed: https://app.qase.io/run/DEMO/dashboard/1?source=logs&status=%5B2%5D&search=3[39m
[2025-01-28T17:49:56.671Z] [DEBUG] qase: Adding test result: {"attachments":[{"content":"","id":"754afa5c-3c71-45c6-836e-49f94de845e9","mime_type":"image/png","size":0,"file_name":"My First Test -- Correct test (Qase ID 2,3) (failed).png","file_path":"/home/zafarzhon/Ð Ð°Ð±Ð¾Ñ‡Ð¸Ð¹ ÑÑ‚Ð¾Ð»/EAT/cypress/screenshots/login/login.cy.js/My First Test -- Correct test (Qase ID 2,3) (failed).png"}],"author":null,"fields":{},"message":"URLs is not defined","muted":false,"params":{},"group_params":{},"relations":{"suite":{"data":[{"title":"My First Test","public_id":null}]}},"run_id":null,"signature":"cypress::e2e::login::login.cy.js::my_first_test::correct_test_(qase_id:_2,3)::2::3","steps":[],"id":"afa417e6-b472-4ce8-83f5-5ec056208a0a","execution":{"status":"failed","start_time":null,"end_time":null,"duration":0,"stacktrace":"ReferenceError: URLs is not defined\n    at Context.eval (webpack:///./cypress/e2e/login/login.cy.js:39:27)","thread":null},"testops_id":[2,3],"title":"Correct test"}
[2025-01-28T17:49:56.708Z] [INFO] qase: [94mTest Skipped test skipped[39m
[2025-01-28T17:49:56.708Z] [DEBUG] qase: Adding test result: {"attachments":[{"content":"","id":"04bb0426-f6f1-4db2-990a-a49a882271b4","mime_type":"image/png","size":0,"file_name":"My First Test -- Correct test (Qase ID 2,3) (failed).png","file_path":"/home/zafarzhon/Ð Ð°Ð±Ð¾Ñ‡Ð¸Ð¹ ÑÑ‚Ð¾Ð»/EAT/cypress/screenshots/login/login.cy.js/My First Test -- Correct test (Qase ID 2,3) (failed).png"}],"author":null,"fields":{},"message":"","muted":false,"params":{},"group_params":{},"relations":{"suite":{"data":[{"title":"My First Test","public_id":null}]}},"run_id":null,"signature":"cypress::e2e::login::login.cy.js::my_first_test::skipped_test_(qase_id:_4)::4","steps":[],"id":"a1cae19b-aea6-4f95-8852-806d04e819bb","execution":{"status":"skipped","start_time":null,"end_time":null,"duration":0,"stacktrace":null,"thread":null},"testops_id":[4],"title":"Skipped test"}
[2025-01-28T17:49:57.259Z] [DEBUG] qase: Config: {"id":"default","mode":"testops","debug":true,"testops":{"api":{"token":"5755502fc3b560881b1ebfa4c910df1b2cbd4dd5025e666ef62a45b251ca0892"},"project":"DEMO","uploadAttachments":true,"run":{"complete":true,"id":1},"plan":{},"batch":{}},"report":{"connections":{"local":{}}}}
[2025-01-28T17:49:57.873Z] [DEBUG] qase: Uploading attachment: /home/zafarzhon/Ð Ð°Ð±Ð¾Ñ‡Ð¸Ð¹ ÑÑ‚Ð¾Ð»/EAT/cypress/screenshots/login/login.cy.js/My First Test -- Several ids (Qase ID 1) (failed).png
[2025-01-28T17:49:59.033Z] [DEBUG] qase: Transformed result: {"title":"Several ids","execution":{"status":"failed","start_time":null,"end_time":null,"duration":0,"stacktrace":"ReferenceError: URLs is not defined\n    at Context.eval (webpack:///./cypress/e2e/login/login.cy.js:27:27)","thread":null},"testops_id":1,"attachments":["05f2a5e07b6c09dec6f9d7dfdd5822fdbd2ed242"],"steps":[],"params":{},"param_groups":[],"relations":{"suite":{"data":[{"public_id":null,"title":"My First Test"}]}},"message":"URLs is not defined","fields":{},"defect":false}
[2025-01-28T17:49:59.034Z] [DEBUG] qase: Uploading attachment: /home/zafarzhon/Ð Ð°Ð±Ð¾Ñ‡Ð¸Ð¹ ÑÑ‚Ð¾Ð»/EAT/cypress/screenshots/login/login.cy.js/My First Test -- Correct test (Qase ID 2,3) (failed).png
[2025-01-28T17:50:00.348Z] [DEBUG] qase: Transformed result: {"title":"Correct test","execution":{"status":"failed","start_time":null,"end_time":null,"duration":0,"stacktrace":"ReferenceError: URLs is not defined\n    at Context.eval (webpack:///./cypress/e2e/login/login.cy.js:39:27)","thread":null},"testops_id":2,"attachments":["68a4c137316bcab1eb8c50b6a71eddda2c37ffa0"],"steps":[],"params":{},"param_groups":[],"relations":{"suite":{"data":[{"public_id":null,"title":"My First Test"}]}},"message":"URLs is not defined","fields":{},"defect":false}
[2025-01-28T17:50:00.348Z] [DEBUG] qase: Uploading attachment: /home/zafarzhon/Ð Ð°Ð±Ð¾Ñ‡Ð¸Ð¹ ÑÑ‚Ð¾Ð»/EAT/cypress/screenshots/login/login.cy.js/My First Test -- Correct test (Qase ID 2,3) (failed).png
[2025-01-28T17:50:02.309Z] [DEBUG] qase: Transformed result: {"title":"Correct test","execution":{"status":"failed","start_time":null,"end_time":null,"duration":0,"stacktrace":"ReferenceError: URLs is not defined\n    at Context.eval (webpack:///./cypress/e2e/login/login.cy.js:39:27)","thread":null},"testops_id":3,"attachments":["410b1de0e268598b7a22a1060d5f192bdd54e4d0"],"steps":[],"params":{},"param_groups":[],"relations":{"suite":{"data":[{"public_id":null,"title":"My First Test"}]}},"message":"URLs is not defined","fields":{},"defect":false}
[2025-01-28T17:50:02.309Z] [DEBUG] qase: Uploading attachment: /home/zafarzhon/Ð Ð°Ð±Ð¾Ñ‡Ð¸Ð¹ ÑÑ‚Ð¾Ð»/EAT/cypress/screenshots/login/login.cy.js/My First Test -- Correct test (Qase ID 2,3) (failed).png
[2025-01-28T17:50:03.567Z] [DEBUG] qase: Transformed result: {"title":"Skipped test","execution":{"status":"skipped","start_time":null,"end_time":null,"duration":0,"stacktrace":null,"thread":null},"testops_id":4,"attachments":["3512824735f9d4f1a111d04fc6454680bee9ac09"],"steps":[],"params":{},"param_groups":[],"relations":{"suite":{"data":[{"public_id":null,"title":"My First Test"}]}},"message":"","fields":{},"defect":false}
[2025-01-28T17:50:04.334Z] [DEBUG] qase: Results sent to Qase: 4
[2025-01-28T17:50:09.451Z] [INFO] qase: [32mTest Visits a webpage and checks the heading passed[39m
[2025-01-28T17:50:09.451Z] [DEBUG] qase: Adding test result: {"attachments":[],"author":null,"fields":{},"message":"","muted":false,"params":{},"group_params":{},"relations":{"suite":{"data":[{"title":"Simple Cypress Test","public_id":null}]}},"run_id":null,"signature":"cypress::e2e::test::qase1.cy.js::simple_cypress_test::visits_a_webpage_and_checks_the_heading","steps":[],"id":"bf24e47b-eccd-4964-9856-2e2c05bc342d","execution":{"status":"passed","start_time":null,"end_time":null,"duration":380,"stacktrace":null,"thread":null},"testops_id":null,"title":"Visits a webpage and checks the heading"}
[2025-01-28T17:50:09.998Z] [DEBUG] qase: Config: {"id":"default","mode":"testops","debug":true,"testops":{"api":{"token":"5755502fc3b560881b1ebfa4c910df1b2cbd4dd5025e666ef62a45b251ca0892"},"project":"DEMO","uploadAttachments":true,"run":{"complete":true,"id":1},"plan":{},"batch":{}},"report":{"connections":{"local":{}}}}
[2025-01-28T17:50:10.623Z] [DEBUG] qase: Transformed result: {"title":"Visits a webpage and checks the heading","execution":{"status":"passed","start_time":null,"end_time":null,"duration":380,"stacktrace":null,"thread":null},"testops_id":null,"attachments":[],"steps":[],"params":{},"param_groups":[],"relations":{"suite":{"data":[{"public_id":null,"title":"Simple Cypress Test"}]}},"message":"","fields":{},"defect":false}
[2025-01-28T17:50:11.468Z] [DEBUG] qase: Results sent to Qase: 1
[2025-01-28T17:50:13.673Z] [INFO] qase: [31mTest "before each" hook for "should fill all fields and create assignement" failed[39m
[2025-01-28T17:50:13.673Z] [INFO] qase: [34mSee why this test failed: https://app.qase.io/run/DEMO/dashboard/1?source=logs&status=%5B2%5D&search=%22before%20each%22%20hook%20for%20%22should%20fill%20all%20fields%20and%20create%20assignement%22[39m
[2025-01-28T17:50:13.674Z] [DEBUG] qase: Adding test result: {"attachments":[{"content":"","id":"a73ae47d-097f-4e28-a97c-d60d495cb30b","mime_type":"image/png","size":0,"file_name":"Checking 'assignement create function' -- should fill all fields and create assignement -- before each hook (failed).png","file_path":"/home/zafarzhon/Ð Ð°Ð±Ð¾Ñ‡Ð¸Ð¹ ÑÑ‚Ð¾Ð»/EAT/cypress/screenshots/general-management/assignement/create/assignement-create.cy.js/Checking 'assignement create function' -- should fill all fields and create assignement -- before each hook (failed).png"}],"author":null,"fields":{},"message":"`cy.visit()` failed trying to load:\n\n/\n\nWe failed looking for this file at the path:\n\n/home/zafarzhon/Ð Ð°Ð±Ð¾Ñ‡Ð¸Ð¹ ÑÑ‚Ð¾Ð»/EAT/\n\nThe internal Cypress web server responded with:\n\n  > 404: Not Found\n\nBecause this error occurred during a `before each` hook we are skipping the remaining tests in the current suite: `Checking 'assignement creat...`","muted":false,"params":{},"group_params":{},"relations":{"suite":{"data":[{"title":"Checking 'assignement create function'","public_id":null}]}},"run_id":null,"signature":"cypress::e2e::general-management::assignement::create::assignement-create.cy.js::checking_'assignement_create_function'::\"before_each\"_hook_for_\"should_fill_all_fields_and_create_assignement\"","steps":[],"id":"4a66290e-7c04-44de-a79a-483345269d63","execution":{"status":"failed","start_time":null,"end_time":null,"duration":0,"stacktrace":"CypressError: `cy.visit()` failed trying to load:\n\n/\n\nWe failed looking for this file at the path:\n\n/home/zafarzhon/Ð Ð°Ð±Ð¾Ñ‡Ð¸Ð¹ ÑÑ‚Ð¾Ð»/EAT/\n\nThe internal Cypress web server responded with:\n\n  > 404: Not Found\n\nBecause this error occurred during a `before each` hook we are skipping the remaining tests in the current suite: `Checking 'assignement creat...`\n    at <unknown> (http://localhost:44803/__cypress/runner/cypress_runner.js:131591:76)\n    at visitFailedByErr (http://localhost:44803/__cypress/runner/cypress_runner.js:131006:12)\n    at <unknown> (http://localhost:44803/__cypress/runner/cypress_runner.js:131574:13)\n    at tryCatcher (http://localhost:44803/__cypress/runner/cypress_runner.js:1830:23)\n    at Promise._settlePromiseFromHandler (http://localhost:44803/__cypress/runner/cypress_runner.js:1542:31)\n    at Promise._settlePromise (http://localhost:44803/__cypress/runner/cypress_runner.js:1599:18)\n    at Promise._settlePromise0 (http://localhost:44803/__cypress/runner/cypress_runner.js:1644:10)\n    at Promise._settlePromises (http://localhost:44803/__cypress/runner/cypress_runner.js:1720:18)\n    at _drainQueueStep (http://localhost:44803/__cypress/runner/cypress_runner.js:2430:12)\n    at _drainQueue (http://localhost:44803/__cypress/runner/cypress_runner.js:2423:9)\n    at Async._drainQueues (http://localhost:44803/__cypress/runner/cypress_runner.js:2439:5)\n    at Async.drainQueues (http://localhost:44803/__cypress/runner/cypress_runner.js:2309:14)\nFrom Your Spec Code:\n    at Context.eval (webpack:///./cypress/e2e/general-management/assignement/create/assignement-create.cy.js:10:7)","thread":null},"testops_id":null,"title":"\"before each\" hook for \"should fill all fields and create assignement\""}
[2025-01-28T17:50:14.285Z] [DEBUG] qase: Config: {"id":"default","mode":"testops","debug":true,"testops":{"api":{"token":"5755502fc3b560881b1ebfa4c910df1b2cbd4dd5025e666ef62a45b251ca0892"},"project":"DEMO","uploadAttachments":true,"run":{"complete":true,"id":1},"plan":{},"batch":{}},"report":{"connections":{"local":{}}}}
[2025-01-28T17:50:14.900Z] [DEBUG] qase: Uploading attachment: /home/zafarzhon/Ð Ð°Ð±Ð¾Ñ‡Ð¸Ð¹ ÑÑ‚Ð¾Ð»/EAT/cypress/screenshots/general-management/assignement/create/assignement-create.cy.js/Checking 'assignement create function' -- should fill all fields and create assignement -- before each hook (failed).png
[2025-01-28T17:50:16.041Z] [DEBUG] qase: Transformed result: {"title":"\"before each\" hook for \"should fill all fields and create assignement\"","execution":{"status":"failed","start_time":null,"end_time":null,"duration":0,"stacktrace":"CypressError: `cy.visit()` failed trying to load:\n\n/\n\nWe failed looking for this file at the path:\n\n/home/zafarzhon/Ð Ð°Ð±Ð¾Ñ‡Ð¸Ð¹ ÑÑ‚Ð¾Ð»/EAT/\n\nThe internal Cypress web server responded with:\n\n  > 404: Not Found\n\nBecause this error occurred during a `before each` hook we are skipping the remaining tests in the current suite: `Checking 'assignement creat...`\n    at <unknown> (http://localhost:44803/__cypress/runner/cypress_runner.js:131591:76)\n    at visitFailedByErr (http://localhost:44803/__cypress/runner/cypress_runner.js:131006:12)\n    at <unknown> (http://localhost:44803/__cypress/runner/cypress_runner.js:131574:13)\n    at tryCatcher (http://localhost:44803/__cypress/runner/cypress_runner.js:1830:23)\n    at Promise._settlePromiseFromHandler (http://localhost:44803/__cypress/runner/cypress_runner.js:1542:31)\n    at Promise._settlePromise (http://localhost:44803/__cypress/runner/cypress_runner.js:1599:18)\n    at Promise._settlePromise0 (http://localhost:44803/__cypress/runner/cypress_runner.js:1644:10)\n    at Promise._settlePromises (http://localhost:44803/__cypress/runner/cypress_runner.js:1720:18)\n    at _drainQueueStep (http://localhost:44803/__cypress/runner/cypress_runner.js:2430:12)\n    at _drainQueue (http://localhost:44803/__cypress/runner/cypress_runner.js:2423:9)\n    at Async._drainQueues (http://localhost:44803/__cypress/runner/cypress_runner.js:2439:5)\n    at Async.drainQueues (http://localhost:44803/__cypress/runner/cypress_runner.js:2309:14)\nFrom Your Spec Code:\n    at Context.eval (webpack:///./cypress/e2e/general-management/assignement/create/assignement-create.cy.js:10:7)","thread":null},"testops_id":null,"attachments":["a04b03d263dc63e9bd3c7fc3b0be8e1fdb6107a4"],"steps":[],"params":{},"param_groups":[],"relations":{"suite":{"data":[{"public_id":null,"title":"Checking 'assignement create function'"}]}},"message":"`cy.visit()` failed trying to load:\n\n/\n\nWe failed looking for this file at the path:\n\n/home/zafarzhon/Ð Ð°Ð±Ð¾Ñ‡Ð¸Ð¹ ÑÑ‚Ð¾Ð»/EAT/\n\nThe internal Cypress web server responded with:\n\n  > 404: Not Found\n\nBecause this error occurred during a `before each` hook we are skipping the remaining tests in the current suite: `Checking 'assignement creat...`","fields":{},"defect":false}
[2025-01-28T17:50:16.741Z] [DEBUG] qase: Results sent to Qase: 1
[2025-01-28T17:50:18.851Z] [INFO] qase: [31mTest "before each" hook for "should find created assignement and edit it" failed[39m
[2025-01-28T17:50:18.852Z] [INFO] qase: [34mSee why this test failed: https://app.qase.io/run/DEMO/dashboard/1?source=logs&status=%5B2%5D&search=%22before%20each%22%20hook%20for%20%22should%20find%20created%20assignement%20and%20edit%20it%22[39m
[2025-01-28T17:50:18.852Z] [DEBUG] qase: Adding test result: {"attachments":[{"content":"","id":"dfaf5537-d098-44e7-8e67-110eb6f18281","mime_type":"image/png","size":0,"file_name":"Checking 'assignement edit function' -- should find created assignement and edit it -- before each hook (failed).png","file_path":"/home/zafarzhon/Ð Ð°Ð±Ð¾Ñ‡Ð¸Ð¹ ÑÑ‚Ð¾Ð»/EAT/cypress/screenshots/general-management/assignement/edit/assignement-edit.cy.js/Checking 'assignement edit function' -- should find created assignement and edit it -- before each hook (failed).png"}],"author":null,"fields":{},"message":"`cy.visit()` failed trying to load:\n\n/\n\nWe failed looking for this file at the path:\n\n/home/zafarzhon/Ð Ð°Ð±Ð¾Ñ‡Ð¸Ð¹ ÑÑ‚Ð¾Ð»/EAT/\n\nThe internal Cypress web server responded with:\n\n  > 404: Not Found\n\nBecause this error occurred during a `before each` hook we are skipping the remaining tests in the current suite: `Checking 'assignement edit ...`","muted":false,"params":{},"group_params":{},"relations":{"suite":{"data":[{"title":"Checking 'assignement edit function'","public_id":null}]}},"run_id":null,"signature":"cypress::e2e::general-management::assignement::edit::assignement-edit.cy.js::checking_'assignement_edit_function'::\"before_each\"_hook_for_\"should_find_created_assignement_and_edit_it\"","steps":[],"id":"f9ab322c-c777-4c73-904c-dbfc468fc032","execution":{"status":"failed","start_time":null,"end_time":null,"duration":0,"stacktrace":"CypressError: `cy.visit()` failed trying to load:\n\n/\n\nWe failed looking for this file at the path:\n\n/home/zafarzhon/Ð Ð°Ð±Ð¾Ñ‡Ð¸Ð¹ ÑÑ‚Ð¾Ð»/EAT/\n\nThe internal Cypress web server responded with:\n\n  > 404: Not Found\n\nBecause this error occurred during a `before each` hook we are skipping the remaining tests in the current suite: `Checking 'assignement edit ...`\n    at <unknown> (http://localhost:44803/__cypress/runner/cypress_runner.js:131591:76)\n    at visitFailedByErr (http://localhost:44803/__cypress/runner/cypress_runner.js:131006:12)\n    at <unknown> (http://localhost:44803/__cypress/runner/cypress_runner.js:131574:13)\n    at tryCatcher (http://localhost:44803/__cypress/runner/cypress_runner.js:1830:23)\n    at Promise._settlePromiseFromHandler (http://localhost:44803/__cypress/runner/cypress_runner.js:1542:31)\n    at Promise._settlePromise (http://localhost:44803/__cypress/runner/cypress_runner.js:1599:18)\n    at Promise._settlePromise0 (http://localhost:44803/__cypress/runner/cypress_runner.js:1644:10)\n    at Promise._settlePromises (http://localhost:44803/__cypress/runner/cypress_runner.js:1720:18)\n    at _drainQueueStep (http://localhost:44803/__cypress/runner/cypress_runner.js:2430:12)\n    at _drainQueue (http://localhost:44803/__cypress/runner/cypress_runner.js:2423:9)\n    at Async._drainQueues (http://localhost:44803/__cypress/runner/cypress_runner.js:2439:5)\n    at Async.drainQueues (http://localhost:44803/__cypress/runner/cypress_runner.js:2309:14)\nFrom Your Spec Code:\n    at Context.eval (webpack:///./cypress/e2e/general-management/assignement/edit/assignement-edit.cy.js:10:7)","thread":null},"testops_id":null,"title":"\"before each\" hook for \"should find created assignement and edit it\""}
[2025-01-28T17:50:19.452Z] [DEBUG] qase: Config: {"id":"default","mode":"testops","debug":true,"testops":{"api":{"token":"5755502fc3b560881b1ebfa4c910df1b2cbd4dd5025e666ef62a45b251ca0892"},"project":"DEMO","uploadAttachments":true,"run":{"complete":true,"id":1},"plan":{},"batch":{}},"report":{"connections":{"local":{}}}}
[2025-01-28T17:50:20.089Z] [DEBUG] qase: Uploading attachment: /home/zafarzhon/Ð Ð°Ð±Ð¾Ñ‡Ð¸Ð¹ ÑÑ‚Ð¾Ð»/EAT/cypress/screenshots/general-management/assignement/edit/assignement-edit.cy.js/Checking 'assignement edit function' -- should find created assignement and edit it -- before each hook (failed).png
[2025-01-28T17:50:21.232Z] [DEBUG] qase: Transformed result: {"title":"\"before each\" hook for \"should find created assignement and edit it\"","execution":{"status":"failed","start_time":null,"end_time":null,"duration":0,"stacktrace":"CypressError: `cy.visit()` failed trying to load:\n\n/\n\nWe failed looking for this file at the path:\n\n/home/zafarzhon/Ð Ð°Ð±Ð¾Ñ‡Ð¸Ð¹ ÑÑ‚Ð¾Ð»/EAT/\n\nThe internal Cypress web server responded with:\n\n  > 404: Not Found\n\nBecause this error occurred during a `before each` hook we are skipping the remaining tests in the current suite: `Checking 'assignement edit ...`\n    at <unknown> (http://localhost:44803/__cypress/runner/cypress_runner.js:131591:76)\n    at visitFailedByErr (http://localhost:44803/__cypress/runner/cypress_runner.js:131006:12)\n    at <unknown> (http://localhost:44803/__cypress/runner/cypress_runner.js:131574:13)\n    at tryCatcher (http://localhost:44803/__cypress/runner/cypress_runner.js:1830:23)\n    at Promise._settlePromiseFromHandler (http://localhost:44803/__cypress/runner/cypress_runner.js:1542:31)\n    at Promise._settlePromise (http://localhost:44803/__cypress/runner/cypress_runner.js:1599:18)\n    at Promise._settlePromise0 (http://localhost:44803/__cypress/runner/cypress_runner.js:1644:10)\n    at Promise._settlePromises (http://localhost:44803/__cypress/runner/cypress_runner.js:1720:18)\n    at _drainQueueStep (http://localhost:44803/__cypress/runner/cypress_runner.js:2430:12)\n    at _drainQueue (http://localhost:44803/__cypress/runner/cypress_runner.js:2423:9)\n    at Async._drainQueues (http://localhost:44803/__cypress/runner/cypress_runner.js:2439:5)\n    at Async.drainQueues (http://localhost:44803/__cypress/runner/cypress_runner.js:2309:14)\nFrom Your Spec Code:\n    at Context.eval (webpack:///./cypress/e2e/general-management/assignement/edit/assignement-edit.cy.js:10:7)","thread":null},"testops_id":null,"attachments":["963e9f0952c30c39308845d4ddfcf5aeb0dc9b9b"],"steps":[],"params":{},"param_groups":[],"relations":{"suite":{"data":[{"public_id":null,"title":"Checking 'assignement edit function'"}]}},"message":"`cy.visit()` failed trying to load:\n\n/\n\nWe failed looking for this file at the path:\n\n/home/zafarzhon/Ð Ð°Ð±Ð¾Ñ‡Ð¸Ð¹ ÑÑ‚Ð¾Ð»/EAT/\n\nThe internal Cypress web server responded with:\n\n  > 404: Not Found\n\nBecause this error occurred during a `before each` hook we are skipping the remaining tests in the current suite: `Checking 'assignement edit ...`","fields":{},"defect":false}
[2025-01-28T17:50:21.925Z] [DEBUG] qase: Results sent to Qase: 1
[2025-01-28T17:50:24.041Z] [INFO] qase: [31mTest "before each" hook for "should fill all fields and create fuel-history" failed[39m
[2025-01-28T17:50:24.041Z] [INFO] qase: [34mSee why this test failed: https://app.qase.io/run/DEMO/dashboard/1?source=logs&status=%5B2%5D&search=%22before%20each%22%20hook%20for%20%22should%20fill%20all%20fields%20and%20create%20fuel-history%22[39m
[2025-01-28T17:50:24.041Z] [DEBUG] qase: Adding test result: {"attachments":[{"content":"","id":"9914354a-3a80-4943-8d07-c801df55b717","mime_type":"image/png","size":0,"file_name":"Login and create fuel-history -- should fill all fields and create fuel-history -- before each hook (failed).png","file_path":"/home/zafarzhon/Ð Ð°Ð±Ð¾Ñ‡Ð¸Ð¹ ÑÑ‚Ð¾Ð»/EAT/cypress/screenshots/general-management/fuel-section/create/fuel-history-create.cy.js/Login and create fuel-history -- should fill all fields and create fuel-history -- before each hook (failed).png"}],"author":null,"fields":{},"message":"`cy.visit()` failed trying to load:\n\n/\n\nWe failed looking for this file at the path:\n\n/home/zafarzhon/Ð Ð°Ð±Ð¾Ñ‡Ð¸Ð¹ ÑÑ‚Ð¾Ð»/EAT/\n\nThe internal Cypress web server responded with:\n\n  > 404: Not Found\n\nBecause this error occurred during a `before each` hook we are skipping the remaining tests in the current suite: `Login and create fuel-history`","muted":false,"params":{},"group_params":{},"relations":{"suite":{"data":[{"title":"Login and create fuel-history","public_id":null}]}},"run_id":null,"signature":"cypress::e2e::general-management::fuel-section::create::fuel-history-create.cy.js::login_and_create_fuel-history::\"before_each\"_hook_for_\"should_fill_all_fields_and_create_fuel-history\"","steps":[],"id":"c2f0feda-a2c0-4288-92b0-b75ba594ca4c","execution":{"status":"failed","start_time":null,"end_time":null,"duration":0,"stacktrace":"CypressError: `cy.visit()` failed trying to load:\n\n/\n\nWe failed looking for this file at the path:\n\n/home/zafarzhon/Ð Ð°Ð±Ð¾Ñ‡Ð¸Ð¹ ÑÑ‚Ð¾Ð»/EAT/\n\nThe internal Cypress web server responded with:\n\n  > 404: Not Found\n\nBecause this error occurred during a `before each` hook we are skipping the remaining tests in the current suite: `Login and create fuel-history`\n    at <unknown> (http://localhost:44803/__cypress/runner/cypress_runner.js:131591:76)\n    at visitFailedByErr (http://localhost:44803/__cypress/runner/cypress_runner.js:131006:12)\n    at <unknown> (http://localhost:44803/__cypress/runner/cypress_runner.js:131574:13)\n    at tryCatcher (http://localhost:44803/__cypress/runner/cypress_runner.js:1830:23)\n    at Promise._settlePromiseFromHandler (http://localhost:44803/__cypress/runner/cypress_runner.js:1542:31)\n    at Promise._settlePromise (http://localhost:44803/__cypress/runner/cypress_runner.js:1599:18)\n    at Promise._settlePromise0 (http://localhost:44803/__cypress/runner/cypress_runner.js:1644:10)\n    at Promise._settlePromises (http://localhost:44803/__cypress/runner/cypress_runner.js:1720:18)\n    at _drainQueueStep (http://localhost:44803/__cypress/runner/cypress_runner.js:2430:12)\n    at _drainQueue (http://localhost:44803/__cypress/runner/cypress_runner.js:2423:9)\n    at Async._drainQueues (http://localhost:44803/__cypress/runner/cypress_runner.js:2439:5)\n    at Async.drainQueues (http://localhost:44803/__cypress/runner/cypress_runner.js:2309:14)\nFrom Your Spec Code:\n    at Context.eval (webpack:///./cypress/e2e/general-management/fuel-section/create/fuel-history-create.cy.js:9:7)","thread":null},"testops_id":null,"title":"\"before each\" hook for \"should fill all fields and create fuel-history\""}
[2025-01-28T17:50:24.666Z] [DEBUG] qase: Config: {"id":"default","mode":"testops","debug":true,"testops":{"api":{"token":"5755502fc3b560881b1ebfa4c910df1b2cbd4dd5025e666ef62a45b251ca0892"},"project":"DEMO","uploadAttachments":true,"run":{"complete":true,"id":1},"plan":{},"batch":{}},"report":{"connections":{"local":{}}}}
[2025-01-28T17:50:25.311Z] [DEBUG] qase: Uploading attachment: /home/zafarzhon/Ð Ð°Ð±Ð¾Ñ‡Ð¸Ð¹ ÑÑ‚Ð¾Ð»/EAT/cypress/screenshots/general-management/fuel-section/create/fuel-history-create.cy.js/Login and create fuel-history -- should fill all fields and create fuel-history -- before each hook (failed).png
[2025-01-28T17:50:26.419Z] [DEBUG] qase: Transformed result: {"title":"\"before each\" hook for \"should fill all fields and create fuel-history\"","execution":{"status":"failed","start_time":null,"end_time":null,"duration":0,"stacktrace":"CypressError: `cy.visit()` failed trying to load:\n\n/\n\nWe failed looking for this file at the path:\n\n/home/zafarzhon/Ð Ð°Ð±Ð¾Ñ‡Ð¸Ð¹ ÑÑ‚Ð¾Ð»/EAT/\n\nThe internal Cypress web server responded with:\n\n  > 404: Not Found\n\nBecause this error occurred during a `before each` hook we are skipping the remaining tests in the current suite: `Login and create fuel-history`\n    at <unknown> (http://localhost:44803/__cypress/runner/cypress_runner.js:131591:76)\n    at visitFailedByErr (http://localhost:44803/__cypress/runner/cypress_runner.js:131006:12)\n    at <unknown> (http://localhost:44803/__cypress/runner/cypress_runner.js:131574:13)\n    at tryCatcher (http://localhost:44803/__cypress/runner/cypress_runner.js:1830:23)\n    at Promise._settlePromiseFromHandler (http://localhost:44803/__cypress/runner/cypress_runner.js:1542:31)\n    at Promise._settlePromise (http://localhost:44803/__cypress/runner/cypress_runner.js:1599:18)\n    at Promise._settlePromise0 (http://localhost:44803/__cypress/runner/cypress_runner.js:1644:10)\n    at Promise._settlePromises (http://localhost:44803/__cypress/runner/cypress_runner.js:1720:18)\n    at _drainQueueStep (http://localhost:44803/__cypress/runner/cypress_runner.js:2430:12)\n    at _drainQueue (http://localhost:44803/__cypress/runner/cypress_runner.js:2423:9)\n    at Async._drainQueues (http://localhost:44803/__cypress/runner/cypress_runner.js:2439:5)\n    at Async.drainQueues (http://localhost:44803/__cypress/runner/cypress_runner.js:2309:14)\nFrom Your Spec Code:\n    at Context.eval (webpack:///./cypress/e2e/general-management/fuel-section/create/fuel-history-create.cy.js:9:7)","thread":null},"testops_id":null,"attachments":["3bf451f661d749f824c32e8ca8de79fc5cbf4961"],"steps":[],"params":{},"param_groups":[],"relations":{"suite":{"data":[{"public_id":null,"title":"Login and create fuel-history"}]}},"message":"`cy.visit()` failed trying to load:\n\n/\n\nWe failed looking for this file at the path:\n\n/home/zafarzhon/Ð Ð°Ð±Ð¾Ñ‡Ð¸Ð¹ ÑÑ‚Ð¾Ð»/EAT/\n\nThe internal Cypress web server responded with:\n\n  > 404: Not Found\n\nBecause this error occurred during a `before each` hook we are skipping the remaining tests in the current suite: `Login and create fuel-history`","fields":{},"defect":false}
[2025-01-28T17:50:27.127Z] [DEBUG] qase: Results sent to Qase: 1
[2025-01-28T17:50:29.264Z] [INFO] qase: [31mTest "before each" hook for "should delete created fuel-history record" failed[39m
[2025-01-28T17:50:29.264Z] [INFO] qase: [34mSee why this test failed: https://app.qase.io/run/DEMO/dashboard/1?source=logs&status=%5B2%5D&search=%22before%20each%22%20hook%20for%20%22should%20delete%20created%20fuel-history%20record%22[39m
[2025-01-28T17:50:29.264Z] [DEBUG] qase: Adding test result: {"attachments":[{"content":"","id":"e80939c8-b621-4fa4-90d6-92fc1752ec51","mime_type":"image/png","size":0,"file_name":"Delete created fuel-history record -- should delete created fuel-history record -- before each hook (failed).png","file_path":"/home/zafarzhon/Ð Ð°Ð±Ð¾Ñ‡Ð¸Ð¹ ÑÑ‚Ð¾Ð»/EAT/cypress/screenshots/general-management/fuel-section/delete/fuel-history-delete.cy.js/Delete created fuel-history record -- should delete created fuel-history record -- before each hook (failed).png"}],"author":null,"fields":{},"message":"`cy.visit()` failed trying to load:\n\n/\n\nWe failed looking for this file at the path:\n\n/home/zafarzhon/Ð Ð°Ð±Ð¾Ñ‡Ð¸Ð¹ ÑÑ‚Ð¾Ð»/EAT/\n\nThe internal Cypress web server responded with:\n\n  > 404: Not Found\n\nBecause this error occurred during a `before each` hook we are skipping the remaining tests in the current suite: `Delete created fuel-history...`","muted":false,"params":{},"group_params":{},"relations":{"suite":{"data":[{"title":"Delete created fuel-history record","public_id":null}]}},"run_id":null,"signature":"cypress::e2e::general-management::fuel-section::delete::fuel-history-delete.cy.js::delete_created_fuel-history_record::\"before_each\"_hook_for_\"should_delete_created_fuel-history_record\"","steps":[],"id":"d8ee4c94-8565-4aac-bcbc-8de0220201e4","execution":{"status":"failed","start_time":null,"end_time":null,"duration":0,"stacktrace":"CypressError: `cy.visit()` failed trying to load:\n\n/\n\nWe failed looking for this file at the path:\n\n/home/zafarzhon/Ð Ð°Ð±Ð¾Ñ‡Ð¸Ð¹ ÑÑ‚Ð¾Ð»/EAT/\n\nThe internal Cypress web server responded with:\n\n  > 404: Not Found\n\nBecause this error occurred during a `before each` hook we are skipping the remaining tests in the current suite: `Delete created fuel-history...`\n    at <unknown> (http://localhost:44803/__cypress/runner/cypress_runner.js:131591:76)\n    at visitFailedByErr (http://localhost:44803/__cypress/runner/cypress_runner.js:131006:12)\n    at <unknown> (http://localhost:44803/__cypress/runner/cypress_runner.js:131574:13)\n    at tryCatcher (http://localhost:44803/__cypress/runner/cypress_runner.js:1830:23)\n    at Promise._settlePromiseFromHandler (http://localhost:44803/__cypress/runner/cypress_runner.js:1542:31)\n    at Promise._settlePromise (http://localhost:44803/__cypress/runner/cypress_runner.js:1599:18)\n    at Promise._settlePromise0 (http://localhost:44803/__cypress/runner/cypress_runner.js:1644:10)\n    at Promise._settlePromises (http://localhost:44803/__cypress/runner/cypress_runner.js:1720:18)\n    at _drainQueueStep (http://localhost:44803/__cypress/runner/cypress_runner.js:2430:12)\n    at _drainQueue (http://localhost:44803/__cypress/runner/cypress_runner.js:2423:9)\n    at Async._drainQueues (http://localhost:44803/__cypress/runner/cypress_runner.js:2439:5)\n    at Async.drainQueues (http://localhost:44803/__cypress/runner/cypress_runner.js:2309:14)\nFrom Your Spec Code:\n    at Context.eval (webpack:///./cypress/e2e/general-management/fuel-section/delete/fuel-history-delete.cy.js:9:7)","thread":null},"testops_id":null,"title":"\"before each\" hook for \"should delete created fuel-history record\""}
[2025-01-28T17:50:29.930Z] [DEBUG] qase: Config: {"id":"default","mode":"testops","debug":true,"testops":{"api":{"token":"5755502fc3b560881b1ebfa4c910df1b2cbd4dd5025e666ef62a45b251ca0892"},"project":"DEMO","uploadAttachments":true,"run":{"complete":true,"id":1},"plan":{},"batch":{}},"report":{"connections":{"local":{}}}}
[2025-01-28T17:50:30.614Z] [DEBUG] qase: Uploading attachment: /home/zafarzhon/Ð Ð°Ð±Ð¾Ñ‡Ð¸Ð¹ ÑÑ‚Ð¾Ð»/EAT/cypress/screenshots/general-management/fuel-section/delete/fuel-history-delete.cy.js/Delete created fuel-history record -- should delete created fuel-history record -- before each hook (failed).png
[2025-01-28T17:50:31.720Z] [DEBUG] qase: Transformed result: {"title":"\"before each\" hook for \"should delete created fuel-history record\"","execution":{"status":"failed","start_time":null,"end_time":null,"duration":0,"stacktrace":"CypressError: `cy.visit()` failed trying to load:\n\n/\n\nWe failed looking for this file at the path:\n\n/home/zafarzhon/Ð Ð°Ð±Ð¾Ñ‡Ð¸Ð¹ ÑÑ‚Ð¾Ð»/EAT/\n\nThe internal Cypress web server responded with:\n\n  > 404: Not Found\n\nBecause this error occurred during a `before each` hook we are skipping the remaining tests in the current suite: `Delete created fuel-history...`\n    at <unknown> (http://localhost:44803/__cypress/runner/cypress_runner.js:131591:76)\n    at visitFailedByErr (http://localhost:44803/__cypress/runner/cypress_runner.js:131006:12)\n    at <unknown> (http://localhost:44803/__cypress/runner/cypress_runner.js:131574:13)\n    at tryCatcher (http://localhost:44803/__cypress/runner/cypress_runner.js:1830:23)\n    at Promise._settlePromiseFromHandler (http://localhost:44803/__cypress/runner/cypress_runner.js:1542:31)\n    at Promise._settlePromise (http://localhost:44803/__cypress/runner/cypress_runner.js:1599:18)\n    at Promise._settlePromise0 (http://localhost:44803/__cypress/runner/cypress_runner.js:1644:10)\n    at Promise._settlePromises (http://localhost:44803/__cypress/runner/cypress_runner.js:1720:18)\n    at _drainQueueStep (http://localhost:44803/__cypress/runner/cypress_runner.js:2430:12)\n    at _drainQueue (http://localhost:44803/__cypress/runner/cypress_runner.js:2423:9)\n    at Async._drainQueues (http://localhost:44803/__cypress/runner/cypress_runner.js:2439:5)\n    at Async.drainQueues (http://localhost:44803/__cypress/runner/cypress_runner.js:2309:14)\nFrom Your Spec Code:\n    at Context.eval (webpack:///./cypress/e2e/general-management/fuel-section/delete/fuel-history-delete.cy.js:9:7)","thread":null},"testops_id":null,"attachments":["8998819125326eff91f756b14e62a3d0d25fae49"],"steps":[],"params":{},"param_groups":[],"relations":{"suite":{"data":[{"public_id":null,"title":"Delete created fuel-history record"}]}},"message":"`cy.visit()` failed trying to load:\n\n/\n\nWe failed looking for this file at the path:\n\n/home/zafarzhon/Ð Ð°Ð±Ð¾Ñ‡Ð¸Ð¹ ÑÑ‚Ð¾Ð»/EAT/\n\nThe internal Cypress web server responded with:\n\n  > 404: Not Found\n\nBecause this error occurred during a `before each` hook we are skipping the remaining tests in the current suite: `Delete created fuel-history...`","fields":{},"defect":false}
[2025-01-28T17:50:32.422Z] [DEBUG] qase: Results sent to Qase: 1
[2025-01-28T17:50:34.485Z] [INFO] qase: [31mTest "before each" hook for "should visit to meter-history page, and create manually meter history and check a void checkbox" failed[39m
[2025-01-28T17:50:34.485Z] [INFO] qase: [34mSee why this test failed: https://app.qase.io/run/DEMO/dashboard/1?source=logs&status=%5B2%5D&search=%22before%20each%22%20hook%20for%20%22should%20visit%20to%20meter-history%20page,%20and%20create%20manually%20meter%20history%20and%20check%20a%20void%20checkbox%22[39m
[2025-01-28T17:50:34.486Z] [DEBUG] qase: Adding test result: {"attachments":[{"content":"","id":"6b094e81-b05e-4a77-8043-a7d6175524df","mime_type":"image/png","size":0,"file_name":"Test Meter History's create funtion -- should visit to meter-history page, and create manually meter history and check a void checkbox -- before each hook (failed).png","file_path":"/home/zafarzhon/Ð Ð°Ð±Ð¾Ñ‡Ð¸Ð¹ ÑÑ‚Ð¾Ð»/EAT/cypress/screenshots/general-management/meter-history/create/meter_history-create.cy.js/Test Meter History's create funtion -- should visit to meter-history page, and create manually meter history and check a void checkbox -- before each hook (failed).png"}],"author":null,"fields":{},"message":"`cy.visit()` failed trying to load:\n\n/\n\nWe failed looking for this file at the path:\n\n/home/zafarzhon/Ð Ð°Ð±Ð¾Ñ‡Ð¸Ð¹ ÑÑ‚Ð¾Ð»/EAT/\n\nThe internal Cypress web server responded with:\n\n  > 404: Not Found\n\nBecause this error occurred during a `before each` hook we are skipping the remaining tests in the current suite: `Test Meter History's create...`","muted":false,"params":{},"group_params":{},"relations":{"suite":{"data":[{"title":"Test Meter History's create funtion","public_id":null}]}},"run_id":null,"signature":"cypress::e2e::general-management::meter-history::create::meter_history-create.cy.js::test_meter_history's_create_funtion::\"before_each\"_hook_for_\"should_visit_to_meter-history_page,_and_create_manually_meter_history_and_check_a_void_checkbox\"","steps":[],"id":"9aa9cd1a-03ef-43a3-8ed7-110a19a5108f","execution":{"status":"failed","start_time":null,"end_time":null,"duration":0,"stacktrace":"CypressError: `cy.visit()` failed trying to load:\n\n/\n\nWe failed looking for this file at the path:\n\n/home/zafarzhon/Ð Ð°Ð±Ð¾Ñ‡Ð¸Ð¹ ÑÑ‚Ð¾Ð»/EAT/\n\nThe internal Cypress web server responded with:\n\n  > 404: Not Found\n\nBecause this error occurred during a `before each` hook we are skipping the remaining tests in the current suite: `Test Meter History's create...`\n    at <unknown> (http://localhost:44803/__cypress/runner/cypress_runner.js:131591:76)\n    at visitFailedByErr (http://localhost:44803/__cypress/runner/cypress_runner.js:131006:12)\n    at <unknown> (http://localhost:44803/__cypress/runner/cypress_runner.js:131574:13)\n    at tryCatcher (http://localhost:44803/__cypress/runner/cypress_runner.js:1830:23)\n    at Promise._settlePromiseFromHandler (http://localhost:44803/__cypress/runner/cypress_runner.js:1542:31)\n    at Promise._settlePromise (http://localhost:44803/__cypress/runner/cypress_runner.js:1599:18)\n    at Promise._settlePromise0 (http://localhost:44803/__cypress/runner/cypress_runner.js:1644:10)\n    at Promise._settlePromises (http://localhost:44803/__cypress/runner/cypress_runner.js:1720:18)\n    at _drainQueueStep (http://localhost:44803/__cypress/runner/cypress_runner.js:2430:12)\n    at _drainQueue (http://localhost:44803/__cypress/runner/cypress_runner.js:2423:9)\n    at Async._drainQueues (http://localhost:44803/__cypress/runner/cypress_runner.js:2439:5)\n    at Async.drainQueues (http://localhost:44803/__cypress/runner/cypress_runner.js:2309:14)\nFrom Your Spec Code:\n    at Context.eval (webpack:///./cypress/e2e/general-management/meter-history/create/meter_history-create.cy.js:8:7)","thread":null},"testops_id":null,"title":"\"before each\" hook for \"should visit to meter-history page, and create manually meter history and check a void checkbox\""}
[2025-01-28T17:50:35.111Z] [DEBUG] qase: Config: {"id":"default","mode":"testops","debug":true,"testops":{"api":{"token":"5755502fc3b560881b1ebfa4c910df1b2cbd4dd5025e666ef62a45b251ca0892"},"project":"DEMO","uploadAttachments":true,"run":{"complete":true,"id":1},"plan":{},"batch":{}},"report":{"connections":{"local":{}}}}
[2025-01-28T17:50:35.765Z] [DEBUG] qase: Uploading attachment: /home/zafarzhon/Ð Ð°Ð±Ð¾Ñ‡Ð¸Ð¹ ÑÑ‚Ð¾Ð»/EAT/cypress/screenshots/general-management/meter-history/create/meter_history-create.cy.js/Test Meter History's create funtion -- should visit to meter-history page, and create manually meter history and check a void checkbox -- before each hook (failed).png
[2025-01-28T17:50:42.105Z] [DEBUG] qase: Transformed result: {"title":"\"before each\" hook for \"should visit to meter-history page, and create manually meter history and check a void checkbox\"","execution":{"status":"failed","start_time":null,"end_time":null,"duration":0,"stacktrace":"CypressError: `cy.visit()` failed trying to load:\n\n/\n\nWe failed looking for this file at the path:\n\n/home/zafarzhon/Ð Ð°Ð±Ð¾Ñ‡Ð¸Ð¹ ÑÑ‚Ð¾Ð»/EAT/\n\nThe internal Cypress web server responded with:\n\n  > 404: Not Found\n\nBecause this error occurred during a `before each` hook we are skipping the remaining tests in the current suite: `Test Meter History's create...`\n    at <unknown> (http://localhost:44803/__cypress/runner/cypress_runner.js:131591:76)\n    at visitFailedByErr (http://localhost:44803/__cypress/runner/cypress_runner.js:131006:12)\n    at <unknown> (http://localhost:44803/__cypress/runner/cypress_runner.js:131574:13)\n    at tryCatcher (http://localhost:44803/__cypress/runner/cypress_runner.js:1830:23)\n    at Promise._settlePromiseFromHandler (http://localhost:44803/__cypress/runner/cypress_runner.js:1542:31)\n    at Promise._settlePromise (http://localhost:44803/__cypress/runner/cypress_runner.js:1599:18)\n    at Promise._settlePromise0 (http://localhost:44803/__cypress/runner/cypress_runner.js:1644:10)\n    at Promise._settlePromises (http://localhost:44803/__cypress/runner/cypress_runner.js:1720:18)\n    at _drainQueueStep (http://localhost:44803/__cypress/runner/cypress_runner.js:2430:12)\n    at _drainQueue (http://localhost:44803/__cypress/runner/cypress_runner.js:2423:9)\n    at Async._drainQueues (http://localhost:44803/__cypress/runner/cypress_runner.js:2439:5)\n    at Async.drainQueues (http://localhost:44803/__cypress/runner/cypress_runner.js:2309:14)\nFrom Your Spec Code:\n    at Context.eval (webpack:///./cypress/e2e/general-management/meter-history/create/meter_history-create.cy.js:8:7)","thread":null},"testops_id":null,"attachments":["e7114c8f3676530f41e6628eb7dbe8e3e4bf379f"],"steps":[],"params":{},"param_groups":[],"relations":{"suite":{"data":[{"public_id":null,"title":"Test Meter History's create funtion"}]}},"message":"`cy.visit()` failed trying to load:\n\n/\n\nWe failed looking for this file at the path:\n\n/home/zafarzhon/Ð Ð°Ð±Ð¾Ñ‡Ð¸Ð¹ ÑÑ‚Ð¾Ð»/EAT/\n\nThe internal Cypress web server responded with:\n\n  > 404: Not Found\n\nBecause this error occurred during a `before each` hook we are skipping the remaining tests in the current suite: `Test Meter History's create...`","fields":{},"defect":false}
[2025-01-28T17:50:42.821Z] [DEBUG] qase: Results sent to Qase: 1
[2025-01-28T17:50:44.994Z] [INFO] qase: [31mTest "before each" hook for "should download file" failed[39m
[2025-01-28T17:50:44.994Z] [INFO] qase: [34mSee why this test failed: https://app.qase.io/run/DEMO/dashboard/1?source=logs&status=%5B2%5D&search=%22before%20each%22%20hook%20for%20%22should%20download%20file%22[39m
[2025-01-28T17:50:44.994Z] [DEBUG] qase: Adding test result: {"attachments":[{"content":"","id":"90977d5d-e309-4c78-a126-d690778846c8","mime_type":"image/png","size":0,"file_name":"Test download file -- should download file -- before each hook (failed).png","file_path":"/home/zafarzhon/Ð Ð°Ð±Ð¾Ñ‡Ð¸Ð¹ ÑÑ‚Ð¾Ð»/EAT/cypress/screenshots/general-management/papers/download-file/down-file.cy.js/Test download file -- should download file -- before each hook (failed).png"}],"author":null,"fields":{},"message":"`cy.visit()` failed trying to load:\n\n/\n\nWe failed looking for this file at the path:\n\n/home/zafarzhon/Ð Ð°Ð±Ð¾Ñ‡Ð¸Ð¹ ÑÑ‚Ð¾Ð»/EAT/\n\nThe internal Cypress web server responded with:\n\n  > 404: Not Found\n\nBecause this error occurred during a `before each` hook we are skipping the remaining tests in the current suite: `Test download file`","muted":false,"params":{},"group_params":{},"relations":{"suite":{"data":[{"title":"Test download file","public_id":null}]}},"run_id":null,"signature":"cypress::e2e::general-management::papers::download-file::down-file.cy.js::test_download_file::\"before_each\"_hook_for_\"should_download_file\"","steps":[],"id":"e6720301-15dd-4c4d-9f32-f642c2c684e7","execution":{"status":"failed","start_time":null,"end_time":null,"duration":0,"stacktrace":"CypressError: `cy.visit()` failed trying to load:\n\n/\n\nWe failed looking for this file at the path:\n\n/home/zafarzhon/Ð Ð°Ð±Ð¾Ñ‡Ð¸Ð¹ ÑÑ‚Ð¾Ð»/EAT/\n\nThe internal Cypress web server responded with:\n\n  > 404: Not Found\n\nBecause this error occurred during a `before each` hook we are skipping the remaining tests in the current suite: `Test download file`\n    at <unknown> (http://localhost:44803/__cypress/runner/cypress_runner.js:131591:76)\n    at visitFailedByErr (http://localhost:44803/__cypress/runner/cypress_runner.js:131006:12)\n    at <unknown> (http://localhost:44803/__cypress/runner/cypress_runner.js:131574:13)\n    at tryCatcher (http://localhost:44803/__cypress/runner/cypress_runner.js:1830:23)\n    at Promise._settlePromiseFromHandler (http://localhost:44803/__cypress/runner/cypress_runner.js:1542:31)\n    at Promise._settlePromise (http://localhost:44803/__cypress/runner/cypress_runner.js:1599:18)\n    at Promise._settlePromise0 (http://localhost:44803/__cypress/runner/cypress_runner.js:1644:10)\n    at Promise._settlePromises (http://localhost:44803/__cypress/runner/cypress_runner.js:1720:18)\n    at _drainQueueStep (http://localhost:44803/__cypress/runner/cypress_runner.js:2430:12)\n    at _drainQueue (http://localhost:44803/__cypress/runner/cypress_runner.js:2423:9)\n    at Async._drainQueues (http://localhost:44803/__cypress/runner/cypress_runner.js:2439:5)\n    at Async.drainQueues (http://localhost:44803/__cypress/runner/cypress_runner.js:2309:14)\nFrom Your Spec Code:\n    at Context.eval (webpack:///./cypress/e2e/general-management/papers/download-file/down-file.cy.js:10:7)","thread":null},"testops_id":null,"title":"\"before each\" hook for \"should download file\""}
[2025-01-28T17:50:45.612Z] [DEBUG] qase: Config: {"id":"default","mode":"testops","debug":true,"testops":{"api":{"token":"5755502fc3b560881b1ebfa4c910df1b2cbd4dd5025e666ef62a45b251ca0892"},"project":"DEMO","uploadAttachments":true,"run":{"complete":true,"id":1},"plan":{},"batch":{}},"report":{"connections":{"local":{}}}}
[2025-01-28T17:50:46.313Z] [DEBUG] qase: Uploading attachment: /home/zafarzhon/Ð Ð°Ð±Ð¾Ñ‡Ð¸Ð¹ ÑÑ‚Ð¾Ð»/EAT/cypress/screenshots/general-management/papers/download-file/down-file.cy.js/Test download file -- should download file -- before each hook (failed).png
[2025-01-28T17:50:47.385Z] [DEBUG] qase: Transformed result: {"title":"\"before each\" hook for \"should download file\"","execution":{"status":"failed","start_time":null,"end_time":null,"duration":0,"stacktrace":"CypressError: `cy.visit()` failed trying to load:\n\n/\n\nWe failed looking for this file at the path:\n\n/home/zafarzhon/Ð Ð°Ð±Ð¾Ñ‡Ð¸Ð¹ ÑÑ‚Ð¾Ð»/EAT/\n\nThe internal Cypress web server responded with:\n\n  > 404: Not Found\n\nBecause this error occurred during a `before each` hook we are skipping the remaining tests in the current suite: `Test download file`\n    at <unknown> (http://localhost:44803/__cypress/runner/cypress_runner.js:131591:76)\n    at visitFailedByErr (http://localhost:44803/__cypress/runner/cypress_runner.js:131006:12)\n    at <unknown> (http://localhost:44803/__cypress/runner/cypress_runner.js:131574:13)\n    at tryCatcher (http://localhost:44803/__cypress/runner/cypress_runner.js:1830:23)\n    at Promise._settlePromiseFromHandler (http://localhost:44803/__cypress/runner/cypress_runner.js:1542:31)\n    at Promise._settlePromise (http://localhost:44803/__cypress/runner/cypress_runner.js:1599:18)\n    at Promise._settlePromise0 (http://localhost:44803/__cypress/runner/cypress_runner.js:1644:10)\n    at Promise._settlePromises (http://localhost:44803/__cypress/runner/cypress_runner.js:1720:18)\n    at _drainQueueStep (http://localhost:44803/__cypress/runner/cypress_runner.js:2430:12)\n    at _drainQueue (http://localhost:44803/__cypress/runner/cypress_runner.js:2423:9)\n    at Async._drainQueues (http://localhost:44803/__cypress/runner/cypress_runner.js:2439:5)\n    at Async.drainQueues (http://localhost:44803/__cypress/runner/cypress_runner.js:2309:14)\nFrom Your Spec Code:\n    at Context.eval (webpack:///./cypress/e2e/general-management/papers/download-file/down-file.cy.js:10:7)","thread":null},"testops_id":null,"attachments":["3d6e2aba561780348380f9fed7bbd3ebc59e3418"],"steps":[],"params":{},"param_groups":[],"relations":{"suite":{"data":[{"public_id":null,"title":"Test download file"}]}},"message":"`cy.visit()` failed trying to load:\n\n/\n\nWe failed looking for this file at the path:\n\n/home/zafarzhon/Ð Ð°Ð±Ð¾Ñ‡Ð¸Ð¹ ÑÑ‚Ð¾Ð»/EAT/\n\nThe internal Cypress web server responded with:\n\n  > 404: Not Found\n\nBecause this error occurred during a `before each` hook we are skipping the remaining tests in the current suite: `Test download file`","fields":{},"defect":false}
[2025-01-28T17:50:48.086Z] [DEBUG] qase: Results sent to Qase: 1
[2025-01-28T18:02:53.875Z] [DEBUG] qase: Config: {"mode":"testops","debug":true,"testops":{"api":{"token":"5755502fc3b560881b1ebfa4c910df1b2cbd4dd5025e666ef62a45b251ca0892"},"project":"DEMO","uploadAttachments":true,"run":{"complete":true,"id":1},"plan":{},"batch":{}},"framework":{"cypress":{"screenshotsFolder":"cypress/screenshots"}},"frameworkPackage":"cypress","frameworkName":"cypress","reporterName":"cypress-qase-reporter","report":{"connections":{"local":{}}}}
[2025-01-28T18:02:54.494Z] [DEBUG] qase: Starting test run
[2025-01-28T18:02:58.102Z] [DEBUG] qase: Config: {"id":"default","mode":"testops","debug":true,"testops":{"api":{"token":"5755502fc3b560881b1ebfa4c910df1b2cbd4dd5025e666ef62a45b251ca0892"},"project":"DEMO","uploadAttachments":true,"run":{"complete":true,"id":1},"plan":{},"batch":{}},"frameworkPackage":"cypress","frameworkName":"cypress","reporterName":"cypress-qase-reporter","report":{"connections":{"local":{}}}}
[2025-01-28T18:02:59.089Z] [INFO] qase: [31mTest Several ids failed[39m
[2025-01-28T18:02:59.089Z] [INFO] qase: [34mSee why this test failed: https://app.qase.io/run/DEMO/dashboard/1?source=logs&status=%5B2%5D&search=1[39m
[2025-01-28T18:02:59.089Z] [DEBUG] qase: Adding test result: {"attachments":[{"content":"","id":"b9c5ac44-51a5-4975-a2cc-a0314d8890b2","mime_type":"image/png","size":0,"file_name":"My First Test -- Several ids (Qase ID 1) (failed).png","file_path":"/home/zafarzhon/Ð Ð°Ð±Ð¾Ñ‡Ð¸Ð¹ ÑÑ‚Ð¾Ð»/EAT/cypress/screenshots/login/login.cy.js/My First Test -- Several ids (Qase ID 1) (failed).png"}],"author":null,"fields":{},"message":"URLs is not defined","muted":false,"params":{},"group_params":{},"relations":{"suite":{"data":[{"title":"My First Test","public_id":null}]}},"run_id":null,"signature":"cypress::e2e::login::login.cy.js::my_first_test::several_ids_(qase_id:_1)::1","steps":[],"id":"e4e7bd0b-4423-4383-b292-9ac01e932f3a","execution":{"status":"failed","start_time":null,"end_time":null,"duration":0,"stacktrace":"ReferenceError: URLs is not defined\n    at Context.eval (webpack:///./cypress/e2e/login/login.cy.js:27:27)","thread":null},"testops_id":[1],"title":"Several ids"}
[2025-01-28T18:02:59.498Z] [INFO] qase: [31mTest Correct test failed[39m
[2025-01-28T18:02:59.498Z] [INFO] qase: [34mSee why this test failed: https://app.qase.io/run/DEMO/dashboard/1?source=logs&status=%5B2%5D&search=2[39m
[2025-01-28T18:02:59.498Z] [INFO] qase: [34mSee why this test failed: https://app.qase.io/run/DEMO/dashboard/1?source=logs&status=%5B2%5D&search=3[39m
[2025-01-28T18:02:59.499Z] [DEBUG] qase: Adding test result: {"attachments":[{"content":"","id":"3e52c76f-7276-4edb-9a25-0b327b9add79","mime_type":"image/png","size":0,"file_name":"My First Test -- Correct test (Qase ID 2,3) (failed).png","file_path":"/home/zafarzhon/Ð Ð°Ð±Ð¾Ñ‡Ð¸Ð¹ ÑÑ‚Ð¾Ð»/EAT/cypress/screenshots/login/login.cy.js/My First Test -- Correct test (Qase ID 2,3) (failed).png"}],"author":null,"fields":{},"message":"URLs is not defined","muted":false,"params":{},"group_params":{},"relations":{"suite":{"data":[{"title":"My First Test","public_id":null}]}},"run_id":null,"signature":"cypress::e2e::login::login.cy.js::my_first_test::correct_test_(qase_id:_2,3)::2::3","steps":[],"id":"276ee43a-a2be-49ed-b32b-0a8232731d58","execution":{"status":"failed","start_time":null,"end_time":null,"duration":0,"stacktrace":"ReferenceError: URLs is not defined\n    at Context.eval (webpack:///./cypress/e2e/login/login.cy.js:39:27)","thread":null},"testops_id":[2,3],"title":"Correct test"}
[2025-01-28T18:02:59.532Z] [INFO] qase: [94mTest Skipped test skipped[39m
[2025-01-28T18:02:59.532Z] [DEBUG] qase: Adding test result: {"attachments":[{"content":"","id":"8b42a6a9-cf7e-4b21-bb43-29e2d9e18899","mime_type":"image/png","size":0,"file_name":"My First Test -- Correct test (Qase ID 2,3) (failed).png","file_path":"/home/zafarzhon/Ð Ð°Ð±Ð¾Ñ‡Ð¸Ð¹ ÑÑ‚Ð¾Ð»/EAT/cypress/screenshots/login/login.cy.js/My First Test -- Correct test (Qase ID 2,3) (failed).png"}],"author":null,"fields":{},"message":"","muted":false,"params":{},"group_params":{},"relations":{"suite":{"data":[{"title":"My First Test","public_id":null}]}},"run_id":null,"signature":"cypress::e2e::login::login.cy.js::my_first_test::skipped_test_(qase_id:_4)::4","steps":[],"id":"06dae603-ad80-4cc2-91a3-a6bbb4fa7afe","execution":{"status":"skipped","start_time":null,"end_time":null,"duration":0,"stacktrace":null,"thread":null},"testops_id":[4],"title":"Skipped test"}
[2025-01-28T18:03:00.094Z] [DEBUG] qase: Config: {"id":"default","mode":"testops","debug":true,"testops":{"api":{"token":"5755502fc3b560881b1ebfa4c910df1b2cbd4dd5025e666ef62a45b251ca0892"},"project":"DEMO","uploadAttachments":true,"run":{"complete":true,"id":1},"plan":{},"batch":{}},"report":{"connections":{"local":{}}}}
[2025-01-28T18:03:00.725Z] [DEBUG] qase: Uploading attachment: /home/zafarzhon/Ð Ð°Ð±Ð¾Ñ‡Ð¸Ð¹ ÑÑ‚Ð¾Ð»/EAT/cypress/screenshots/login/login.cy.js/My First Test -- Several ids (Qase ID 1) (failed).png
[2025-01-28T18:03:02.007Z] [DEBUG] qase: Transformed result: {"title":"Several ids","execution":{"status":"failed","start_time":null,"end_time":null,"duration":0,"stacktrace":"ReferenceError: URLs is not defined\n    at Context.eval (webpack:///./cypress/e2e/login/login.cy.js:27:27)","thread":null},"testops_id":1,"attachments":["ed2dd5707ee35029ce8e96142521ebe819422494"],"steps":[],"params":{},"param_groups":[],"relations":{"suite":{"data":[{"public_id":null,"title":"My First Test"}]}},"message":"URLs is not defined","fields":{},"defect":false}
[2025-01-28T18:03:02.007Z] [DEBUG] qase: Uploading attachment: /home/zafarzhon/Ð Ð°Ð±Ð¾Ñ‡Ð¸Ð¹ ÑÑ‚Ð¾Ð»/EAT/cypress/screenshots/login/login.cy.js/My First Test -- Correct test (Qase ID 2,3) (failed).png
[2025-01-28T18:03:03.210Z] [DEBUG] qase: Transformed result: {"title":"Correct test","execution":{"status":"failed","start_time":null,"end_time":null,"duration":0,"stacktrace":"ReferenceError: URLs is not defined\n    at Context.eval (webpack:///./cypress/e2e/login/login.cy.js:39:27)","thread":null},"testops_id":2,"attachments":["326a3bf563ebe6705dd8823dee1bb5a11ad2a99d"],"steps":[],"params":{},"param_groups":[],"relations":{"suite":{"data":[{"public_id":null,"title":"My First Test"}]}},"message":"URLs is not defined","fields":{},"defect":false}
[2025-01-28T18:03:03.211Z] [DEBUG] qase: Uploading attachment: /home/zafarzhon/Ð Ð°Ð±Ð¾Ñ‡Ð¸Ð¹ ÑÑ‚Ð¾Ð»/EAT/cypress/screenshots/login/login.cy.js/My First Test -- Correct test (Qase ID 2,3) (failed).png
[2025-01-28T18:03:04.388Z] [DEBUG] qase: Transformed result: {"title":"Correct test","execution":{"status":"failed","start_time":null,"end_time":null,"duration":0,"stacktrace":"ReferenceError: URLs is not defined\n    at Context.eval (webpack:///./cypress/e2e/login/login.cy.js:39:27)","thread":null},"testops_id":3,"attachments":["a37641b70faecf7947638af7ef8e836e9417ab5f"],"steps":[],"params":{},"param_groups":[],"relations":{"suite":{"data":[{"public_id":null,"title":"My First Test"}]}},"message":"URLs is not defined","fields":{},"defect":false}
[2025-01-28T18:03:04.388Z] [DEBUG] qase: Uploading attachment: /home/zafarzhon/Ð Ð°Ð±Ð¾Ñ‡Ð¸Ð¹ ÑÑ‚Ð¾Ð»/EAT/cypress/screenshots/login/login.cy.js/My First Test -- Correct test (Qase ID 2,3) (failed).png
[2025-01-28T18:03:05.749Z] [DEBUG] qase: Transformed result: {"title":"Skipped test","execution":{"status":"skipped","start_time":null,"end_time":null,"duration":0,"stacktrace":null,"thread":null},"testops_id":4,"attachments":["097555c6613c8e0ef30b8c6e57b6cc1002a9263b"],"steps":[],"params":{},"param_groups":[],"relations":{"suite":{"data":[{"public_id":null,"title":"My First Test"}]}},"message":"","fields":{},"defect":false}
[2025-01-28T18:03:11.509Z] [DEBUG] qase: Results sent to Qase: 4
[2025-01-28T18:03:13.561Z] [INFO] qase: [31mTest Visits a webpage and checks the heading failed[39m
[2025-01-28T18:03:13.561Z] [INFO] qase: [34mSee why this test failed: https://app.qase.io/run/DEMO/dashboard/1?source=logs&status=%5B2%5D&search=Visits%20a%20webpage%20and%20checks%20the%20heading[39m
[2025-01-28T18:03:13.561Z] [DEBUG] qase: Adding test result: {"attachments":[{"content":"","id":"a7d0b896-0181-4ae3-8dee-3d715c152912","mime_type":"image/png","size":0,"file_name":"Simple Cypress Test -- Visits a webpage and checks the heading (failed).png","file_path":"/home/zafarzhon/Ð Ð°Ð±Ð¾Ñ‡Ð¸Ð¹ ÑÑ‚Ð¾Ð»/EAT/cypress/screenshots/test/qase1.cy.js/Simple Cypress Test -- Visits a webpage and checks the heading (failed).png"}],"author":null,"fields":{},"message":"`cy.visit()` failed trying to load:\n\n/\n\nWe failed looking for this file at the path:\n\n/home/zafarzhon/Ð Ð°Ð±Ð¾Ñ‡Ð¸Ð¹ ÑÑ‚Ð¾Ð»/EAT/\n\nThe internal Cypress web server responded with:\n\n  > 404: Not Found","muted":false,"params":{},"group_params":{},"relations":{"suite":{"data":[{"title":"Simple Cypress Test","public_id":null}]}},"run_id":null,"signature":"cypress::e2e::test::qase1.cy.js::simple_cypress_test::visits_a_webpage_and_checks_the_heading","steps":[],"id":"f0c12933-1990-4cfd-9703-073398fb1271","execution":{"status":"failed","start_time":null,"end_time":null,"duration":0,"stacktrace":"CypressError: `cy.visit()` failed trying to load:\n\n/\n\nWe failed looking for this file at the path:\n\n/home/zafarzhon/Ð Ð°Ð±Ð¾Ñ‡Ð¸Ð¹ ÑÑ‚Ð¾Ð»/EAT/\n\nThe internal Cypress web server responded with:\n\n  > 404: Not Found\n    at <unknown> (http://localhost:46199/__cypress/runner/cypress_runner.js:131591:76)\n    at visitFailedByErr (http://localhost:46199/__cypress/runner/cypress_runner.js:131006:12)\n    at <unknown> (http://localhost:46199/__cypress/runner/cypress_runner.js:131574:13)\n    at tryCatcher (http://localhost:46199/__cypress/runner/cypress_runner.js:1830:23)\n    at Promise._settlePromiseFromHandler (http://localhost:46199/__cypress/runner/cypress_runner.js:1542:31)\n    at Promise._settlePromise (http://localhost:46199/__cypress/runner/cypress_runner.js:1599:18)\n    at Promise._settlePromise0 (http://localhost:46199/__cypress/runner/cypress_runner.js:1644:10)\n    at Promise._settlePromises (http://localhost:46199/__cypress/runner/cypress_runner.js:1720:18)\n    at _drainQueueStep (http://localhost:46199/__cypress/runner/cypress_runner.js:2430:12)\n    at _drainQueue (http://localhost:46199/__cypress/runner/cypress_runner.js:2423:9)\n    at Async._drainQueues (http://localhost:46199/__cypress/runner/cypress_runner.js:2439:5)\n    at Async.drainQueues (http://localhost:46199/__cypress/runner/cypress_runner.js:2309:14)\nFrom Your Spec Code:\n    at Context.eval (webpack:///./cypress/e2e/test/qase1.cy.js:6:7)","thread":null},"testops_id":null,"title":"Visits a webpage and checks the heading"}
[2025-01-28T18:03:14.171Z] [DEBUG] qase: Config: {"id":"default","mode":"testops","debug":true,"testops":{"api":{"token":"5755502fc3b560881b1ebfa4c910df1b2cbd4dd5025e666ef62a45b251ca0892"},"project":"DEMO","uploadAttachments":true,"run":{"complete":true,"id":1},"plan":{},"batch":{}},"report":{"connections":{"local":{}}}}
[2025-01-28T18:03:14.792Z] [DEBUG] qase: Uploading attachment: /home/zafarzhon/Ð Ð°Ð±Ð¾Ñ‡Ð¸Ð¹ ÑÑ‚Ð¾Ð»/EAT/cypress/screenshots/test/qase1.cy.js/Simple Cypress Test -- Visits a webpage and checks the heading (failed).png
[2025-01-28T18:03:15.873Z] [DEBUG] qase: Transformed result: {"title":"Visits a webpage and checks the heading","execution":{"status":"failed","start_time":null,"end_time":null,"duration":0,"stacktrace":"CypressError: `cy.visit()` failed trying to load:\n\n/\n\nWe failed looking for this file at the path:\n\n/home/zafarzhon/Ð Ð°Ð±Ð¾Ñ‡Ð¸Ð¹ ÑÑ‚Ð¾Ð»/EAT/\n\nThe internal Cypress web server responded with:\n\n  > 404: Not Found\n    at <unknown> (http://localhost:46199/__cypress/runner/cypress_runner.js:131591:76)\n    at visitFailedByErr (http://localhost:46199/__cypress/runner/cypress_runner.js:131006:12)\n    at <unknown> (http://localhost:46199/__cypress/runner/cypress_runner.js:131574:13)\n    at tryCatcher (http://localhost:46199/__cypress/runner/cypress_runner.js:1830:23)\n    at Promise._settlePromiseFromHandler (http://localhost:46199/__cypress/runner/cypress_runner.js:1542:31)\n    at Promise._settlePromise (http://localhost:46199/__cypress/runner/cypress_runner.js:1599:18)\n    at Promise._settlePromise0 (http://localhost:46199/__cypress/runner/cypress_runner.js:1644:10)\n    at Promise._settlePromises (http://localhost:46199/__cypress/runner/cypress_runner.js:1720:18)\n    at _drainQueueStep (http://localhost:46199/__cypress/runner/cypress_runner.js:2430:12)\n    at _drainQueue (http://localhost:46199/__cypress/runner/cypress_runner.js:2423:9)\n    at Async._drainQueues (http://localhost:46199/__cypress/runner/cypress_runner.js:2439:5)\n    at Async.drainQueues (http://localhost:46199/__cypress/runner/cypress_runner.js:2309:14)\nFrom Your Spec Code:\n    at Context.eval (webpack:///./cypress/e2e/test/qase1.cy.js:6:7)","thread":null},"testops_id":null,"attachments":["88b96c5c301fad50f9c4277d2bd1bfd587c741e7"],"steps":[],"params":{},"param_groups":[],"relations":{"suite":{"data":[{"public_id":null,"title":"Simple Cypress Test"}]}},"message":"`cy.visit()` failed trying to load:\n\n/\n\nWe failed looking for this file at the path:\n\n/home/zafarzhon/Ð Ð°Ð±Ð¾Ñ‡Ð¸Ð¹ ÑÑ‚Ð¾Ð»/EAT/\n\nThe internal Cypress web server responded with:\n\n  > 404: Not Found","fields":{},"defect":false}
[2025-01-28T18:03:16.676Z] [DEBUG] qase: Results sent to Qase: 1
[2025-01-28T18:03:18.922Z] [INFO] qase: [31mTest "before each" hook for "should fill all fields and create assignement" failed[39m
[2025-01-28T18:03:18.923Z] [INFO] qase: [34mSee why this test failed: https://app.qase.io/run/DEMO/dashboard/1?source=logs&status=%5B2%5D&search=%22before%20each%22%20hook%20for%20%22should%20fill%20all%20fields%20and%20create%20assignement%22[39m
[2025-01-28T18:03:18.923Z] [DEBUG] qase: Adding test result: {"attachments":[{"content":"","id":"3c378b35-7b4b-4a31-ab6c-a1cf66667e25","mime_type":"image/png","size":0,"file_name":"Checking 'assignement create function' -- should fill all fields and create assignement -- before each hook (failed).png","file_path":"/home/zafarzhon/Ð Ð°Ð±Ð¾Ñ‡Ð¸Ð¹ ÑÑ‚Ð¾Ð»/EAT/cypress/screenshots/general-management/assignement/create/assignement-create.cy.js/Checking 'assignement create function' -- should fill all fields and create assignement -- before each hook (failed).png"}],"author":null,"fields":{},"message":"`cy.visit()` failed trying to load:\n\n/\n\nWe failed looking for this file at the path:\n\n/home/zafarzhon/Ð Ð°Ð±Ð¾Ñ‡Ð¸Ð¹ ÑÑ‚Ð¾Ð»/EAT/\n\nThe internal Cypress web server responded with:\n\n  > 404: Not Found\n\nBecause this error occurred during a `before each` hook we are skipping the remaining tests in the current suite: `Checking 'assignement creat...`","muted":false,"params":{},"group_params":{},"relations":{"suite":{"data":[{"title":"Checking 'assignement create function'","public_id":null}]}},"run_id":null,"signature":"cypress::e2e::general-management::assignement::create::assignement-create.cy.js::checking_'assignement_create_function'::\"before_each\"_hook_for_\"should_fill_all_fields_and_create_assignement\"","steps":[],"id":"b6cc7396-6352-4160-b041-c1cf73145428","execution":{"status":"failed","start_time":null,"end_time":null,"duration":0,"stacktrace":"CypressError: `cy.visit()` failed trying to load:\n\n/\n\nWe failed looking for this file at the path:\n\n/home/zafarzhon/Ð Ð°Ð±Ð¾Ñ‡Ð¸Ð¹ ÑÑ‚Ð¾Ð»/EAT/\n\nThe internal Cypress web server responded with:\n\n  > 404: Not Found\n\nBecause this error occurred during a `before each` hook we are skipping the remaining tests in the current suite: `Checking 'assignement creat...`\n    at <unknown> (http://localhost:46199/__cypress/runner/cypress_runner.js:131591:76)\n    at visitFailedByErr (http://localhost:46199/__cypress/runner/cypress_runner.js:131006:12)\n    at <unknown> (http://localhost:46199/__cypress/runner/cypress_runner.js:131574:13)\n    at tryCatcher (http://localhost:46199/__cypress/runner/cypress_runner.js:1830:23)\n    at Promise._settlePromiseFromHandler (http://localhost:46199/__cypress/runner/cypress_runner.js:1542:31)\n    at Promise._settlePromise (http://localhost:46199/__cypress/runner/cypress_runner.js:1599:18)\n    at Promise._settlePromise0 (http://localhost:46199/__cypress/runner/cypress_runner.js:1644:10)\n    at Promise._settlePromises (http://localhost:46199/__cypress/runner/cypress_runner.js:1720:18)\n    at _drainQueueStep (http://localhost:46199/__cypress/runner/cypress_runner.js:2430:12)\n    at _drainQueue (http://localhost:46199/__cypress/runner/cypress_runner.js:2423:9)\n    at Async._drainQueues (http://localhost:46199/__cypress/runner/cypress_runner.js:2439:5)\n    at Async.drainQueues (http://localhost:46199/__cypress/runner/cypress_runner.js:2309:14)\nFrom Your Spec Code:\n    at Context.eval (webpack:///./cypress/e2e/general-management/assignement/create/assignement-create.cy.js:10:7)","thread":null},"testops_id":null,"title":"\"before each\" hook for \"should fill all fields and create assignement\""}
[2025-01-28T18:03:19.517Z] [DEBUG] qase: Config: {"id":"default","mode":"testops","debug":true,"testops":{"api":{"token":"5755502fc3b560881b1ebfa4c910df1b2cbd4dd5025e666ef62a45b251ca0892"},"project":"DEMO","uploadAttachments":true,"run":{"complete":true,"id":1},"plan":{},"batch":{}},"report":{"connections":{"local":{}}}}
[2025-01-28T18:03:20.204Z] [DEBUG] qase: Uploading attachment: /home/zafarzhon/Ð Ð°Ð±Ð¾Ñ‡Ð¸Ð¹ ÑÑ‚Ð¾Ð»/EAT/cypress/screenshots/general-management/assignement/create/assignement-create.cy.js/Checking 'assignement create function' -- should fill all fields and create assignement -- before each hook (failed).png
[2025-01-28T18:03:21.393Z] [DEBUG] qase: Transformed result: {"title":"\"before each\" hook for \"should fill all fields and create assignement\"","execution":{"status":"failed","start_time":null,"end_time":null,"duration":0,"stacktrace":"CypressError: `cy.visit()` failed trying to load:\n\n/\n\nWe failed looking for this file at the path:\n\n/home/zafarzhon/Ð Ð°Ð±Ð¾Ñ‡Ð¸Ð¹ ÑÑ‚Ð¾Ð»/EAT/\n\nThe internal Cypress web server responded with:\n\n  > 404: Not Found\n\nBecause this error occurred during a `before each` hook we are skipping the remaining tests in the current suite: `Checking 'assignement creat...`\n    at <unknown> (http://localhost:46199/__cypress/runner/cypress_runner.js:131591:76)\n    at visitFailedByErr (http://localhost:46199/__cypress/runner/cypress_runner.js:131006:12)\n    at <unknown> (http://localhost:46199/__cypress/runner/cypress_runner.js:131574:13)\n    at tryCatcher (http://localhost:46199/__cypress/runner/cypress_runner.js:1830:23)\n    at Promise._settlePromiseFromHandler (http://localhost:46199/__cypress/runner/cypress_runner.js:1542:31)\n    at Promise._settlePromise (http://localhost:46199/__cypress/runner/cypress_runner.js:1599:18)\n    at Promise._settlePromise0 (http://localhost:46199/__cypress/runner/cypress_runner.js:1644:10)\n    at Promise._settlePromises (http://localhost:46199/__cypress/runner/cypress_runner.js:1720:18)\n    at _drainQueueStep (http://localhost:46199/__cypress/runner/cypress_runner.js:2430:12)\n    at _drainQueue (http://localhost:46199/__cypress/runner/cypress_runner.js:2423:9)\n    at Async._drainQueues (http://localhost:46199/__cypress/runner/cypress_runner.js:2439:5)\n    at Async.drainQueues (http://localhost:46199/__cypress/runner/cypress_runner.js:2309:14)\nFrom Your Spec Code:\n    at Context.eval (webpack:///./cypress/e2e/general-management/assignement/create/assignement-create.cy.js:10:7)","thread":null},"testops_id":null,"attachments":["f38b11ba715e97f3c2643351d50e15bcd9a43fe6"],"steps":[],"params":{},"param_groups":[],"relations":{"suite":{"data":[{"public_id":null,"title":"Checking 'assignement create function'"}]}},"message":"`cy.visit()` failed trying to load:\n\n/\n\nWe failed looking for this file at the path:\n\n/home/zafarzhon/Ð Ð°Ð±Ð¾Ñ‡Ð¸Ð¹ ÑÑ‚Ð¾Ð»/EAT/\n\nThe internal Cypress web server responded with:\n\n  > 404: Not Found\n\nBecause this error occurred during a `before each` hook we are skipping the remaining tests in the current suite: `Checking 'assignement creat...`","fields":{},"defect":false}
[2025-01-28T18:03:22.180Z] [DEBUG] qase: Results sent to Qase: 1
[2025-01-28T18:03:24.264Z] [INFO] qase: [31mTest "before each" hook for "should find created assignement and edit it" failed[39m
[2025-01-28T18:03:24.264Z] [INFO] qase: [34mSee why this test failed: https://app.qase.io/run/DEMO/dashboard/1?source=logs&status=%5B2%5D&search=%22before%20each%22%20hook%20for%20%22should%20find%20created%20assignement%20and%20edit%20it%22[39m
[2025-01-28T18:03:24.264Z] [DEBUG] qase: Adding test result: {"attachments":[{"content":"","id":"9ca5961a-99d4-4220-b82d-21ceba2f1fb7","mime_type":"image/png","size":0,"file_name":"Checking 'assignement edit function' -- should find created assignement and edit it -- before each hook (failed).png","file_path":"/home/zafarzhon/Ð Ð°Ð±Ð¾Ñ‡Ð¸Ð¹ ÑÑ‚Ð¾Ð»/EAT/cypress/screenshots/general-management/assignement/edit/assignement-edit.cy.js/Checking 'assignement edit function' -- should find created assignement and edit it -- before each hook (failed).png"}],"author":null,"fields":{},"message":"`cy.visit()` failed trying to load:\n\n/\n\nWe failed looking for this file at the path:\n\n/home/zafarzhon/Ð Ð°Ð±Ð¾Ñ‡Ð¸Ð¹ ÑÑ‚Ð¾Ð»/EAT/\n\nThe internal Cypress web server responded with:\n\n  > 404: Not Found\n\nBecause this error occurred during a `before each` hook we are skipping the remaining tests in the current suite: `Checking 'assignement edit ...`","muted":false,"params":{},"group_params":{},"relations":{"suite":{"data":[{"title":"Checking 'assignement edit function'","public_id":null}]}},"run_id":null,"signature":"cypress::e2e::general-management::assignement::edit::assignement-edit.cy.js::checking_'assignement_edit_function'::\"before_each\"_hook_for_\"should_find_created_assignement_and_edit_it\"","steps":[],"id":"36af2bfb-5b5b-47a6-a609-859e5bba64cd","execution":{"status":"failed","start_time":null,"end_time":null,"duration":0,"stacktrace":"CypressError: `cy.visit()` failed trying to load:\n\n/\n\nWe failed looking for this file at the path:\n\n/home/zafarzhon/Ð Ð°Ð±Ð¾Ñ‡Ð¸Ð¹ ÑÑ‚Ð¾Ð»/EAT/\n\nThe internal Cypress web server responded with:\n\n  > 404: Not Found\n\nBecause this error occurred during a `before each` hook we are skipping the remaining tests in the current suite: `Checking 'assignement edit ...`\n    at <unknown> (http://localhost:46199/__cypress/runner/cypress_runner.js:131591:76)\n    at visitFailedByErr (http://localhost:46199/__cypress/runner/cypress_runner.js:131006:12)\n    at <unknown> (http://localhost:46199/__cypress/runner/cypress_runner.js:131574:13)\n    at tryCatcher (http://localhost:46199/__cypress/runner/cypress_runner.js:1830:23)\n    at Promise._settlePromiseFromHandler (http://localhost:46199/__cypress/runner/cypress_runner.js:1542:31)\n    at Promise._settlePromise (http://localhost:46199/__cypress/runner/cypress_runner.js:1599:18)\n    at Promise._settlePromise0 (http://localhost:46199/__cypress/runner/cypress_runner.js:1644:10)\n    at Promise._settlePromises (http://localhost:46199/__cypress/runner/cypress_runner.js:1720:18)\n    at _drainQueueStep (http://localhost:46199/__cypress/runner/cypress_runner.js:2430:12)\n    at _drainQueue (http://localhost:46199/__cypress/runner/cypress_runner.js:2423:9)\n    at Async._drainQueues (http://localhost:46199/__cypress/runner/cypress_runner.js:2439:5)\n    at Async.drainQueues (http://localhost:46199/__cypress/runner/cypress_runner.js:2309:14)\nFrom Your Spec Code:\n    at Context.eval (webpack:///./cypress/e2e/general-management/assignement/edit/assignement-edit.cy.js:10:7)","thread":null},"testops_id":null,"title":"\"before each\" hook for \"should find created assignement and edit it\""}
[2025-01-28T18:03:24.852Z] [DEBUG] qase: Config: {"id":"default","mode":"testops","debug":true,"testops":{"api":{"token":"5755502fc3b560881b1ebfa4c910df1b2cbd4dd5025e666ef62a45b251ca0892"},"project":"DEMO","uploadAttachments":true,"run":{"complete":true,"id":1},"plan":{},"batch":{}},"report":{"connections":{"local":{}}}}
[2025-01-28T18:03:25.458Z] [DEBUG] qase: Uploading attachment: /home/zafarzhon/Ð Ð°Ð±Ð¾Ñ‡Ð¸Ð¹ ÑÑ‚Ð¾Ð»/EAT/cypress/screenshots/general-management/assignement/edit/assignement-edit.cy.js/Checking 'assignement edit function' -- should find created assignement and edit it -- before each hook (failed).png
[2025-01-28T18:03:26.559Z] [DEBUG] qase: Transformed result: {"title":"\"before each\" hook for \"should find created assignement and edit it\"","execution":{"status":"failed","start_time":null,"end_time":null,"duration":0,"stacktrace":"CypressError: `cy.visit()` failed trying to load:\n\n/\n\nWe failed looking for this file at the path:\n\n/home/zafarzhon/Ð Ð°Ð±Ð¾Ñ‡Ð¸Ð¹ ÑÑ‚Ð¾Ð»/EAT/\n\nThe internal Cypress web server responded with:\n\n  > 404: Not Found\n\nBecause this error occurred during a `before each` hook we are skipping the remaining tests in the current suite: `Checking 'assignement edit ...`\n    at <unknown> (http://localhost:46199/__cypress/runner/cypress_runner.js:131591:76)\n    at visitFailedByErr (http://localhost:46199/__cypress/runner/cypress_runner.js:131006:12)\n    at <unknown> (http://localhost:46199/__cypress/runner/cypress_runner.js:131574:13)\n    at tryCatcher (http://localhost:46199/__cypress/runner/cypress_runner.js:1830:23)\n    at Promise._settlePromiseFromHandler (http://localhost:46199/__cypress/runner/cypress_runner.js:1542:31)\n    at Promise._settlePromise (http://localhost:46199/__cypress/runner/cypress_runner.js:1599:18)\n    at Promise._settlePromise0 (http://localhost:46199/__cypress/runner/cypress_runner.js:1644:10)\n    at Promise._settlePromises (http://localhost:46199/__cypress/runner/cypress_runner.js:1720:18)\n    at _drainQueueStep (http://localhost:46199/__cypress/runner/cypress_runner.js:2430:12)\n    at _drainQueue (http://localhost:46199/__cypress/runner/cypress_runner.js:2423:9)\n    at Async._drainQueues (http://localhost:46199/__cypress/runner/cypress_runner.js:2439:5)\n    at Async.drainQueues (http://localhost:46199/__cypress/runner/cypress_runner.js:2309:14)\nFrom Your Spec Code:\n    at Context.eval (webpack:///./cypress/e2e/general-management/assignement/edit/assignement-edit.cy.js:10:7)","thread":null},"testops_id":null,"attachments":["bc568a0e84aaed06448142b448635c1fa990ce9a"],"steps":[],"params":{},"param_groups":[],"relations":{"suite":{"data":[{"public_id":null,"title":"Checking 'assignement edit function'"}]}},"message":"`cy.visit()` failed trying to load:\n\n/\n\nWe failed looking for this file at the path:\n\n/home/zafarzhon/Ð Ð°Ð±Ð¾Ñ‡Ð¸Ð¹ ÑÑ‚Ð¾Ð»/EAT/\n\nThe internal Cypress web server responded with:\n\n  > 404: Not Found\n\nBecause this error occurred during a `before each` hook we are skipping the remaining tests in the current suite: `Checking 'assignement edit ...`","fields":{},"defect":false}
[2025-01-28T18:03:27.853Z] [DEBUG] qase: Results sent to Qase: 1
[2025-01-28T18:03:29.999Z] [INFO] qase: [31mTest "before each" hook for "should fill all fields and create fuel-history" failed[39m
[2025-01-28T18:03:30.000Z] [INFO] qase: [34mSee why this test failed: https://app.qase.io/run/DEMO/dashboard/1?source=logs&status=%5B2%5D&search=%22before%20each%22%20hook%20for%20%22should%20fill%20all%20fields%20and%20create%20fuel-history%22[39m
[2025-01-28T18:03:30.000Z] [DEBUG] qase: Adding test result: {"attachments":[{"content":"","id":"faa018c8-edd2-49c4-9dfa-5713f82389e3","mime_type":"image/png","size":0,"file_name":"Login and create fuel-history -- should fill all fields and create fuel-history -- before each hook (failed).png","file_path":"/home/zafarzhon/Ð Ð°Ð±Ð¾Ñ‡Ð¸Ð¹ ÑÑ‚Ð¾Ð»/EAT/cypress/screenshots/general-management/fuel-section/create/fuel-history-create.cy.js/Login and create fuel-history -- should fill all fields and create fuel-history -- before each hook (failed).png"}],"author":null,"fields":{},"message":"`cy.visit()` failed trying to load:\n\n/\n\nWe failed looking for this file at the path:\n\n/home/zafarzhon/Ð Ð°Ð±Ð¾Ñ‡Ð¸Ð¹ ÑÑ‚Ð¾Ð»/EAT/\n\nThe internal Cypress web server responded with:\n\n  > 404: Not Found\n\nBecause this error occurred during a `before each` hook we are skipping the remaining tests in the current suite: `Login and create fuel-history`","muted":false,"params":{},"group_params":{},"relations":{"suite":{"data":[{"title":"Login and create fuel-history","public_id":null}]}},"run_id":null,"signature":"cypress::e2e::general-management::fuel-section::create::fuel-history-create.cy.js::login_and_create_fuel-history::\"before_each\"_hook_for_\"should_fill_all_fields_and_create_fuel-history\"","steps":[],"id":"5111be5e-7cf0-4a6e-8919-401698f47985","execution":{"status":"failed","start_time":null,"end_time":null,"duration":0,"stacktrace":"CypressError: `cy.visit()` failed trying to load:\n\n/\n\nWe failed looking for this file at the path:\n\n/home/zafarzhon/Ð Ð°Ð±Ð¾Ñ‡Ð¸Ð¹ ÑÑ‚Ð¾Ð»/EAT/\n\nThe internal Cypress web server responded with:\n\n  > 404: Not Found\n\nBecause this error occurred during a `before each` hook we are skipping the remaining tests in the current suite: `Login and create fuel-history`\n    at <unknown> (http://localhost:46199/__cypress/runner/cypress_runner.js:131591:76)\n    at visitFailedByErr (http://localhost:46199/__cypress/runner/cypress_runner.js:131006:12)\n    at <unknown> (http://localhost:46199/__cypress/runner/cypress_runner.js:131574:13)\n    at tryCatcher (http://localhost:46199/__cypress/runner/cypress_runner.js:1830:23)\n    at Promise._settlePromiseFromHandler (http://localhost:46199/__cypress/runner/cypress_runner.js:1542:31)\n    at Promise._settlePromise (http://localhost:46199/__cypress/runner/cypress_runner.js:1599:18)\n    at Promise._settlePromise0 (http://localhost:46199/__cypress/runner/cypress_runner.js:1644:10)\n    at Promise._settlePromises (http://localhost:46199/__cypress/runner/cypress_runner.js:1720:18)\n    at _drainQueueStep (http://localhost:46199/__cypress/runner/cypress_runner.js:2430:12)\n    at _drainQueue (http://localhost:46199/__cypress/runner/cypress_runner.js:2423:9)\n    at Async._drainQueues (http://localhost:46199/__cypress/runner/cypress_runner.js:2439:5)\n    at Async.drainQueues (http://localhost:46199/__cypress/runner/cypress_runner.js:2309:14)\nFrom Your Spec Code:\n    at Context.eval (webpack:///./cypress/e2e/general-management/fuel-section/create/fuel-history-create.cy.js:9:7)","thread":null},"testops_id":null,"title":"\"before each\" hook for \"should fill all fields and create fuel-history\""}
[2025-01-28T18:03:30.652Z] [DEBUG] qase: Config: {"id":"default","mode":"testops","debug":true,"testops":{"api":{"token":"5755502fc3b560881b1ebfa4c910df1b2cbd4dd5025e666ef62a45b251ca0892"},"project":"DEMO","uploadAttachments":true,"run":{"complete":true,"id":1},"plan":{},"batch":{}},"report":{"connections":{"local":{}}}}
[2025-01-28T18:03:31.304Z] [DEBUG] qase: Uploading attachment: /home/zafarzhon/Ð Ð°Ð±Ð¾Ñ‡Ð¸Ð¹ ÑÑ‚Ð¾Ð»/EAT/cypress/screenshots/general-management/fuel-section/create/fuel-history-create.cy.js/Login and create fuel-history -- should fill all fields and create fuel-history -- before each hook (failed).png
[2025-01-28T18:03:32.443Z] [DEBUG] qase: Transformed result: {"title":"\"before each\" hook for \"should fill all fields and create fuel-history\"","execution":{"status":"failed","start_time":null,"end_time":null,"duration":0,"stacktrace":"CypressError: `cy.visit()` failed trying to load:\n\n/\n\nWe failed looking for this file at the path:\n\n/home/zafarzhon/Ð Ð°Ð±Ð¾Ñ‡Ð¸Ð¹ ÑÑ‚Ð¾Ð»/EAT/\n\nThe internal Cypress web server responded with:\n\n  > 404: Not Found\n\nBecause this error occurred during a `before each` hook we are skipping the remaining tests in the current suite: `Login and create fuel-history`\n    at <unknown> (http://localhost:46199/__cypress/runner/cypress_runner.js:131591:76)\n    at visitFailedByErr (http://localhost:46199/__cypress/runner/cypress_runner.js:131006:12)\n    at <unknown> (http://localhost:46199/__cypress/runner/cypress_runner.js:131574:13)\n    at tryCatcher (http://localhost:46199/__cypress/runner/cypress_runner.js:1830:23)\n    at Promise._settlePromiseFromHandler (http://localhost:46199/__cypress/runner/cypress_runner.js:1542:31)\n    at Promise._settlePromise (http://localhost:46199/__cypress/runner/cypress_runner.js:1599:18)\n    at Promise._settlePromise0 (http://localhost:46199/__cypress/runner/cypress_runner.js:1644:10)\n    at Promise._settlePromises (http://localhost:46199/__cypress/runner/cypress_runner.js:1720:18)\n    at _drainQueueStep (http://localhost:46199/__cypress/runner/cypress_runner.js:2430:12)\n    at _drainQueue (http://localhost:46199/__cypress/runner/cypress_runner.js:2423:9)\n    at Async._drainQueues (http://localhost:46199/__cypress/runner/cypress_runner.js:2439:5)\n    at Async.drainQueues (http://localhost:46199/__cypress/runner/cypress_runner.js:2309:14)\nFrom Your Spec Code:\n    at Context.eval (webpack:///./cypress/e2e/general-management/fuel-section/create/fuel-history-create.cy.js:9:7)","thread":null},"testops_id":null,"attachments":["62911c0bed3c0c3a0af876c9f3070c80952b9e2c"],"steps":[],"params":{},"param_groups":[],"relations":{"suite":{"data":[{"public_id":null,"title":"Login and create fuel-history"}]}},"message":"`cy.visit()` failed trying to load:\n\n/\n\nWe failed looking for this file at the path:\n\n/home/zafarzhon/Ð Ð°Ð±Ð¾Ñ‡Ð¸Ð¹ ÑÑ‚Ð¾Ð»/EAT/\n\nThe internal Cypress web server responded with:\n\n  > 404: Not Found\n\nBecause this error occurred during a `before each` hook we are skipping the remaining tests in the current suite: `Login and create fuel-history`","fields":{},"defect":false}
[2025-01-28T18:03:33.132Z] [DEBUG] qase: Results sent to Qase: 1
[2025-01-28T18:03:35.285Z] [INFO] qase: [31mTest "before each" hook for "should delete created fuel-history record" failed[39m
[2025-01-28T18:03:35.286Z] [INFO] qase: [34mSee why this test failed: https://app.qase.io/run/DEMO/dashboard/1?source=logs&status=%5B2%5D&search=%22before%20each%22%20hook%20for%20%22should%20delete%20created%20fuel-history%20record%22[39m
[2025-01-28T18:03:35.286Z] [DEBUG] qase: Adding test result: {"attachments":[{"content":"","id":"c950156c-2569-4df2-86fa-8dfc7f8a6273","mime_type":"image/png","size":0,"file_name":"Delete created fuel-history record -- should delete created fuel-history record -- before each hook (failed).png","file_path":"/home/zafarzhon/Ð Ð°Ð±Ð¾Ñ‡Ð¸Ð¹ ÑÑ‚Ð¾Ð»/EAT/cypress/screenshots/general-management/fuel-section/delete/fuel-history-delete.cy.js/Delete created fuel-history record -- should delete created fuel-history record -- before each hook (failed).png"}],"author":null,"fields":{},"message":"`cy.visit()` failed trying to load:\n\n/\n\nWe failed looking for this file at the path:\n\n/home/zafarzhon/Ð Ð°Ð±Ð¾Ñ‡Ð¸Ð¹ ÑÑ‚Ð¾Ð»/EAT/\n\nThe internal Cypress web server responded with:\n\n  > 404: Not Found\n\nBecause this error occurred during a `before each` hook we are skipping the remaining tests in the current suite: `Delete created fuel-history...`","muted":false,"params":{},"group_params":{},"relations":{"suite":{"data":[{"title":"Delete created fuel-history record","public_id":null}]}},"run_id":null,"signature":"cypress::e2e::general-management::fuel-section::delete::fuel-history-delete.cy.js::delete_created_fuel-history_record::\"before_each\"_hook_for_\"should_delete_created_fuel-history_record\"","steps":[],"id":"b627ea44-6153-45c1-b145-b720309e2488","execution":{"status":"failed","start_time":null,"end_time":null,"duration":0,"stacktrace":"CypressError: `cy.visit()` failed trying to load:\n\n/\n\nWe failed looking for this file at the path:\n\n/home/zafarzhon/Ð Ð°Ð±Ð¾Ñ‡Ð¸Ð¹ ÑÑ‚Ð¾Ð»/EAT/\n\nThe internal Cypress web server responded with:\n\n  > 404: Not Found\n\nBecause this error occurred during a `before each` hook we are skipping the remaining tests in the current suite: `Delete created fuel-history...`\n    at <unknown> (http://localhost:46199/__cypress/runner/cypress_runner.js:131591:76)\n    at visitFailedByErr (http://localhost:46199/__cypress/runner/cypress_runner.js:131006:12)\n    at <unknown> (http://localhost:46199/__cypress/runner/cypress_runner.js:131574:13)\n    at tryCatcher (http://localhost:46199/__cypress/runner/cypress_runner.js:1830:23)\n    at Promise._settlePromiseFromHandler (http://localhost:46199/__cypress/runner/cypress_runner.js:1542:31)\n    at Promise._settlePromise (http://localhost:46199/__cypress/runner/cypress_runner.js:1599:18)\n    at Promise._settlePromise0 (http://localhost:46199/__cypress/runner/cypress_runner.js:1644:10)\n    at Promise._settlePromises (http://localhost:46199/__cypress/runner/cypress_runner.js:1720:18)\n    at _drainQueueStep (http://localhost:46199/__cypress/runner/cypress_runner.js:2430:12)\n    at _drainQueue (http://localhost:46199/__cypress/runner/cypress_runner.js:2423:9)\n    at Async._drainQueues (http://localhost:46199/__cypress/runner/cypress_runner.js:2439:5)\n    at Async.drainQueues (http://localhost:46199/__cypress/runner/cypress_runner.js:2309:14)\nFrom Your Spec Code:\n    at Context.eval (webpack:///./cypress/e2e/general-management/fuel-section/delete/fuel-history-delete.cy.js:9:7)","thread":null},"testops_id":null,"title":"\"before each\" hook for \"should delete created fuel-history record\""}
[2025-01-28T18:03:35.898Z] [DEBUG] qase: Config: {"id":"default","mode":"testops","debug":true,"testops":{"api":{"token":"5755502fc3b560881b1ebfa4c910df1b2cbd4dd5025e666ef62a45b251ca0892"},"project":"DEMO","uploadAttachments":true,"run":{"complete":true,"id":1},"plan":{},"batch":{}},"report":{"connections":{"local":{}}}}
[2025-01-28T18:03:36.538Z] [DEBUG] qase: Uploading attachment: /home/zafarzhon/Ð Ð°Ð±Ð¾Ñ‡Ð¸Ð¹ ÑÑ‚Ð¾Ð»/EAT/cypress/screenshots/general-management/fuel-section/delete/fuel-history-delete.cy.js/Delete created fuel-history record -- should delete created fuel-history record -- before each hook (failed).png
[2025-01-28T18:03:37.634Z] [DEBUG] qase: Transformed result: {"title":"\"before each\" hook for \"should delete created fuel-history record\"","execution":{"status":"failed","start_time":null,"end_time":null,"duration":0,"stacktrace":"CypressError: `cy.visit()` failed trying to load:\n\n/\n\nWe failed looking for this file at the path:\n\n/home/zafarzhon/Ð Ð°Ð±Ð¾Ñ‡Ð¸Ð¹ ÑÑ‚Ð¾Ð»/EAT/\n\nThe internal Cypress web server responded with:\n\n  > 404: Not Found\n\nBecause this error occurred during a `before each` hook we are skipping the remaining tests in the current suite: `Delete created fuel-history...`\n    at <unknown> (http://localhost:46199/__cypress/runner/cypress_runner.js:131591:76)\n    at visitFailedByErr (http://localhost:46199/__cypress/runner/cypress_runner.js:131006:12)\n    at <unknown> (http://localhost:46199/__cypress/runner/cypress_runner.js:131574:13)\n    at tryCatcher (http://localhost:46199/__cypress/runner/cypress_runner.js:1830:23)\n    at Promise._settlePromiseFromHandler (http://localhost:46199/__cypress/runner/cypress_runner.js:1542:31)\n    at Promise._settlePromise (http://localhost:46199/__cypress/runner/cypress_runner.js:1599:18)\n    at Promise._settlePromise0 (http://localhost:46199/__cypress/runner/cypress_runner.js:1644:10)\n    at Promise._settlePromises (http://localhost:46199/__cypress/runner/cypress_runner.js:1720:18)\n    at _drainQueueStep (http://localhost:46199/__cypress/runner/cypress_runner.js:2430:12)\n    at _drainQueue (http://localhost:46199/__cypress/runner/cypress_runner.js:2423:9)\n    at Async._drainQueues (http://localhost:46199/__cypress/runner/cypress_runner.js:2439:5)\n    at Async.drainQueues (http://localhost:46199/__cypress/runner/cypress_runner.js:2309:14)\nFrom Your Spec Code:\n    at Context.eval (webpack:///./cypress/e2e/general-management/fuel-section/delete/fuel-history-delete.cy.js:9:7)","thread":null},"testops_id":null,"attachments":["439b5fa847268a183e097b690f46b613739550dd"],"steps":[],"params":{},"param_groups":[],"relations":{"suite":{"data":[{"public_id":null,"title":"Delete created fuel-history record"}]}},"message":"`cy.visit()` failed trying to load:\n\n/\n\nWe failed looking for this file at the path:\n\n/home/zafarzhon/Ð Ð°Ð±Ð¾Ñ‡Ð¸Ð¹ ÑÑ‚Ð¾Ð»/EAT/\n\nThe internal Cypress web server responded with:\n\n  > 404: Not Found\n\nBecause this error occurred during a `before each` hook we are skipping the remaining tests in the current suite: `Delete created fuel-history...`","fields":{},"defect":false}
[2025-01-28T18:03:38.381Z] [DEBUG] qase: Results sent to Qase: 1
[2025-01-28T18:03:40.464Z] [INFO] qase: [31mTest "before each" hook for "should visit to meter-history page, and create manually meter history and check a void checkbox" failed[39m
[2025-01-28T18:03:40.464Z] [INFO] qase: [34mSee why this test failed: https://app.qase.io/run/DEMO/dashboard/1?source=logs&status=%5B2%5D&search=%22before%20each%22%20hook%20for%20%22should%20visit%20to%20meter-history%20page,%20and%20create%20manually%20meter%20history%20and%20check%20a%20void%20checkbox%22[39m
[2025-01-28T18:03:40.465Z] [DEBUG] qase: Adding test result: {"attachments":[{"content":"","id":"d0a4c687-c1f6-46c3-819c-b6a5e0d25b32","mime_type":"image/png","size":0,"file_name":"Test Meter History's create funtion -- should visit to meter-history page, and create manually meter history and check a void checkbox -- before each hook (failed).png","file_path":"/home/zafarzhon/Ð Ð°Ð±Ð¾Ñ‡Ð¸Ð¹ ÑÑ‚Ð¾Ð»/EAT/cypress/screenshots/general-management/meter-history/create/meter_history-create.cy.js/Test Meter History's create funtion -- should visit to meter-history page, and create manually meter history and check a void checkbox -- before each hook (failed).png"}],"author":null,"fields":{},"message":"`cy.visit()` failed trying to load:\n\n/\n\nWe failed looking for this file at the path:\n\n/home/zafarzhon/Ð Ð°Ð±Ð¾Ñ‡Ð¸Ð¹ ÑÑ‚Ð¾Ð»/EAT/\n\nThe internal Cypress web server responded with:\n\n  > 404: Not Found\n\nBecause this error occurred during a `before each` hook we are skipping the remaining tests in the current suite: `Test Meter History's create...`","muted":false,"params":{},"group_params":{},"relations":{"suite":{"data":[{"title":"Test Meter History's create funtion","public_id":null}]}},"run_id":null,"signature":"cypress::e2e::general-management::meter-history::create::meter_history-create.cy.js::test_meter_history's_create_funtion::\"before_each\"_hook_for_\"should_visit_to_meter-history_page,_and_create_manually_meter_history_and_check_a_void_checkbox\"","steps":[],"id":"ad4f47c8-4fb1-41f1-887b-e4ed97c73d75","execution":{"status":"failed","start_time":null,"end_time":null,"duration":0,"stacktrace":"CypressError: `cy.visit()` failed trying to load:\n\n/\n\nWe failed looking for this file at the path:\n\n/home/zafarzhon/Ð Ð°Ð±Ð¾Ñ‡Ð¸Ð¹ ÑÑ‚Ð¾Ð»/EAT/\n\nThe internal Cypress web server responded with:\n\n  > 404: Not Found\n\nBecause this error occurred during a `before each` hook we are skipping the remaining tests in the current suite: `Test Meter History's create...`\n    at <unknown> (http://localhost:46199/__cypress/runner/cypress_runner.js:131591:76)\n    at visitFailedByErr (http://localhost:46199/__cypress/runner/cypress_runner.js:131006:12)\n    at <unknown> (http://localhost:46199/__cypress/runner/cypress_runner.js:131574:13)\n    at tryCatcher (http://localhost:46199/__cypress/runner/cypress_runner.js:1830:23)\n    at Promise._settlePromiseFromHandler (http://localhost:46199/__cypress/runner/cypress_runner.js:1542:31)\n    at Promise._settlePromise (http://localhost:46199/__cypress/runner/cypress_runner.js:1599:18)\n    at Promise._settlePromise0 (http://localhost:46199/__cypress/runner/cypress_runner.js:1644:10)\n    at Promise._settlePromises (http://localhost:46199/__cypress/runner/cypress_runner.js:1720:18)\n    at _drainQueueStep (http://localhost:46199/__cypress/runner/cypress_runner.js:2430:12)\n    at _drainQueue (http://localhost:46199/__cypress/runner/cypress_runner.js:2423:9)\n    at Async._drainQueues (http://localhost:46199/__cypress/runner/cypress_runner.js:2439:5)\n    at Async.drainQueues (http://localhost:46199/__cypress/runner/cypress_runner.js:2309:14)\nFrom Your Spec Code:\n    at Context.eval (webpack:///./cypress/e2e/general-management/meter-history/create/meter_history-create.cy.js:8:7)","thread":null},"testops_id":null,"title":"\"before each\" hook for \"should visit to meter-history page, and create manually meter history and check a void checkbox\""}
[2025-01-28T18:03:41.060Z] [DEBUG] qase: Config: {"id":"default","mode":"testops","debug":true,"testops":{"api":{"token":"5755502fc3b560881b1ebfa4c910df1b2cbd4dd5025e666ef62a45b251ca0892"},"project":"DEMO","uploadAttachments":true,"run":{"complete":true,"id":1},"plan":{},"batch":{}},"report":{"connections":{"local":{}}}}
[2025-01-28T18:03:41.683Z] [DEBUG] qase: Uploading attachment: /home/zafarzhon/Ð Ð°Ð±Ð¾Ñ‡Ð¸Ð¹ ÑÑ‚Ð¾Ð»/EAT/cypress/screenshots/general-management/meter-history/create/meter_history-create.cy.js/Test Meter History's create funtion -- should visit to meter-history page, and create manually meter history and check a void checkbox -- before each hook (failed).png
[2025-01-28T18:04:04.615Z] [DEBUG] qase: Config: {"mode":"testops","debug":true,"testops":{"api":{"token":"5755502fc3b560881b1ebfa4c910df1b2cbd4dd5025e666ef62a45b251ca0892"},"project":"DEMO","uploadAttachments":true,"run":{"complete":true,"id":1},"plan":{},"batch":{}},"framework":{"cypress":{"screenshotsFolder":"cypress/screenshots"}},"frameworkPackage":"cypress","frameworkName":"cypress","reporterName":"cypress-qase-reporter","report":{"connections":{"local":{}}}}
[2025-01-28T18:04:05.283Z] [DEBUG] qase: Starting test run
[2025-01-28T18:04:08.949Z] [DEBUG] qase: Config: {"id":"default","mode":"testops","debug":true,"testops":{"api":{"token":"5755502fc3b560881b1ebfa4c910df1b2cbd4dd5025e666ef62a45b251ca0892"},"project":"DEMO","uploadAttachments":true,"run":{"complete":true,"id":1},"plan":{},"batch":{}},"frameworkPackage":"cypress","frameworkName":"cypress","reporterName":"cypress-qase-reporter","report":{"connections":{"local":{}}}}
[2025-01-28T18:04:09.942Z] [INFO] qase: [31mTest Several ids failed[39m
[2025-01-28T18:04:09.942Z] [INFO] qase: [34mSee why this test failed: https://app.qase.io/run/DEMO/dashboard/1?source=logs&status=%5B2%5D&search=1[39m
[2025-01-28T18:04:09.943Z] [DEBUG] qase: Adding test result: {"attachments":[{"content":"","id":"46477b39-16af-4e62-9906-09c579829b29","mime_type":"image/png","size":0,"file_name":"My First Test -- Several ids (Qase ID 1) (failed).png","file_path":"/home/zafarzhon/Ð Ð°Ð±Ð¾Ñ‡Ð¸Ð¹ ÑÑ‚Ð¾Ð»/EAT/cypress/screenshots/login/login.cy.js/My First Test -- Several ids (Qase ID 1) (failed).png"}],"author":null,"fields":{},"message":"URLs is not defined","muted":false,"params":{},"group_params":{},"relations":{"suite":{"data":[{"title":"My First Test","public_id":null}]}},"run_id":null,"signature":"cypress::e2e::login::login.cy.js::my_first_test::several_ids_(qase_id:_1)::1","steps":[],"id":"d4d322f5-a1cc-4ae0-ac3b-ab246a2aab90","execution":{"status":"failed","start_time":null,"end_time":null,"duration":0,"stacktrace":"ReferenceError: URLs is not defined\n    at Context.eval (webpack:///./cypress/e2e/login/login.cy.js:27:27)","thread":null},"testops_id":[1],"title":"Several ids"}
[2025-01-28T18:04:10.258Z] [INFO] qase: [31mTest Correct test failed[39m
[2025-01-28T18:04:10.258Z] [INFO] qase: [34mSee why this test failed: https://app.qase.io/run/DEMO/dashboard/1?source=logs&status=%5B2%5D&search=2[39m
[2025-01-28T18:04:10.259Z] [INFO] qase: [34mSee why this test failed: https://app.qase.io/run/DEMO/dashboard/1?source=logs&status=%5B2%5D&search=3[39m
[2025-01-28T18:04:10.259Z] [DEBUG] qase: Adding test result: {"attachments":[{"content":"","id":"5a5e4055-91fd-42e9-babb-0b3af66399b5","mime_type":"image/png","size":0,"file_name":"My First Test -- Correct test (Qase ID 2,3) (failed).png","file_path":"/home/zafarzhon/Ð Ð°Ð±Ð¾Ñ‡Ð¸Ð¹ ÑÑ‚Ð¾Ð»/EAT/cypress/screenshots/login/login.cy.js/My First Test -- Correct test (Qase ID 2,3) (failed).png"}],"author":null,"fields":{},"message":"URLs is not defined","muted":false,"params":{},"group_params":{},"relations":{"suite":{"data":[{"title":"My First Test","public_id":null}]}},"run_id":null,"signature":"cypress::e2e::login::login.cy.js::my_first_test::correct_test_(qase_id:_2,3)::2::3","steps":[],"id":"ac5e1090-4a3c-4095-bde9-6a089c574eef","execution":{"status":"failed","start_time":null,"end_time":null,"duration":0,"stacktrace":"ReferenceError: URLs is not defined\n    at Context.eval (webpack:///./cypress/e2e/login/login.cy.js:39:27)","thread":null},"testops_id":[2,3],"title":"Correct test"}
[2025-01-28T18:04:10.296Z] [INFO] qase: [94mTest Skipped test skipped[39m
[2025-01-28T18:04:10.296Z] [DEBUG] qase: Adding test result: {"attachments":[{"content":"","id":"a4ce7474-14a4-42d9-ada5-f5ae6bcc920d","mime_type":"image/png","size":0,"file_name":"My First Test -- Correct test (Qase ID 2,3) (failed).png","file_path":"/home/zafarzhon/Ð Ð°Ð±Ð¾Ñ‡Ð¸Ð¹ ÑÑ‚Ð¾Ð»/EAT/cypress/screenshots/login/login.cy.js/My First Test -- Correct test (Qase ID 2,3) (failed).png"}],"author":null,"fields":{},"message":"","muted":false,"params":{},"group_params":{},"relations":{"suite":{"data":[{"title":"My First Test","public_id":null}]}},"run_id":null,"signature":"cypress::e2e::login::login.cy.js::my_first_test::skipped_test_(qase_id:_4)::4","steps":[],"id":"a07f9428-ed20-434b-8f86-c7e9f811f29a","execution":{"status":"skipped","start_time":null,"end_time":null,"duration":0,"stacktrace":null,"thread":null},"testops_id":[4],"title":"Skipped test"}
[2025-01-28T18:04:10.839Z] [DEBUG] qase: Config: {"id":"default","mode":"testops","debug":true,"testops":{"api":{"token":"5755502fc3b560881b1ebfa4c910df1b2cbd4dd5025e666ef62a45b251ca0892"},"project":"DEMO","uploadAttachments":true,"run":{"complete":true,"id":1},"plan":{},"batch":{}},"report":{"connections":{"local":{}}}}
[2025-01-28T18:04:11.443Z] [DEBUG] qase: Uploading attachment: /home/zafarzhon/Ð Ð°Ð±Ð¾Ñ‡Ð¸Ð¹ ÑÑ‚Ð¾Ð»/EAT/cypress/screenshots/login/login.cy.js/My First Test -- Several ids (Qase ID 1) (failed).png
[2025-01-28T18:04:12.662Z] [DEBUG] qase: Transformed result: {"title":"Several ids","execution":{"status":"failed","start_time":null,"end_time":null,"duration":0,"stacktrace":"ReferenceError: URLs is not defined\n    at Context.eval (webpack:///./cypress/e2e/login/login.cy.js:27:27)","thread":null},"testops_id":1,"attachments":["65cc109cf60f33cf30dbf28c717705f39735ae35"],"steps":[],"params":{},"param_groups":[],"relations":{"suite":{"data":[{"public_id":null,"title":"My First Test"}]}},"message":"URLs is not defined","fields":{},"defect":false}
[2025-01-28T18:04:12.662Z] [DEBUG] qase: Uploading attachment: /home/zafarzhon/Ð Ð°Ð±Ð¾Ñ‡Ð¸Ð¹ ÑÑ‚Ð¾Ð»/EAT/cypress/screenshots/login/login.cy.js/My First Test -- Correct test (Qase ID 2,3) (failed).png
[2025-01-28T18:04:13.855Z] [DEBUG] qase: Transformed result: {"title":"Correct test","execution":{"status":"failed","start_time":null,"end_time":null,"duration":0,"stacktrace":"ReferenceError: URLs is not defined\n    at Context.eval (webpack:///./cypress/e2e/login/login.cy.js:39:27)","thread":null},"testops_id":2,"attachments":["6c949d2825439b62e3916bfb195ee16c02798cde"],"steps":[],"params":{},"param_groups":[],"relations":{"suite":{"data":[{"public_id":null,"title":"My First Test"}]}},"message":"URLs is not defined","fields":{},"defect":false}
[2025-01-28T18:04:13.856Z] [DEBUG] qase: Uploading attachment: /home/zafarzhon/Ð Ð°Ð±Ð¾Ñ‡Ð¸Ð¹ ÑÑ‚Ð¾Ð»/EAT/cypress/screenshots/login/login.cy.js/My First Test -- Correct test (Qase ID 2,3) (failed).png
[2025-01-28T18:04:15.095Z] [DEBUG] qase: Transformed result: {"title":"Correct test","execution":{"status":"failed","start_time":null,"end_time":null,"duration":0,"stacktrace":"ReferenceError: URLs is not defined\n    at Context.eval (webpack:///./cypress/e2e/login/login.cy.js:39:27)","thread":null},"testops_id":3,"attachments":["a52110def2d56e0448070747faa61fc7b9d806d2"],"steps":[],"params":{},"param_groups":[],"relations":{"suite":{"data":[{"public_id":null,"title":"My First Test"}]}},"message":"URLs is not defined","fields":{},"defect":false}
[2025-01-28T18:04:15.096Z] [DEBUG] qase: Uploading attachment: /home/zafarzhon/Ð Ð°Ð±Ð¾Ñ‡Ð¸Ð¹ ÑÑ‚Ð¾Ð»/EAT/cypress/screenshots/login/login.cy.js/My First Test -- Correct test (Qase ID 2,3) (failed).png
[2025-01-28T18:04:16.361Z] [DEBUG] qase: Transformed result: {"title":"Skipped test","execution":{"status":"skipped","start_time":null,"end_time":null,"duration":0,"stacktrace":null,"thread":null},"testops_id":4,"attachments":["d602bb60435bc411ff847a79d8648347d0059272"],"steps":[],"params":{},"param_groups":[],"relations":{"suite":{"data":[{"public_id":null,"title":"My First Test"}]}},"message":"","fields":{},"defect":false}
[2025-01-28T18:04:17.114Z] [DEBUG] qase: Results sent to Qase: 4
[2025-01-28T18:04:29.199Z] [INFO] qase: [32mTest Visits a webpage and checks the heading passed[39m
[2025-01-28T18:04:29.199Z] [DEBUG] qase: Adding test result: {"attachments":[],"author":null,"fields":{},"message":"","muted":false,"params":{},"group_params":{},"relations":{"suite":{"data":[{"title":"Simple Cypress Test","public_id":null}]}},"run_id":null,"signature":"cypress::e2e::test::qase1.cy.js::simple_cypress_test::visits_a_webpage_and_checks_the_heading","steps":[],"id":"ccfc06dc-af79-4751-b3e2-6ae685029d10","execution":{"status":"passed","start_time":null,"end_time":null,"duration":7451,"stacktrace":null,"thread":null},"testops_id":null,"title":"Visits a webpage and checks the heading"}
[2025-01-28T18:04:29.837Z] [DEBUG] qase: Config: {"id":"default","mode":"testops","debug":true,"testops":{"api":{"token":"5755502fc3b560881b1ebfa4c910df1b2cbd4dd5025e666ef62a45b251ca0892"},"project":"DEMO","uploadAttachments":true,"run":{"complete":true,"id":1},"plan":{},"batch":{}},"report":{"connections":{"local":{}}}}
[2025-01-28T18:04:30.445Z] [DEBUG] qase: Transformed result: {"title":"Visits a webpage and checks the heading","execution":{"status":"passed","start_time":null,"end_time":null,"duration":7451,"stacktrace":null,"thread":null},"testops_id":null,"attachments":[],"steps":[],"params":{},"param_groups":[],"relations":{"suite":{"data":[{"public_id":null,"title":"Simple Cypress Test"}]}},"message":"","fields":{},"defect":false}
[2025-01-28T18:04:31.270Z] [DEBUG] qase: Results sent to Qase: 1
[2025-01-28T18:04:33.585Z] [INFO] qase: [31mTest "before each" hook for "should fill all fields and create assignement" failed[39m
[2025-01-28T18:04:33.585Z] [INFO] qase: [34mSee why this test failed: https://app.qase.io/run/DEMO/dashboard/1?source=logs&status=%5B2%5D&search=%22before%20each%22%20hook%20for%20%22should%20fill%20all%20fields%20and%20create%20assignement%22[39m
[2025-01-28T18:04:33.586Z] [DEBUG] qase: Adding test result: {"attachments":[{"content":"","id":"ab4542fb-8039-4f98-99e2-b967b6185cd1","mime_type":"image/png","size":0,"file_name":"Checking 'assignement create function' -- should fill all fields and create assignement -- before each hook (failed).png","file_path":"/home/zafarzhon/Ð Ð°Ð±Ð¾Ñ‡Ð¸Ð¹ ÑÑ‚Ð¾Ð»/EAT/cypress/screenshots/general-management/assignement/create/assignement-create.cy.js/Checking 'assignement create function' -- should fill all fields and create assignement -- before each hook (failed).png"}],"author":null,"fields":{},"message":"`cy.visit()` failed trying to load:\n\n/\n\nWe failed looking for this file at the path:\n\n/home/zafarzhon/Ð Ð°Ð±Ð¾Ñ‡Ð¸Ð¹ ÑÑ‚Ð¾Ð»/EAT/\n\nThe internal Cypress web server responded with:\n\n  > 404: Not Found\n\nBecause this error occurred during a `before each` hook we are skipping the remaining tests in the current suite: `Checking 'assignement creat...`","muted":false,"params":{},"group_params":{},"relations":{"suite":{"data":[{"title":"Checking 'assignement create function'","public_id":null}]}},"run_id":null,"signature":"cypress::e2e::general-management::assignement::create::assignement-create.cy.js::checking_'assignement_create_function'::\"before_each\"_hook_for_\"should_fill_all_fields_and_create_assignement\"","steps":[],"id":"8bc2d1b7-26d0-4e77-b300-ce1ae326eba8","execution":{"status":"failed","start_time":null,"end_time":null,"duration":0,"stacktrace":"CypressError: `cy.visit()` failed trying to load:\n\n/\n\nWe failed looking for this file at the path:\n\n/home/zafarzhon/Ð Ð°Ð±Ð¾Ñ‡Ð¸Ð¹ ÑÑ‚Ð¾Ð»/EAT/\n\nThe internal Cypress web server responded with:\n\n  > 404: Not Found\n\nBecause this error occurred during a `before each` hook we are skipping the remaining tests in the current suite: `Checking 'assignement creat...`\n    at <unknown> (http://localhost:33593/__cypress/runner/cypress_runner.js:131591:76)\n    at visitFailedByErr (http://localhost:33593/__cypress/runner/cypress_runner.js:131006:12)\n    at <unknown> (http://localhost:33593/__cypress/runner/cypress_runner.js:131574:13)\n    at tryCatcher (http://localhost:33593/__cypress/runner/cypress_runner.js:1830:23)\n    at Promise._settlePromiseFromHandler (http://localhost:33593/__cypress/runner/cypress_runner.js:1542:31)\n    at Promise._settlePromise (http://localhost:33593/__cypress/runner/cypress_runner.js:1599:18)\n    at Promise._settlePromise0 (http://localhost:33593/__cypress/runner/cypress_runner.js:1644:10)\n    at Promise._settlePromises (http://localhost:33593/__cypress/runner/cypress_runner.js:1720:18)\n    at _drainQueueStep (http://localhost:33593/__cypress/runner/cypress_runner.js:2430:12)\n    at _drainQueue (http://localhost:33593/__cypress/runner/cypress_runner.js:2423:9)\n    at Async._drainQueues (http://localhost:33593/__cypress/runner/cypress_runner.js:2439:5)\n    at Async.drainQueues (http://localhost:33593/__cypress/runner/cypress_runner.js:2309:14)\nFrom Your Spec Code:\n    at Context.eval (webpack:///./cypress/e2e/general-management/assignement/create/assignement-create.cy.js:10:7)","thread":null},"testops_id":null,"title":"\"before each\" hook for \"should fill all fields and create assignement\""}
[2025-01-28T18:04:34.157Z] [DEBUG] qase: Config: {"id":"default","mode":"testops","debug":true,"testops":{"api":{"token":"5755502fc3b560881b1ebfa4c910df1b2cbd4dd5025e666ef62a45b251ca0892"},"project":"DEMO","uploadAttachments":true,"run":{"complete":true,"id":1},"plan":{},"batch":{}},"report":{"connections":{"local":{}}}}
[2025-01-28T18:04:34.767Z] [DEBUG] qase: Uploading attachment: /home/zafarzhon/Ð Ð°Ð±Ð¾Ñ‡Ð¸Ð¹ ÑÑ‚Ð¾Ð»/EAT/cypress/screenshots/general-management/assignement/create/assignement-create.cy.js/Checking 'assignement create function' -- should fill all fields and create assignement -- before each hook (failed).png
[2025-01-28T18:04:35.873Z] [DEBUG] qase: Transformed result: {"title":"\"before each\" hook for \"should fill all fields and create assignement\"","execution":{"status":"failed","start_time":null,"end_time":null,"duration":0,"stacktrace":"CypressError: `cy.visit()` failed trying to load:\n\n/\n\nWe failed looking for this file at the path:\n\n/home/zafarzhon/Ð Ð°Ð±Ð¾Ñ‡Ð¸Ð¹ ÑÑ‚Ð¾Ð»/EAT/\n\nThe internal Cypress web server responded with:\n\n  > 404: Not Found\n\nBecause this error occurred during a `before each` hook we are skipping the remaining tests in the current suite: `Checking 'assignement creat...`\n    at <unknown> (http://localhost:33593/__cypress/runner/cypress_runner.js:131591:76)\n    at visitFailedByErr (http://localhost:33593/__cypress/runner/cypress_runner.js:131006:12)\n    at <unknown> (http://localhost:33593/__cypress/runner/cypress_runner.js:131574:13)\n    at tryCatcher (http://localhost:33593/__cypress/runner/cypress_runner.js:1830:23)\n    at Promise._settlePromiseFromHandler (http://localhost:33593/__cypress/runner/cypress_runner.js:1542:31)\n    at Promise._settlePromise (http://localhost:33593/__cypress/runner/cypress_runner.js:1599:18)\n    at Promise._settlePromise0 (http://localhost:33593/__cypress/runner/cypress_runner.js:1644:10)\n    at Promise._settlePromises (http://localhost:33593/__cypress/runner/cypress_runner.js:1720:18)\n    at _drainQueueStep (http://localhost:33593/__cypress/runner/cypress_runner.js:2430:12)\n    at _drainQueue (http://localhost:33593/__cypress/runner/cypress_runner.js:2423:9)\n    at Async._drainQueues (http://localhost:33593/__cypress/runner/cypress_runner.js:2439:5)\n    at Async.drainQueues (http://localhost:33593/__cypress/runner/cypress_runner.js:2309:14)\nFrom Your Spec Code:\n    at Context.eval (webpack:///./cypress/e2e/general-management/assignement/create/assignement-create.cy.js:10:7)","thread":null},"testops_id":null,"attachments":["62ee1417bd9aedc7ab11e728ae3b4fe6a678603a"],"steps":[],"params":{},"param_groups":[],"relations":{"suite":{"data":[{"public_id":null,"title":"Checking 'assignement create function'"}]}},"message":"`cy.visit()` failed trying to load:\n\n/\n\nWe failed looking for this file at the path:\n\n/home/zafarzhon/Ð Ð°Ð±Ð¾Ñ‡Ð¸Ð¹ ÑÑ‚Ð¾Ð»/EAT/\n\nThe internal Cypress web server responded with:\n\n  > 404: Not Found\n\nBecause this error occurred during a `before each` hook we are skipping the remaining tests in the current suite: `Checking 'assignement creat...`","fields":{},"defect":false}
[2025-01-28T18:04:41.569Z] [DEBUG] qase: Results sent to Qase: 1
[2025-01-28T18:04:43.699Z] [INFO] qase: [31mTest "before each" hook for "should find created assignement and edit it" failed[39m
[2025-01-28T18:04:43.700Z] [INFO] qase: [34mSee why this test failed: https://app.qase.io/run/DEMO/dashboard/1?source=logs&status=%5B2%5D&search=%22before%20each%22%20hook%20for%20%22should%20find%20created%20assignement%20and%20edit%20it%22[39m
[2025-01-28T18:04:43.700Z] [DEBUG] qase: Adding test result: {"attachments":[{"content":"","id":"61ac312e-5e27-49c3-b8b6-97f58b218ec9","mime_type":"image/png","size":0,"file_name":"Checking 'assignement edit function' -- should find created assignement and edit it -- before each hook (failed).png","file_path":"/home/zafarzhon/Ð Ð°Ð±Ð¾Ñ‡Ð¸Ð¹ ÑÑ‚Ð¾Ð»/EAT/cypress/screenshots/general-management/assignement/edit/assignement-edit.cy.js/Checking 'assignement edit function' -- should find created assignement and edit it -- before each hook (failed).png"}],"author":null,"fields":{},"message":"`cy.visit()` failed trying to load:\n\n/\n\nWe failed looking for this file at the path:\n\n/home/zafarzhon/Ð Ð°Ð±Ð¾Ñ‡Ð¸Ð¹ ÑÑ‚Ð¾Ð»/EAT/\n\nThe internal Cypress web server responded with:\n\n  > 404: Not Found\n\nBecause this error occurred during a `before each` hook we are skipping the remaining tests in the current suite: `Checking 'assignement edit ...`","muted":false,"params":{},"group_params":{},"relations":{"suite":{"data":[{"title":"Checking 'assignement edit function'","public_id":null}]}},"run_id":null,"signature":"cypress::e2e::general-management::assignement::edit::assignement-edit.cy.js::checking_'assignement_edit_function'::\"before_each\"_hook_for_\"should_find_created_assignement_and_edit_it\"","steps":[],"id":"ea1209e9-eff7-4e1d-aa83-bb028b6c1a9f","execution":{"status":"failed","start_time":null,"end_time":null,"duration":0,"stacktrace":"CypressError: `cy.visit()` failed trying to load:\n\n/\n\nWe failed looking for this file at the path:\n\n/home/zafarzhon/Ð Ð°Ð±Ð¾Ñ‡Ð¸Ð¹ ÑÑ‚Ð¾Ð»/EAT/\n\nThe internal Cypress web server responded with:\n\n  > 404: Not Found\n\nBecause this error occurred during a `before each` hook we are skipping the remaining tests in the current suite: `Checking 'assignement edit ...`\n    at <unknown> (http://localhost:33593/__cypress/runner/cypress_runner.js:131591:76)\n    at visitFailedByErr (http://localhost:33593/__cypress/runner/cypress_runner.js:131006:12)\n    at <unknown> (http://localhost:33593/__cypress/runner/cypress_runner.js:131574:13)\n    at tryCatcher (http://localhost:33593/__cypress/runner/cypress_runner.js:1830:23)\n    at Promise._settlePromiseFromHandler (http://localhost:33593/__cypress/runner/cypress_runner.js:1542:31)\n    at Promise._settlePromise (http://localhost:33593/__cypress/runner/cypress_runner.js:1599:18)\n    at Promise._settlePromise0 (http://localhost:33593/__cypress/runner/cypress_runner.js:1644:10)\n    at Promise._settlePromises (http://localhost:33593/__cypress/runner/cypress_runner.js:1720:18)\n    at _drainQueueStep (http://localhost:33593/__cypress/runner/cypress_runner.js:2430:12)\n    at _drainQueue (http://localhost:33593/__cypress/runner/cypress_runner.js:2423:9)\n    at Async._drainQueues (http://localhost:33593/__cypress/runner/cypress_runner.js:2439:5)\n    at Async.drainQueues (http://localhost:33593/__cypress/runner/cypress_runner.js:2309:14)\nFrom Your Spec Code:\n    at Context.eval (webpack:///./cypress/e2e/general-management/assignement/edit/assignement-edit.cy.js:10:7)","thread":null},"testops_id":null,"title":"\"before each\" hook for \"should find created assignement and edit it\""}
[2025-01-28T18:04:44.326Z] [DEBUG] qase: Config: {"id":"default","mode":"testops","debug":true,"testops":{"api":{"token":"5755502fc3b560881b1ebfa4c910df1b2cbd4dd5025e666ef62a45b251ca0892"},"project":"DEMO","uploadAttachments":true,"run":{"complete":true,"id":1},"plan":{},"batch":{}},"report":{"connections":{"local":{}}}}
[2025-01-28T18:04:45.037Z] [DEBUG] qase: Uploading attachment: /home/zafarzhon/Ð Ð°Ð±Ð¾Ñ‡Ð¸Ð¹ ÑÑ‚Ð¾Ð»/EAT/cypress/screenshots/general-management/assignement/edit/assignement-edit.cy.js/Checking 'assignement edit function' -- should find created assignement and edit it -- before each hook (failed).png
[2025-01-28T18:04:46.264Z] [DEBUG] qase: Transformed result: {"title":"\"before each\" hook for \"should find created assignement and edit it\"","execution":{"status":"failed","start_time":null,"end_time":null,"duration":0,"stacktrace":"CypressError: `cy.visit()` failed trying to load:\n\n/\n\nWe failed looking for this file at the path:\n\n/home/zafarzhon/Ð Ð°Ð±Ð¾Ñ‡Ð¸Ð¹ ÑÑ‚Ð¾Ð»/EAT/\n\nThe internal Cypress web server responded with:\n\n  > 404: Not Found\n\nBecause this error occurred during a `before each` hook we are skipping the remaining tests in the current suite: `Checking 'assignement edit ...`\n    at <unknown> (http://localhost:33593/__cypress/runner/cypress_runner.js:131591:76)\n    at visitFailedByErr (http://localhost:33593/__cypress/runner/cypress_runner.js:131006:12)\n    at <unknown> (http://localhost:33593/__cypress/runner/cypress_runner.js:131574:13)\n    at tryCatcher (http://localhost:33593/__cypress/runner/cypress_runner.js:1830:23)\n    at Promise._settlePromiseFromHandler (http://localhost:33593/__cypress/runner/cypress_runner.js:1542:31)\n    at Promise._settlePromise (http://localhost:33593/__cypress/runner/cypress_runner.js:1599:18)\n    at Promise._settlePromise0 (http://localhost:33593/__cypress/runner/cypress_runner.js:1644:10)\n    at Promise._settlePromises (http://localhost:33593/__cypress/runner/cypress_runner.js:1720:18)\n    at _drainQueueStep (http://localhost:33593/__cypress/runner/cypress_runner.js:2430:12)\n    at _drainQueue (http://localhost:33593/__cypress/runner/cypress_runner.js:2423:9)\n    at Async._drainQueues (http://localhost:33593/__cypress/runner/cypress_runner.js:2439:5)\n    at Async.drainQueues (http://localhost:33593/__cypress/runner/cypress_runner.js:2309:14)\nFrom Your Spec Code:\n    at Context.eval (webpack:///./cypress/e2e/general-management/assignement/edit/assignement-edit.cy.js:10:7)","thread":null},"testops_id":null,"attachments":["4adb0a01298391f64f8ae95f9c62102ab770890b"],"steps":[],"params":{},"param_groups":[],"relations":{"suite":{"data":[{"public_id":null,"title":"Checking 'assignement edit function'"}]}},"message":"`cy.visit()` failed trying to load:\n\n/\n\nWe failed looking for this file at the path:\n\n/home/zafarzhon/Ð Ð°Ð±Ð¾Ñ‡Ð¸Ð¹ ÑÑ‚Ð¾Ð»/EAT/\n\nThe internal Cypress web server responded with:\n\n  > 404: Not Found\n\nBecause this error occurred during a `before each` hook we are skipping the remaining tests in the current suite: `Checking 'assignement edit ...`","fields":{},"defect":false}
[2025-01-28T18:04:46.955Z] [DEBUG] qase: Results sent to Qase: 1
[2025-01-28T18:05:25.832Z] [DEBUG] qase: Config: {"mode":"testops","debug":true,"testops":{"api":{"token":"5755502fc3b560881b1ebfa4c910df1b2cbd4dd5025e666ef62a45b251ca0892"},"project":"DEMO","uploadAttachments":true,"run":{"complete":true,"id":1},"plan":{},"batch":{}},"framework":{"cypress":{"screenshotsFolder":"cypress/screenshots"}},"frameworkPackage":"cypress","frameworkName":"cypress","reporterName":"cypress-qase-reporter","report":{"connections":{"local":{}}}}
[2025-01-28T18:05:26.445Z] [DEBUG] qase: Starting test run
[2025-01-28T18:05:30.114Z] [DEBUG] qase: Config: {"id":"default","mode":"testops","debug":true,"testops":{"api":{"token":"5755502fc3b560881b1ebfa4c910df1b2cbd4dd5025e666ef62a45b251ca0892"},"project":"DEMO","uploadAttachments":true,"run":{"complete":true,"id":1},"plan":{},"batch":{}},"frameworkPackage":"cypress","frameworkName":"cypress","reporterName":"cypress-qase-reporter","report":{"connections":{"local":{}}}}
[2025-01-28T18:05:31.140Z] [INFO] qase: [31mTest Several ids failed[39m
[2025-01-28T18:05:31.140Z] [INFO] qase: [34mSee why this test failed: https://app.qase.io/run/DEMO/dashboard/1?source=logs&status=%5B2%5D&search=1[39m
[2025-01-28T18:05:31.141Z] [DEBUG] qase: Adding test result: {"attachments":[{"content":"","id":"1b150bc4-ea43-4659-8b08-5ea9ef3288ef","mime_type":"image/png","size":0,"file_name":"My First Test -- Several ids (Qase ID 1) (failed).png","file_path":"/home/zafarzhon/Ð Ð°Ð±Ð¾Ñ‡Ð¸Ð¹ ÑÑ‚Ð¾Ð»/EAT/cypress/screenshots/login/login.cy.js/My First Test -- Several ids (Qase ID 1) (failed).png"}],"author":null,"fields":{},"message":"URLs is not defined","muted":false,"params":{},"group_params":{},"relations":{"suite":{"data":[{"title":"My First Test","public_id":null}]}},"run_id":null,"signature":"cypress::e2e::login::login.cy.js::my_first_test::several_ids_(qase_id:_1)::1","steps":[],"id":"668724eb-c91a-497e-96b7-359a827a177b","execution":{"status":"failed","start_time":null,"end_time":null,"duration":0,"stacktrace":"ReferenceError: URLs is not defined\n    at Context.eval (webpack:///./cypress/e2e/login/login.cy.js:27:27)","thread":null},"testops_id":[1],"title":"Several ids"}
[2025-01-28T18:05:31.483Z] [INFO] qase: [31mTest Correct test failed[39m
[2025-01-28T18:05:31.483Z] [INFO] qase: [34mSee why this test failed: https://app.qase.io/run/DEMO/dashboard/1?source=logs&status=%5B2%5D&search=2[39m
[2025-01-28T18:05:31.483Z] [INFO] qase: [34mSee why this test failed: https://app.qase.io/run/DEMO/dashboard/1?source=logs&status=%5B2%5D&search=3[39m
[2025-01-28T18:05:31.484Z] [DEBUG] qase: Adding test result: {"attachments":[{"content":"","id":"a7674f3f-da57-4a64-af86-d80b7e19fad7","mime_type":"image/png","size":0,"file_name":"My First Test -- Correct test (Qase ID 2,3) (failed).png","file_path":"/home/zafarzhon/Ð Ð°Ð±Ð¾Ñ‡Ð¸Ð¹ ÑÑ‚Ð¾Ð»/EAT/cypress/screenshots/login/login.cy.js/My First Test -- Correct test (Qase ID 2,3) (failed).png"}],"author":null,"fields":{},"message":"URLs is not defined","muted":false,"params":{},"group_params":{},"relations":{"suite":{"data":[{"title":"My First Test","public_id":null}]}},"run_id":null,"signature":"cypress::e2e::login::login.cy.js::my_first_test::correct_test_(qase_id:_2,3)::2::3","steps":[],"id":"28d4691c-8362-490b-8100-7c7a40a73e1e","execution":{"status":"failed","start_time":null,"end_time":null,"duration":0,"stacktrace":"ReferenceError: URLs is not defined\n    at Context.eval (webpack:///./cypress/e2e/login/login.cy.js:39:27)","thread":null},"testops_id":[2,3],"title":"Correct test"}
[2025-01-28T18:05:31.515Z] [INFO] qase: [94mTest Skipped test skipped[39m
[2025-01-28T18:05:31.515Z] [DEBUG] qase: Adding test result: {"attachments":[{"content":"","id":"b007fb2d-52ab-4604-bd92-97fcc417e359","mime_type":"image/png","size":0,"file_name":"My First Test -- Correct test (Qase ID 2,3) (failed).png","file_path":"/home/zafarzhon/Ð Ð°Ð±Ð¾Ñ‡Ð¸Ð¹ ÑÑ‚Ð¾Ð»/EAT/cypress/screenshots/login/login.cy.js/My First Test -- Correct test (Qase ID 2,3) (failed).png"}],"author":null,"fields":{},"message":"","muted":false,"params":{},"group_params":{},"relations":{"suite":{"data":[{"title":"My First Test","public_id":null}]}},"run_id":null,"signature":"cypress::e2e::login::login.cy.js::my_first_test::skipped_test_(qase_id:_4)::4","steps":[],"id":"a4626f0a-399a-4e53-91a6-5b3f49e18762","execution":{"status":"skipped","start_time":null,"end_time":null,"duration":0,"stacktrace":null,"thread":null},"testops_id":[4],"title":"Skipped test"}
[2025-01-28T18:05:32.058Z] [DEBUG] qase: Config: {"id":"default","mode":"testops","debug":true,"testops":{"api":{"token":"5755502fc3b560881b1ebfa4c910df1b2cbd4dd5025e666ef62a45b251ca0892"},"project":"DEMO","uploadAttachments":true,"run":{"complete":true,"id":1},"plan":{},"batch":{}},"report":{"connections":{"local":{}}}}
[2025-01-28T18:05:32.672Z] [DEBUG] qase: Uploading attachment: /home/zafarzhon/Ð Ð°Ð±Ð¾Ñ‡Ð¸Ð¹ ÑÑ‚Ð¾Ð»/EAT/cypress/screenshots/login/login.cy.js/My First Test -- Several ids (Qase ID 1) (failed).png
[2025-01-28T18:05:33.891Z] [DEBUG] qase: Transformed result: {"title":"Several ids","execution":{"status":"failed","start_time":null,"end_time":null,"duration":0,"stacktrace":"ReferenceError: URLs is not defined\n    at Context.eval (webpack:///./cypress/e2e/login/login.cy.js:27:27)","thread":null},"testops_id":1,"attachments":["eab0aa736f353efff04a34c8db20db43630fb3c0"],"steps":[],"params":{},"param_groups":[],"relations":{"suite":{"data":[{"public_id":null,"title":"My First Test"}]}},"message":"URLs is not defined","fields":{},"defect":false}
[2025-01-28T18:05:33.891Z] [DEBUG] qase: Uploading attachment: /home/zafarzhon/Ð Ð°Ð±Ð¾Ñ‡Ð¸Ð¹ ÑÑ‚Ð¾Ð»/EAT/cypress/screenshots/login/login.cy.js/My First Test -- Correct test (Qase ID 2,3) (failed).png
[2025-01-28T18:05:35.077Z] [DEBUG] qase: Transformed result: {"title":"Correct test","execution":{"status":"failed","start_time":null,"end_time":null,"duration":0,"stacktrace":"ReferenceError: URLs is not defined\n    at Context.eval (webpack:///./cypress/e2e/login/login.cy.js:39:27)","thread":null},"testops_id":2,"attachments":["0eeed497f8c7a51a5eb7945fbd9ff2cf679e8aee"],"steps":[],"params":{},"param_groups":[],"relations":{"suite":{"data":[{"public_id":null,"title":"My First Test"}]}},"message":"URLs is not defined","fields":{},"defect":false}
[2025-01-28T18:05:35.077Z] [DEBUG] qase: Uploading attachment: /home/zafarzhon/Ð Ð°Ð±Ð¾Ñ‡Ð¸Ð¹ ÑÑ‚Ð¾Ð»/EAT/cypress/screenshots/login/login.cy.js/My First Test -- Correct test (Qase ID 2,3) (failed).png
[2025-01-28T18:05:36.601Z] [DEBUG] qase: Transformed result: {"title":"Correct test","execution":{"status":"failed","start_time":null,"end_time":null,"duration":0,"stacktrace":"ReferenceError: URLs is not defined\n    at Context.eval (webpack:///./cypress/e2e/login/login.cy.js:39:27)","thread":null},"testops_id":3,"attachments":["766d9bf1f9d6a66f11a225671a50288e6ec374a7"],"steps":[],"params":{},"param_groups":[],"relations":{"suite":{"data":[{"public_id":null,"title":"My First Test"}]}},"message":"URLs is not defined","fields":{},"defect":false}
[2025-01-28T18:05:36.601Z] [DEBUG] qase: Uploading attachment: /home/zafarzhon/Ð Ð°Ð±Ð¾Ñ‡Ð¸Ð¹ ÑÑ‚Ð¾Ð»/EAT/cypress/screenshots/login/login.cy.js/My First Test -- Correct test (Qase ID 2,3) (failed).png
[2025-01-28T18:05:37.776Z] [DEBUG] qase: Transformed result: {"title":"Skipped test","execution":{"status":"skipped","start_time":null,"end_time":null,"duration":0,"stacktrace":null,"thread":null},"testops_id":4,"attachments":["321054ae3c155ace79412e09a69dc14ea79f7114"],"steps":[],"params":{},"param_groups":[],"relations":{"suite":{"data":[{"public_id":null,"title":"My First Test"}]}},"message":"","fields":{},"defect":false}
[2025-01-28T18:05:38.537Z] [DEBUG] qase: Results sent to Qase: 4
[2025-01-28T18:05:49.475Z] [INFO] qase: [32mTest Visits a webpage and checks the heading passed[39m
[2025-01-28T18:05:49.476Z] [DEBUG] qase: Adding test result: {"attachments":[],"author":null,"fields":{},"message":"","muted":false,"params":{},"group_params":{},"relations":{"suite":{"data":[{"title":"Simple Cypress Test","public_id":null}]}},"run_id":null,"signature":"cypress::e2e::test::qase1.cy.js::simple_cypress_test::visits_a_webpage_and_checks_the_heading","steps":[],"id":"13338d06-990b-40ac-9dc6-eed5b0a32b69","execution":{"status":"passed","start_time":null,"end_time":null,"duration":6240,"stacktrace":null,"thread":null},"testops_id":null,"title":"Visits a webpage and checks the heading"}
[2025-01-28T18:05:50.009Z] [DEBUG] qase: Config: {"id":"default","mode":"testops","debug":true,"testops":{"api":{"token":"5755502fc3b560881b1ebfa4c910df1b2cbd4dd5025e666ef62a45b251ca0892"},"project":"DEMO","uploadAttachments":true,"run":{"complete":true,"id":1},"plan":{},"batch":{}},"report":{"connections":{"local":{}}}}
[2025-01-28T18:05:50.644Z] [DEBUG] qase: Transformed result: {"title":"Visits a webpage and checks the heading","execution":{"status":"passed","start_time":null,"end_time":null,"duration":6240,"stacktrace":null,"thread":null},"testops_id":null,"attachments":[],"steps":[],"params":{},"param_groups":[],"relations":{"suite":{"data":[{"public_id":null,"title":"Simple Cypress Test"}]}},"message":"","fields":{},"defect":false}
[2025-01-28T18:05:51.543Z] [DEBUG] qase: Results sent to Qase: 1
[2025-01-28T18:05:53.787Z] [INFO] qase: [31mTest "before each" hook for "should fill all fields and create assignement" failed[39m
[2025-01-28T18:05:53.787Z] [INFO] qase: [34mSee why this test failed: https://app.qase.io/run/DEMO/dashboard/1?source=logs&status=%5B2%5D&search=%22before%20each%22%20hook%20for%20%22should%20fill%20all%20fields%20and%20create%20assignement%22[39m
[2025-01-28T18:05:53.787Z] [DEBUG] qase: Adding test result: {"attachments":[{"content":"","id":"00aa097a-b4a6-4ccb-97b5-a98a5bca8a43","mime_type":"image/png","size":0,"file_name":"Checking 'assignement create function' -- should fill all fields and create assignement -- before each hook (failed).png","file_path":"/home/zafarzhon/Ð Ð°Ð±Ð¾Ñ‡Ð¸Ð¹ ÑÑ‚Ð¾Ð»/EAT/cypress/screenshots/general-management/assignement/create/assignement-create.cy.js/Checking 'assignement create function' -- should fill all fields and create assignement -- before each hook (failed).png"}],"author":null,"fields":{},"message":"`cy.visit()` failed trying to load:\n\n/\n\nWe failed looking for this file at the path:\n\n/home/zafarzhon/Ð Ð°Ð±Ð¾Ñ‡Ð¸Ð¹ ÑÑ‚Ð¾Ð»/EAT/\n\nThe internal Cypress web server responded with:\n\n  > 404: Not Found\n\nBecause this error occurred during a `before each` hook we are skipping the remaining tests in the current suite: `Checking 'assignement creat...`","muted":false,"params":{},"group_params":{},"relations":{"suite":{"data":[{"title":"Checking 'assignement create function'","public_id":null}]}},"run_id":null,"signature":"cypress::e2e::general-management::assignement::create::assignement-create.cy.js::checking_'assignement_create_function'::\"before_each\"_hook_for_\"should_fill_all_fields_and_create_assignement\"","steps":[],"id":"19b38aba-ea12-449f-9726-25c6e4d0f8c9","execution":{"status":"failed","start_time":null,"end_time":null,"duration":0,"stacktrace":"CypressError: `cy.visit()` failed trying to load:\n\n/\n\nWe failed looking for this file at the path:\n\n/home/zafarzhon/Ð Ð°Ð±Ð¾Ñ‡Ð¸Ð¹ ÑÑ‚Ð¾Ð»/EAT/\n\nThe internal Cypress web server responded with:\n\n  > 404: Not Found\n\nBecause this error occurred during a `before each` hook we are skipping the remaining tests in the current suite: `Checking 'assignement creat...`\n    at <unknown> (http://localhost:42211/__cypress/runner/cypress_runner.js:131591:76)\n    at visitFailedByErr (http://localhost:42211/__cypress/runner/cypress_runner.js:131006:12)\n    at <unknown> (http://localhost:42211/__cypress/runner/cypress_runner.js:131574:13)\n    at tryCatcher (http://localhost:42211/__cypress/runner/cypress_runner.js:1830:23)\n    at Promise._settlePromiseFromHandler (http://localhost:42211/__cypress/runner/cypress_runner.js:1542:31)\n    at Promise._settlePromise (http://localhost:42211/__cypress/runner/cypress_runner.js:1599:18)\n    at Promise._settlePromise0 (http://localhost:42211/__cypress/runner/cypress_runner.js:1644:10)\n    at Promise._settlePromises (http://localhost:42211/__cypress/runner/cypress_runner.js:1720:18)\n    at _drainQueueStep (http://localhost:42211/__cypress/runner/cypress_runner.js:2430:12)\n    at _drainQueue (http://localhost:42211/__cypress/runner/cypress_runner.js:2423:9)\n    at Async._drainQueues (http://localhost:42211/__cypress/runner/cypress_runner.js:2439:5)\n    at Async.drainQueues (http://localhost:42211/__cypress/runner/cypress_runner.js:2309:14)\nFrom Your Spec Code:\n    at Context.eval (webpack:///./cypress/e2e/general-management/assignement/create/assignement-create.cy.js:10:7)","thread":null},"testops_id":null,"title":"\"before each\" hook for \"should fill all fields and create assignement\""}
[2025-01-28T18:05:54.382Z] [DEBUG] qase: Config: {"id":"default","mode":"testops","debug":true,"testops":{"api":{"token":"5755502fc3b560881b1ebfa4c910df1b2cbd4dd5025e666ef62a45b251ca0892"},"project":"DEMO","uploadAttachments":true,"run":{"complete":true,"id":1},"plan":{},"batch":{}},"report":{"connections":{"local":{}}}}
[2025-01-28T18:05:55.009Z] [DEBUG] qase: Uploading attachment: /home/zafarzhon/Ð Ð°Ð±Ð¾Ñ‡Ð¸Ð¹ ÑÑ‚Ð¾Ð»/EAT/cypress/screenshots/general-management/assignement/create/assignement-create.cy.js/Checking 'assignement create function' -- should fill all fields and create assignement -- before each hook (failed).png
[2025-01-28T18:05:56.178Z] [DEBUG] qase: Transformed result: {"title":"\"before each\" hook for \"should fill all fields and create assignement\"","execution":{"status":"failed","start_time":null,"end_time":null,"duration":0,"stacktrace":"CypressError: `cy.visit()` failed trying to load:\n\n/\n\nWe failed looking for this file at the path:\n\n/home/zafarzhon/Ð Ð°Ð±Ð¾Ñ‡Ð¸Ð¹ ÑÑ‚Ð¾Ð»/EAT/\n\nThe internal Cypress web server responded with:\n\n  > 404: Not Found\n\nBecause this error occurred during a `before each` hook we are skipping the remaining tests in the current suite: `Checking 'assignement creat...`\n    at <unknown> (http://localhost:42211/__cypress/runner/cypress_runner.js:131591:76)\n    at visitFailedByErr (http://localhost:42211/__cypress/runner/cypress_runner.js:131006:12)\n    at <unknown> (http://localhost:42211/__cypress/runner/cypress_runner.js:131574:13)\n    at tryCatcher (http://localhost:42211/__cypress/runner/cypress_runner.js:1830:23)\n    at Promise._settlePromiseFromHandler (http://localhost:42211/__cypress/runner/cypress_runner.js:1542:31)\n    at Promise._settlePromise (http://localhost:42211/__cypress/runner/cypress_runner.js:1599:18)\n    at Promise._settlePromise0 (http://localhost:42211/__cypress/runner/cypress_runner.js:1644:10)\n    at Promise._settlePromises (http://localhost:42211/__cypress/runner/cypress_runner.js:1720:18)\n    at _drainQueueStep (http://localhost:42211/__cypress/runner/cypress_runner.js:2430:12)\n    at _drainQueue (http://localhost:42211/__cypress/runner/cypress_runner.js:2423:9)\n    at Async._drainQueues (http://localhost:42211/__cypress/runner/cypress_runner.js:2439:5)\n    at Async.drainQueues (http://localhost:42211/__cypress/runner/cypress_runner.js:2309:14)\nFrom Your Spec Code:\n    at Context.eval (webpack:///./cypress/e2e/general-management/assignement/create/assignement-create.cy.js:10:7)","thread":null},"testops_id":null,"attachments":["2e5ffbbaf9e9d54b4d70a5ac609388baee055eb7"],"steps":[],"params":{},"param_groups":[],"relations":{"suite":{"data":[{"public_id":null,"title":"Checking 'assignement create function'"}]}},"message":"`cy.visit()` failed trying to load:\n\n/\n\nWe failed looking for this file at the path:\n\n/home/zafarzhon/Ð Ð°Ð±Ð¾Ñ‡Ð¸Ð¹ ÑÑ‚Ð¾Ð»/EAT/\n\nThe internal Cypress web server responded with:\n\n  > 404: Not Found\n\nBecause this error occurred during a `before each` hook we are skipping the remaining tests in the current suite: `Checking 'assignement creat...`","fields":{},"defect":false}
[2025-01-28T18:05:56.873Z] [DEBUG] qase: Results sent to Qase: 1
[2025-01-28T18:05:58.941Z] [INFO] qase: [31mTest "before each" hook for "should find created assignement and edit it" failed[39m
[2025-01-28T18:05:58.941Z] [INFO] qase: [34mSee why this test failed: https://app.qase.io/run/DEMO/dashboard/1?source=logs&status=%5B2%5D&search=%22before%20each%22%20hook%20for%20%22should%20find%20created%20assignement%20and%20edit%20it%22[39m
[2025-01-28T18:05:58.941Z] [DEBUG] qase: Adding test result: {"attachments":[{"content":"","id":"929afa3e-49f1-49f1-92d4-ed1edab1fecb","mime_type":"image/png","size":0,"file_name":"Checking 'assignement edit function' -- should find created assignement and edit it -- before each hook (failed).png","file_path":"/home/zafarzhon/Ð Ð°Ð±Ð¾Ñ‡Ð¸Ð¹ ÑÑ‚Ð¾Ð»/EAT/cypress/screenshots/general-management/assignement/edit/assignement-edit.cy.js/Checking 'assignement edit function' -- should find created assignement and edit it -- before each hook (failed).png"}],"author":null,"fields":{},"message":"`cy.visit()` failed trying to load:\n\n/\n\nWe failed looking for this file at the path:\n\n/home/zafarzhon/Ð Ð°Ð±Ð¾Ñ‡Ð¸Ð¹ ÑÑ‚Ð¾Ð»/EAT/\n\nThe internal Cypress web server responded with:\n\n  > 404: Not Found\n\nBecause this error occurred during a `before each` hook we are skipping the remaining tests in the current suite: `Checking 'assignement edit ...`","muted":false,"params":{},"group_params":{},"relations":{"suite":{"data":[{"title":"Checking 'assignement edit function'","public_id":null}]}},"run_id":null,"signature":"cypress::e2e::general-management::assignement::edit::assignement-edit.cy.js::checking_'assignement_edit_function'::\"before_each\"_hook_for_\"should_find_created_assignement_and_edit_it\"","steps":[],"id":"6acb9144-1978-425c-812e-ae5d03c38371","execution":{"status":"failed","start_time":null,"end_time":null,"duration":0,"stacktrace":"CypressError: `cy.visit()` failed trying to load:\n\n/\n\nWe failed looking for this file at the path:\n\n/home/zafarzhon/Ð Ð°Ð±Ð¾Ñ‡Ð¸Ð¹ ÑÑ‚Ð¾Ð»/EAT/\n\nThe internal Cypress web server responded with:\n\n  > 404: Not Found\n\nBecause this error occurred during a `before each` hook we are skipping the remaining tests in the current suite: `Checking 'assignement edit ...`\n    at <unknown> (http://localhost:42211/__cypress/runner/cypress_runner.js:131591:76)\n    at visitFailedByErr (http://localhost:42211/__cypress/runner/cypress_runner.js:131006:12)\n    at <unknown> (http://localhost:42211/__cypress/runner/cypress_runner.js:131574:13)\n    at tryCatcher (http://localhost:42211/__cypress/runner/cypress_runner.js:1830:23)\n    at Promise._settlePromiseFromHandler (http://localhost:42211/__cypress/runner/cypress_runner.js:1542:31)\n    at Promise._settlePromise (http://localhost:42211/__cypress/runner/cypress_runner.js:1599:18)\n    at Promise._settlePromise0 (http://localhost:42211/__cypress/runner/cypress_runner.js:1644:10)\n    at Promise._settlePromises (http://localhost:42211/__cypress/runner/cypress_runner.js:1720:18)\n    at _drainQueueStep (http://localhost:42211/__cypress/runner/cypress_runner.js:2430:12)\n    at _drainQueue (http://localhost:42211/__cypress/runner/cypress_runner.js:2423:9)\n    at Async._drainQueues (http://localhost:42211/__cypress/runner/cypress_runner.js:2439:5)\n    at Async.drainQueues (http://localhost:42211/__cypress/runner/cypress_runner.js:2309:14)\nFrom Your Spec Code:\n    at Context.eval (webpack:///./cypress/e2e/general-management/assignement/edit/assignement-edit.cy.js:10:7)","thread":null},"testops_id":null,"title":"\"before each\" hook for \"should find created assignement and edit it\""}
[2025-01-28T18:05:59.532Z] [DEBUG] qase: Config: {"id":"default","mode":"testops","debug":true,"testops":{"api":{"token":"5755502fc3b560881b1ebfa4c910df1b2cbd4dd5025e666ef62a45b251ca0892"},"project":"DEMO","uploadAttachments":true,"run":{"complete":true,"id":1},"plan":{},"batch":{}},"report":{"connections":{"local":{}}}}
[2025-01-28T18:06:00.268Z] [DEBUG] qase: Uploading attachment: /home/zafarzhon/Ð Ð°Ð±Ð¾Ñ‡Ð¸Ð¹ ÑÑ‚Ð¾Ð»/EAT/cypress/screenshots/general-management/assignement/edit/assignement-edit.cy.js/Checking 'assignement edit function' -- should find created assignement and edit it -- before each hook (failed).png
[2025-01-28T18:06:01.389Z] [DEBUG] qase: Transformed result: {"title":"\"before each\" hook for \"should find created assignement and edit it\"","execution":{"status":"failed","start_time":null,"end_time":null,"duration":0,"stacktrace":"CypressError: `cy.visit()` failed trying to load:\n\n/\n\nWe failed looking for this file at the path:\n\n/home/zafarzhon/Ð Ð°Ð±Ð¾Ñ‡Ð¸Ð¹ ÑÑ‚Ð¾Ð»/EAT/\n\nThe internal Cypress web server responded with:\n\n  > 404: Not Found\n\nBecause this error occurred during a `before each` hook we are skipping the remaining tests in the current suite: `Checking 'assignement edit ...`\n    at <unknown> (http://localhost:42211/__cypress/runner/cypress_runner.js:131591:76)\n    at visitFailedByErr (http://localhost:42211/__cypress/runner/cypress_runner.js:131006:12)\n    at <unknown> (http://localhost:42211/__cypress/runner/cypress_runner.js:131574:13)\n    at tryCatcher (http://localhost:42211/__cypress/runner/cypress_runner.js:1830:23)\n    at Promise._settlePromiseFromHandler (http://localhost:42211/__cypress/runner/cypress_runner.js:1542:31)\n    at Promise._settlePromise (http://localhost:42211/__cypress/runner/cypress_runner.js:1599:18)\n    at Promise._settlePromise0 (http://localhost:42211/__cypress/runner/cypress_runner.js:1644:10)\n    at Promise._settlePromises (http://localhost:42211/__cypress/runner/cypress_runner.js:1720:18)\n    at _drainQueueStep (http://localhost:42211/__cypress/runner/cypress_runner.js:2430:12)\n    at _drainQueue (http://localhost:42211/__cypress/runner/cypress_runner.js:2423:9)\n    at Async._drainQueues (http://localhost:42211/__cypress/runner/cypress_runner.js:2439:5)\n    at Async.drainQueues (http://localhost:42211/__cypress/runner/cypress_runner.js:2309:14)\nFrom Your Spec Code:\n    at Context.eval (webpack:///./cypress/e2e/general-management/assignement/edit/assignement-edit.cy.js:10:7)","thread":null},"testops_id":null,"attachments":["6860785c9a3cdcd1a6abb4db95b5ad64dca1f6a0"],"steps":[],"params":{},"param_groups":[],"relations":{"suite":{"data":[{"public_id":null,"title":"Checking 'assignement edit function'"}]}},"message":"`cy.visit()` failed trying to load:\n\n/\n\nWe failed looking for this file at the path:\n\n/home/zafarzhon/Ð Ð°Ð±Ð¾Ñ‡Ð¸Ð¹ ÑÑ‚Ð¾Ð»/EAT/\n\nThe internal Cypress web server responded with:\n\n  > 404: Not Found\n\nBecause this error occurred during a `before each` hook we are skipping the remaining tests in the current suite: `Checking 'assignement edit ...`","fields":{},"defect":false}
[2025-01-28T18:06:02.144Z] [DEBUG] qase: Results sent to Qase: 1
[2025-01-28T18:06:04.382Z] [INFO] qase: [31mTest "before each" hook for "should fill all fields and create fuel-history" failed[39m
[2025-01-28T18:06:04.382Z] [INFO] qase: [34mSee why this test failed: https://app.qase.io/run/DEMO/dashboard/1?source=logs&status=%5B2%5D&search=%22before%20each%22%20hook%20for%20%22should%20fill%20all%20fields%20and%20create%20fuel-history%22[39m
[2025-01-28T18:06:04.382Z] [DEBUG] qase: Adding test result: {"attachments":[{"content":"","id":"3bcc7c23-d64b-42be-9e67-1c8bd8bb98e1","mime_type":"image/png","size":0,"file_name":"Login and create fuel-history -- should fill all fields and create fuel-history -- before each hook (failed).png","file_path":"/home/zafarzhon/Ð Ð°Ð±Ð¾Ñ‡Ð¸Ð¹ ÑÑ‚Ð¾Ð»/EAT/cypress/screenshots/general-management/fuel-section/create/fuel-history-create.cy.js/Login and create fuel-history -- should fill all fields and create fuel-history -- before each hook (failed).png"}],"author":null,"fields":{},"message":"`cy.visit()` failed trying to load:\n\n/\n\nWe failed looking for this file at the path:\n\n/home/zafarzhon/Ð Ð°Ð±Ð¾Ñ‡Ð¸Ð¹ ÑÑ‚Ð¾Ð»/EAT/\n\nThe internal Cypress web server responded with:\n\n  > 404: Not Found\n\nBecause this error occurred during a `before each` hook we are skipping the remaining tests in the current suite: `Login and create fuel-history`","muted":false,"params":{},"group_params":{},"relations":{"suite":{"data":[{"title":"Login and create fuel-history","public_id":null}]}},"run_id":null,"signature":"cypress::e2e::general-management::fuel-section::create::fuel-history-create.cy.js::login_and_create_fuel-history::\"before_each\"_hook_for_\"should_fill_all_fields_and_create_fuel-history\"","steps":[],"id":"d5788763-8dfc-4853-8279-cda8e701c657","execution":{"status":"failed","start_time":null,"end_time":null,"duration":0,"stacktrace":"CypressError: `cy.visit()` failed trying to load:\n\n/\n\nWe failed looking for this file at the path:\n\n/home/zafarzhon/Ð Ð°Ð±Ð¾Ñ‡Ð¸Ð¹ ÑÑ‚Ð¾Ð»/EAT/\n\nThe internal Cypress web server responded with:\n\n  > 404: Not Found\n\nBecause this error occurred during a `before each` hook we are skipping the remaining tests in the current suite: `Login and create fuel-history`\n    at <unknown> (http://localhost:42211/__cypress/runner/cypress_runner.js:131591:76)\n    at visitFailedByErr (http://localhost:42211/__cypress/runner/cypress_runner.js:131006:12)\n    at <unknown> (http://localhost:42211/__cypress/runner/cypress_runner.js:131574:13)\n    at tryCatcher (http://localhost:42211/__cypress/runner/cypress_runner.js:1830:23)\n    at Promise._settlePromiseFromHandler (http://localhost:42211/__cypress/runner/cypress_runner.js:1542:31)\n    at Promise._settlePromise (http://localhost:42211/__cypress/runner/cypress_runner.js:1599:18)\n    at Promise._settlePromise0 (http://localhost:42211/__cypress/runner/cypress_runner.js:1644:10)\n    at Promise._settlePromises (http://localhost:42211/__cypress/runner/cypress_runner.js:1720:18)\n    at _drainQueueStep (http://localhost:42211/__cypress/runner/cypress_runner.js:2430:12)\n    at _drainQueue (http://localhost:42211/__cypress/runner/cypress_runner.js:2423:9)\n    at Async._drainQueues (http://localhost:42211/__cypress/runner/cypress_runner.js:2439:5)\n    at Async.drainQueues (http://localhost:42211/__cypress/runner/cypress_runner.js:2309:14)\nFrom Your Spec Code:\n    at Context.eval (webpack:///./cypress/e2e/general-management/fuel-section/create/fuel-history-create.cy.js:9:7)","thread":null},"testops_id":null,"title":"\"before each\" hook for \"should fill all fields and create fuel-history\""}
[2025-01-28T18:06:05.001Z] [DEBUG] qase: Config: {"id":"default","mode":"testops","debug":true,"testops":{"api":{"token":"5755502fc3b560881b1ebfa4c910df1b2cbd4dd5025e666ef62a45b251ca0892"},"project":"DEMO","uploadAttachments":true,"run":{"complete":true,"id":1},"plan":{},"batch":{}},"report":{"connections":{"local":{}}}}
[2025-01-28T18:06:05.657Z] [DEBUG] qase: Uploading attachment: /home/zafarzhon/Ð Ð°Ð±Ð¾Ñ‡Ð¸Ð¹ ÑÑ‚Ð¾Ð»/EAT/cypress/screenshots/general-management/fuel-section/create/fuel-history-create.cy.js/Login and create fuel-history -- should fill all fields and create fuel-history -- before each hook (failed).png
[2025-01-28T18:06:06.962Z] [DEBUG] qase: Transformed result: {"title":"\"before each\" hook for \"should fill all fields and create fuel-history\"","execution":{"status":"failed","start_time":null,"end_time":null,"duration":0,"stacktrace":"CypressError: `cy.visit()` failed trying to load:\n\n/\n\nWe failed looking for this file at the path:\n\n/home/zafarzhon/Ð Ð°Ð±Ð¾Ñ‡Ð¸Ð¹ ÑÑ‚Ð¾Ð»/EAT/\n\nThe internal Cypress web server responded with:\n\n  > 404: Not Found\n\nBecause this error occurred during a `before each` hook we are skipping the remaining tests in the current suite: `Login and create fuel-history`\n    at <unknown> (http://localhost:42211/__cypress/runner/cypress_runner.js:131591:76)\n    at visitFailedByErr (http://localhost:42211/__cypress/runner/cypress_runner.js:131006:12)\n    at <unknown> (http://localhost:42211/__cypress/runner/cypress_runner.js:131574:13)\n    at tryCatcher (http://localhost:42211/__cypress/runner/cypress_runner.js:1830:23)\n    at Promise._settlePromiseFromHandler (http://localhost:42211/__cypress/runner/cypress_runner.js:1542:31)\n    at Promise._settlePromise (http://localhost:42211/__cypress/runner/cypress_runner.js:1599:18)\n    at Promise._settlePromise0 (http://localhost:42211/__cypress/runner/cypress_runner.js:1644:10)\n    at Promise._settlePromises (http://localhost:42211/__cypress/runner/cypress_runner.js:1720:18)\n    at _drainQueueStep (http://localhost:42211/__cypress/runner/cypress_runner.js:2430:12)\n    at _drainQueue (http://localhost:42211/__cypress/runner/cypress_runner.js:2423:9)\n    at Async._drainQueues (http://localhost:42211/__cypress/runner/cypress_runner.js:2439:5)\n    at Async.drainQueues (http://localhost:42211/__cypress/runner/cypress_runner.js:2309:14)\nFrom Your Spec Code:\n    at Context.eval (webpack:///./cypress/e2e/general-management/fuel-section/create/fuel-history-create.cy.js:9:7)","thread":null},"testops_id":null,"attachments":["191660a951671477802c508ace45273a4b2ffac1"],"steps":[],"params":{},"param_groups":[],"relations":{"suite":{"data":[{"public_id":null,"title":"Login and create fuel-history"}]}},"message":"`cy.visit()` failed trying to load:\n\n/\n\nWe failed looking for this file at the path:\n\n/home/zafarzhon/Ð Ð°Ð±Ð¾Ñ‡Ð¸Ð¹ ÑÑ‚Ð¾Ð»/EAT/\n\nThe internal Cypress web server responded with:\n\n  > 404: Not Found\n\nBecause this error occurred during a `before each` hook we are skipping the remaining tests in the current suite: `Login and create fuel-history`","fields":{},"defect":false}
[2025-01-28T18:06:07.665Z] [DEBUG] qase: Results sent to Qase: 1
[2025-01-28T18:06:09.815Z] [INFO] qase: [31mTest "before each" hook for "should delete created fuel-history record" failed[39m
[2025-01-28T18:06:09.815Z] [INFO] qase: [34mSee why this test failed: https://app.qase.io/run/DEMO/dashboard/1?source=logs&status=%5B2%5D&search=%22before%20each%22%20hook%20for%20%22should%20delete%20created%20fuel-history%20record%22[39m
[2025-01-28T18:06:09.815Z] [DEBUG] qase: Adding test result: {"attachments":[{"content":"","id":"5dd7864a-7d4c-458f-ab1d-3e73567e295f","mime_type":"image/png","size":0,"file_name":"Delete created fuel-history record -- should delete created fuel-history record -- before each hook (failed).png","file_path":"/home/zafarzhon/Ð Ð°Ð±Ð¾Ñ‡Ð¸Ð¹ ÑÑ‚Ð¾Ð»/EAT/cypress/screenshots/general-management/fuel-section/delete/fuel-history-delete.cy.js/Delete created fuel-history record -- should delete created fuel-history record -- before each hook (failed).png"}],"author":null,"fields":{},"message":"`cy.visit()` failed trying to load:\n\n/\n\nWe failed looking for this file at the path:\n\n/home/zafarzhon/Ð Ð°Ð±Ð¾Ñ‡Ð¸Ð¹ ÑÑ‚Ð¾Ð»/EAT/\n\nThe internal Cypress web server responded with:\n\n  > 404: Not Found\n\nBecause this error occurred during a `before each` hook we are skipping the remaining tests in the current suite: `Delete created fuel-history...`","muted":false,"params":{},"group_params":{},"relations":{"suite":{"data":[{"title":"Delete created fuel-history record","public_id":null}]}},"run_id":null,"signature":"cypress::e2e::general-management::fuel-section::delete::fuel-history-delete.cy.js::delete_created_fuel-history_record::\"before_each\"_hook_for_\"should_delete_created_fuel-history_record\"","steps":[],"id":"5b3252da-7a67-4faa-a0a1-ccdcd7510533","execution":{"status":"failed","start_time":null,"end_time":null,"duration":0,"stacktrace":"CypressError: `cy.visit()` failed trying to load:\n\n/\n\nWe failed looking for this file at the path:\n\n/home/zafarzhon/Ð Ð°Ð±Ð¾Ñ‡Ð¸Ð¹ ÑÑ‚Ð¾Ð»/EAT/\n\nThe internal Cypress web server responded with:\n\n  > 404: Not Found\n\nBecause this error occurred during a `before each` hook we are skipping the remaining tests in the current suite: `Delete created fuel-history...`\n    at <unknown> (http://localhost:42211/__cypress/runner/cypress_runner.js:131591:76)\n    at visitFailedByErr (http://localhost:42211/__cypress/runner/cypress_runner.js:131006:12)\n    at <unknown> (http://localhost:42211/__cypress/runner/cypress_runner.js:131574:13)\n    at tryCatcher (http://localhost:42211/__cypress/runner/cypress_runner.js:1830:23)\n    at Promise._settlePromiseFromHandler (http://localhost:42211/__cypress/runner/cypress_runner.js:1542:31)\n    at Promise._settlePromise (http://localhost:42211/__cypress/runner/cypress_runner.js:1599:18)\n    at Promise._settlePromise0 (http://localhost:42211/__cypress/runner/cypress_runner.js:1644:10)\n    at Promise._settlePromises (http://localhost:42211/__cypress/runner/cypress_runner.js:1720:18)\n    at _drainQueueStep (http://localhost:42211/__cypress/runner/cypress_runner.js:2430:12)\n    at _drainQueue (http://localhost:42211/__cypress/runner/cypress_runner.js:2423:9)\n    at Async._drainQueues (http://localhost:42211/__cypress/runner/cypress_runner.js:2439:5)\n    at Async.drainQueues (http://localhost:42211/__cypress/runner/cypress_runner.js:2309:14)\nFrom Your Spec Code:\n    at Context.eval (webpack:///./cypress/e2e/general-management/fuel-section/delete/fuel-history-delete.cy.js:9:7)","thread":null},"testops_id":null,"title":"\"before each\" hook for \"should delete created fuel-history record\""}
[2025-01-28T18:06:10.425Z] [DEBUG] qase: Config: {"id":"default","mode":"testops","debug":true,"testops":{"api":{"token":"5755502fc3b560881b1ebfa4c910df1b2cbd4dd5025e666ef62a45b251ca0892"},"project":"DEMO","uploadAttachments":true,"run":{"complete":true,"id":1},"plan":{},"batch":{}},"report":{"connections":{"local":{}}}}
[2025-01-28T18:06:11.078Z] [DEBUG] qase: Uploading attachment: /home/zafarzhon/Ð Ð°Ð±Ð¾Ñ‡Ð¸Ð¹ ÑÑ‚Ð¾Ð»/EAT/cypress/screenshots/general-management/fuel-section/delete/fuel-history-delete.cy.js/Delete created fuel-history record -- should delete created fuel-history record -- before each hook (failed).png
[2025-01-28T18:06:12.179Z] [DEBUG] qase: Transformed result: {"title":"\"before each\" hook for \"should delete created fuel-history record\"","execution":{"status":"failed","start_time":null,"end_time":null,"duration":0,"stacktrace":"CypressError: `cy.visit()` failed trying to load:\n\n/\n\nWe failed looking for this file at the path:\n\n/home/zafarzhon/Ð Ð°Ð±Ð¾Ñ‡Ð¸Ð¹ ÑÑ‚Ð¾Ð»/EAT/\n\nThe internal Cypress web server responded with:\n\n  > 404: Not Found\n\nBecause this error occurred during a `before each` hook we are skipping the remaining tests in the current suite: `Delete created fuel-history...`\n    at <unknown> (http://localhost:42211/__cypress/runner/cypress_runner.js:131591:76)\n    at visitFailedByErr (http://localhost:42211/__cypress/runner/cypress_runner.js:131006:12)\n    at <unknown> (http://localhost:42211/__cypress/runner/cypress_runner.js:131574:13)\n    at tryCatcher (http://localhost:42211/__cypress/runner/cypress_runner.js:1830:23)\n    at Promise._settlePromiseFromHandler (http://localhost:42211/__cypress/runner/cypress_runner.js:1542:31)\n    at Promise._settlePromise (http://localhost:42211/__cypress/runner/cypress_runner.js:1599:18)\n    at Promise._settlePromise0 (http://localhost:42211/__cypress/runner/cypress_runner.js:1644:10)\n    at Promise._settlePromises (http://localhost:42211/__cypress/runner/cypress_runner.js:1720:18)\n    at _drainQueueStep (http://localhost:42211/__cypress/runner/cypress_runner.js:2430:12)\n    at _drainQueue (http://localhost:42211/__cypress/runner/cypress_runner.js:2423:9)\n    at Async._drainQueues (http://localhost:42211/__cypress/runner/cypress_runner.js:2439:5)\n    at Async.drainQueues (http://localhost:42211/__cypress/runner/cypress_runner.js:2309:14)\nFrom Your Spec Code:\n    at Context.eval (webpack:///./cypress/e2e/general-management/fuel-section/delete/fuel-history-delete.cy.js:9:7)","thread":null},"testops_id":null,"attachments":["a9b476344030389c399e9df3ff1ecd226e7b4794"],"steps":[],"params":{},"param_groups":[],"relations":{"suite":{"data":[{"public_id":null,"title":"Delete created fuel-history record"}]}},"message":"`cy.visit()` failed trying to load:\n\n/\n\nWe failed looking for this file at the path:\n\n/home/zafarzhon/Ð Ð°Ð±Ð¾Ñ‡Ð¸Ð¹ ÑÑ‚Ð¾Ð»/EAT/\n\nThe internal Cypress web server responded with:\n\n  > 404: Not Found\n\nBecause this error occurred during a `before each` hook we are skipping the remaining tests in the current suite: `Delete created fuel-history...`","fields":{},"defect":false}
[2025-01-28T18:06:12.923Z] [DEBUG] qase: Results sent to Qase: 1
[2025-01-28T18:06:15.004Z] [INFO] qase: [31mTest "before each" hook for "should visit to meter-history page, and create manually meter history and check a void checkbox" failed[39m
[2025-01-28T18:06:15.004Z] [INFO] qase: [34mSee why this test failed: https://app.qase.io/run/DEMO/dashboard/1?source=logs&status=%5B2%5D&search=%22before%20each%22%20hook%20for%20%22should%20visit%20to%20meter-history%20page,%20and%20create%20manually%20meter%20history%20and%20check%20a%20void%20checkbox%22[39m
[2025-01-28T18:06:15.004Z] [DEBUG] qase: Adding test result: {"attachments":[{"content":"","id":"4a020fee-4674-43b1-a7e5-f2f2458f9de1","mime_type":"image/png","size":0,"file_name":"Test Meter History's create funtion -- should visit to meter-history page, and create manually meter history and check a void checkbox -- before each hook (failed).png","file_path":"/home/zafarzhon/Ð Ð°Ð±Ð¾Ñ‡Ð¸Ð¹ ÑÑ‚Ð¾Ð»/EAT/cypress/screenshots/general-management/meter-history/create/meter_history-create.cy.js/Test Meter History's create funtion -- should visit to meter-history page, and create manually meter history and check a void checkbox -- before each hook (failed).png"}],"author":null,"fields":{},"message":"`cy.visit()` failed trying to load:\n\n/\n\nWe failed looking for this file at the path:\n\n/home/zafarzhon/Ð Ð°Ð±Ð¾Ñ‡Ð¸Ð¹ ÑÑ‚Ð¾Ð»/EAT/\n\nThe internal Cypress web server responded with:\n\n  > 404: Not Found\n\nBecause this error occurred during a `before each` hook we are skipping the remaining tests in the current suite: `Test Meter History's create...`","muted":false,"params":{},"group_params":{},"relations":{"suite":{"data":[{"title":"Test Meter History's create funtion","public_id":null}]}},"run_id":null,"signature":"cypress::e2e::general-management::meter-history::create::meter_history-create.cy.js::test_meter_history's_create_funtion::\"before_each\"_hook_for_\"should_visit_to_meter-history_page,_and_create_manually_meter_history_and_check_a_void_checkbox\"","steps":[],"id":"0e4bb488-a6d1-4542-8540-3b7bef4e8457","execution":{"status":"failed","start_time":null,"end_time":null,"duration":0,"stacktrace":"CypressError: `cy.visit()` failed trying to load:\n\n/\n\nWe failed looking for this file at the path:\n\n/home/zafarzhon/Ð Ð°Ð±Ð¾Ñ‡Ð¸Ð¹ ÑÑ‚Ð¾Ð»/EAT/\n\nThe internal Cypress web server responded with:\n\n  > 404: Not Found\n\nBecause this error occurred during a `before each` hook we are skipping the remaining tests in the current suite: `Test Meter History's create...`\n    at <unknown> (http://localhost:42211/__cypress/runner/cypress_runner.js:131591:76)\n    at visitFailedByErr (http://localhost:42211/__cypress/runner/cypress_runner.js:131006:12)\n    at <unknown> (http://localhost:42211/__cypress/runner/cypress_runner.js:131574:13)\n    at tryCatcher (http://localhost:42211/__cypress/runner/cypress_runner.js:1830:23)\n    at Promise._settlePromiseFromHandler (http://localhost:42211/__cypress/runner/cypress_runner.js:1542:31)\n    at Promise._settlePromise (http://localhost:42211/__cypress/runner/cypress_runner.js:1599:18)\n    at Promise._settlePromise0 (http://localhost:42211/__cypress/runner/cypress_runner.js:1644:10)\n    at Promise._settlePromises (http://localhost:42211/__cypress/runner/cypress_runner.js:1720:18)\n    at _drainQueueStep (http://localhost:42211/__cypress/runner/cypress_runner.js:2430:12)\n    at _drainQueue (http://localhost:42211/__cypress/runner/cypress_runner.js:2423:9)\n    at Async._drainQueues (http://localhost:42211/__cypress/runner/cypress_runner.js:2439:5)\n    at Async.drainQueues (http://localhost:42211/__cypress/runner/cypress_runner.js:2309:14)\nFrom Your Spec Code:\n    at Context.eval (webpack:///./cypress/e2e/general-management/meter-history/create/meter_history-create.cy.js:8:7)","thread":null},"testops_id":null,"title":"\"before each\" hook for \"should visit to meter-history page, and create manually meter history and check a void checkbox\""}
[2025-01-28T18:06:15.617Z] [DEBUG] qase: Config: {"id":"default","mode":"testops","debug":true,"testops":{"api":{"token":"5755502fc3b560881b1ebfa4c910df1b2cbd4dd5025e666ef62a45b251ca0892"},"project":"DEMO","uploadAttachments":true,"run":{"complete":true,"id":1},"plan":{},"batch":{}},"report":{"connections":{"local":{}}}}
[2025-01-28T18:11:49.505Z] [DEBUG] qase: Config: {"mode":"testops","debug":true,"testops":{"api":{"token":"5755502fc3b560881b1ebfa4c910df1b2cbd4dd5025e666ef62a45b251ca0892"},"project":"DEMO","uploadAttachments":true,"run":{"complete":true,"id":1},"plan":{},"batch":{}},"framework":{"cypress":{"screenshotsFolder":"cypress/screenshots"}},"frameworkPackage":"cypress","frameworkName":"cypress","reporterName":"cypress-qase-reporter","report":{"connections":{"local":{}}}}
[2025-01-28T18:11:50.127Z] [DEBUG] qase: Starting test run
[2025-01-28T18:11:53.758Z] [DEBUG] qase: Config: {"id":"default","mode":"testops","debug":true,"testops":{"api":{"token":"5755502fc3b560881b1ebfa4c910df1b2cbd4dd5025e666ef62a45b251ca0892"},"project":"DEMO","uploadAttachments":true,"run":{"complete":true,"id":1},"plan":{},"batch":{}},"frameworkPackage":"cypress","frameworkName":"cypress","reporterName":"cypress-qase-reporter","report":{"connections":{"local":{}}}}
[2025-01-28T18:12:44.850Z] [INFO] qase: [31mTest Several ids failed[39m
[2025-01-28T18:12:44.850Z] [INFO] qase: [34mSee why this test failed: https://app.qase.io/run/DEMO/dashboard/1?source=logs&status=%5B2%5D&search=1[39m
[2025-01-28T18:12:44.850Z] [DEBUG] qase: Adding test result: {"attachments":[{"content":"","id":"f12cf2cb-9d40-4f64-84d6-6dbe3d6d771d","mime_type":"image/png","size":0,"file_name":"My First Test -- Several ids (Qase ID 1) (failed).png","file_path":"/home/zafarzhon/Ð Ð°Ð±Ð¾Ñ‡Ð¸Ð¹ ÑÑ‚Ð¾Ð»/EAT/cypress/screenshots/login/login.cy.js/My First Test -- Several ids (Qase ID 1) (failed).png"}],"author":null,"fields":{},"message":"Timed out retrying after 50000ms: Expected to find element: `.css-mnn31`, but never found it.","muted":false,"params":{},"group_params":{},"relations":{"suite":{"data":[{"title":"My First Test","public_id":null}]}},"run_id":null,"signature":"cypress::e2e::login::login.cy.js::my_first_test::several_ids_(qase_id:_1)::1","steps":[],"id":"735ad02d-d4c8-4ce4-b5a4-c9ab5834292b","execution":{"status":"failed","start_time":null,"end_time":null,"duration":0,"stacktrace":"AssertionError: Timed out retrying after 50000ms: Expected to find element: `.css-mnn31`, but never found it.\n    at Context.eval (webpack:///./cypress/support/commands.js:10:5)","thread":null},"testops_id":[1],"title":"Several ids"}
[2025-01-28T18:13:35.255Z] [INFO] qase: [31mTest Correct test failed[39m
[2025-01-28T18:13:35.255Z] [INFO] qase: [34mSee why this test failed: https://app.qase.io/run/DEMO/dashboard/1?source=logs&status=%5B2%5D&search=2[39m
[2025-01-28T18:13:35.256Z] [INFO] qase: [34mSee why this test failed: https://app.qase.io/run/DEMO/dashboard/1?source=logs&status=%5B2%5D&search=3[39m
[2025-01-28T18:13:35.256Z] [DEBUG] qase: Adding test result: {"attachments":[{"content":"","id":"7a090ed4-e729-4ee4-aa0b-effd86cac7f6","mime_type":"image/png","size":0,"file_name":"My First Test -- Correct test (Qase ID 2,3) (failed).png","file_path":"/home/zafarzhon/Ð Ð°Ð±Ð¾Ñ‡Ð¸Ð¹ ÑÑ‚Ð¾Ð»/EAT/cypress/screenshots/login/login.cy.js/My First Test -- Correct test (Qase ID 2,3) (failed).png"}],"author":null,"fields":{},"message":"Timed out retrying after 50000ms: Expected to find element: `.css-mnn31`, but never found it.","muted":false,"params":{},"group_params":{},"relations":{"suite":{"data":[{"title":"My First Test","public_id":null}]}},"run_id":null,"signature":"cypress::e2e::login::login.cy.js::my_first_test::correct_test_(qase_id:_2,3)::2::3","steps":[],"id":"77a99f3d-eada-402d-891a-a101824828c6","execution":{"status":"failed","start_time":null,"end_time":null,"duration":0,"stacktrace":"AssertionError: Timed out retrying after 50000ms: Expected to find element: `.css-mnn31`, but never found it.\n    at Context.eval (webpack:///./cypress/support/commands.js:10:5)","thread":null},"testops_id":[2,3],"title":"Correct test"}
[2025-01-28T18:13:35.860Z] [DEBUG] qase: Config: {"id":"default","mode":"testops","debug":true,"testops":{"api":{"token":"5755502fc3b560881b1ebfa4c910df1b2cbd4dd5025e666ef62a45b251ca0892"},"project":"DEMO","uploadAttachments":true,"run":{"complete":true,"id":1},"plan":{},"batch":{}},"report":{"connections":{"local":{}}}}
[2025-01-28T18:13:36.515Z] [DEBUG] qase: Uploading attachment: /home/zafarzhon/Ð Ð°Ð±Ð¾Ñ‡Ð¸Ð¹ ÑÑ‚Ð¾Ð»/EAT/cypress/screenshots/login/login.cy.js/My First Test -- Several ids (Qase ID 1) (failed).png
[2025-01-28T18:13:37.793Z] [DEBUG] qase: Transformed result: {"title":"Several ids","execution":{"status":"failed","start_time":null,"end_time":null,"duration":0,"stacktrace":"AssertionError: Timed out retrying after 50000ms: Expected to find element: `.css-mnn31`, but never found it.\n    at Context.eval (webpack:///./cypress/support/commands.js:10:5)","thread":null},"testops_id":1,"attachments":["e678f81dc70f75a5eebf38f3a90609269c1eb0c9"],"steps":[],"params":{},"param_groups":[],"relations":{"suite":{"data":[{"public_id":null,"title":"My First Test"}]}},"message":"Timed out retrying after 50000ms: Expected to find element: `.css-mnn31`, but never found it.","fields":{},"defect":false}
[2025-01-28T18:13:37.794Z] [DEBUG] qase: Uploading attachment: /home/zafarzhon/Ð Ð°Ð±Ð¾Ñ‡Ð¸Ð¹ ÑÑ‚Ð¾Ð»/EAT/cypress/screenshots/login/login.cy.js/My First Test -- Correct test (Qase ID 2,3) (failed).png
[2025-01-28T18:13:38.956Z] [DEBUG] qase: Transformed result: {"title":"Correct test","execution":{"status":"failed","start_time":null,"end_time":null,"duration":0,"stacktrace":"AssertionError: Timed out retrying after 50000ms: Expected to find element: `.css-mnn31`, but never found it.\n    at Context.eval (webpack:///./cypress/support/commands.js:10:5)","thread":null},"testops_id":2,"attachments":["d95a5800d45b7e43407d193497d2b9c87e405b5d"],"steps":[],"params":{},"param_groups":[],"relations":{"suite":{"data":[{"public_id":null,"title":"My First Test"}]}},"message":"Timed out retrying after 50000ms: Expected to find element: `.css-mnn31`, but never found it.","fields":{},"defect":false}
[2025-01-28T18:13:38.957Z] [DEBUG] qase: Uploading attachment: /home/zafarzhon/Ð Ð°Ð±Ð¾Ñ‡Ð¸Ð¹ ÑÑ‚Ð¾Ð»/EAT/cypress/screenshots/login/login.cy.js/My First Test -- Correct test (Qase ID 2,3) (failed).png
[2025-01-28T18:13:40.374Z] [DEBUG] qase: Transformed result: {"title":"Correct test","execution":{"status":"failed","start_time":null,"end_time":null,"duration":0,"stacktrace":"AssertionError: Timed out retrying after 50000ms: Expected to find element: `.css-mnn31`, but never found it.\n    at Context.eval (webpack:///./cypress/support/commands.js:10:5)","thread":null},"testops_id":3,"attachments":["ac31162fac6504e0f6767c96e17a0ea09a7b88e1"],"steps":[],"params":{},"param_groups":[],"relations":{"suite":{"data":[{"public_id":null,"title":"My First Test"}]}},"message":"Timed out retrying after 50000ms: Expected to find element: `.css-mnn31`, but never found it.","fields":{},"defect":false}
[2025-01-28T18:13:41.083Z] [DEBUG] qase: Results sent to Qase: 3
[2025-01-28T18:13:43.155Z] [INFO] qase: [31mTest An uncaught error was detected outside of a test failed[39m
[2025-01-28T18:13:43.156Z] [INFO] qase: [34mSee why this test failed: https://app.qase.io/run/DEMO/dashboard/1?source=logs&status=%5B2%5D&search=An%20uncaught%20error%20was%20detected%20outside%20of%20a%20test[39m
[2025-01-28T18:13:43.156Z] [DEBUG] qase: Adding test result: {"attachments":[{"content":"","id":"70ded0d4-d7d6-49bf-861c-ac0c708c7cf0","mime_type":"image/png","size":0,"file_name":"An uncaught error was detected outside of a test (failed).png","file_path":"/home/zafarzhon/Ð Ð°Ð±Ð¾Ñ‡Ð¸Ð¹ ÑÑ‚Ð¾Ð»/EAT/cypress/screenshots/test/qase1.cy.js/An uncaught error was detected outside of a test (failed).png"}],"author":null,"fields":{},"message":"The following error originated from your test code, not from Cypress.\n\n  > qase is not defined\n\nWhen Cypress detects uncaught errors originating from your test code it will automatically fail the current test.\n\nCypress could not associate this error to any specific test.\n\nWe dynamically generated a new test to display this failure.","muted":false,"params":{},"group_params":{},"relations":{"suite":{"data":[]}},"run_id":null,"signature":"cypress::e2e::test::qase1.cy.js::an_uncaught_error_was_detected_outside_of_a_test","steps":[],"id":"b13600b7-e7e4-4608-8fa0-cc335e2ec154","execution":{"status":"failed","start_time":null,"end_time":null,"duration":0,"stacktrace":"ReferenceError: The following error originated from your test code, not from Cypress.\n\n  > qase is not defined\n\nWhen Cypress detects uncaught errors originating from your test code it will automatically fail the current test.\n\nCypress could not associate this error to any specific test.\n\nWe dynamically generated a new test to display this failure.\n    at Suite.eval (webpack:///./cypress/e2e/test/qase1.cy.js:5:2)\n    at eval (webpack:///./cypress/e2e/test/qase1.cy.js:1:0)\n    at eval (http://localhost:43477/__cypress/tests?p=cypress/e2e/test/qase1.cy.js:18:12)\n    at eval (<anonymous>)","thread":null},"testops_id":null,"title":"An uncaught error was detected outside of a test"}
[2025-01-28T18:13:43.758Z] [DEBUG] qase: Config: {"id":"default","mode":"testops","debug":true,"testops":{"api":{"token":"5755502fc3b560881b1ebfa4c910df1b2cbd4dd5025e666ef62a45b251ca0892"},"project":"DEMO","uploadAttachments":true,"run":{"complete":true,"id":1},"plan":{},"batch":{}},"report":{"connections":{"local":{}}}}
[2025-01-28T18:13:44.410Z] [DEBUG] qase: Uploading attachment: /home/zafarzhon/Ð Ð°Ð±Ð¾Ñ‡Ð¸Ð¹ ÑÑ‚Ð¾Ð»/EAT/cypress/screenshots/test/qase1.cy.js/An uncaught error was detected outside of a test (failed).png
[2025-01-28T18:13:45.503Z] [DEBUG] qase: Transformed result: {"title":"An uncaught error was detected outside of a test","execution":{"status":"failed","start_time":null,"end_time":null,"duration":0,"stacktrace":"ReferenceError: The following error originated from your test code, not from Cypress.\n\n  > qase is not defined\n\nWhen Cypress detects uncaught errors originating from your test code it will automatically fail the current test.\n\nCypress could not associate this error to any specific test.\n\nWe dynamically generated a new test to display this failure.\n    at Suite.eval (webpack:///./cypress/e2e/test/qase1.cy.js:5:2)\n    at eval (webpack:///./cypress/e2e/test/qase1.cy.js:1:0)\n    at eval (http://localhost:43477/__cypress/tests?p=cypress/e2e/test/qase1.cy.js:18:12)\n    at eval (<anonymous>)","thread":null},"testops_id":null,"attachments":["3559fb2b26aac8ea0415d2596454d4cd7957798a"],"steps":[],"params":{},"param_groups":[],"relations":{"suite":{"data":[]}},"message":"The following error originated from your test code, not from Cypress.\n\n  > qase is not defined\n\nWhen Cypress detects uncaught errors originating from your test code it will automatically fail the current test.\n\nCypress could not associate this error to any specific test.\n\nWe dynamically generated a new test to display this failure.","fields":{},"defect":false}
[2025-01-28T18:13:46.202Z] [DEBUG] qase: Results sent to Qase: 1
[2025-01-28T18:13:48.397Z] [INFO] qase: [31mTest "before each" hook for "should fill all fields and create assignement" failed[39m
[2025-01-28T18:13:48.397Z] [INFO] qase: [34mSee why this test failed: https://app.qase.io/run/DEMO/dashboard/1?source=logs&status=%5B2%5D&search=%22before%20each%22%20hook%20for%20%22should%20fill%20all%20fields%20and%20create%20assignement%22[39m
[2025-01-28T18:13:48.397Z] [DEBUG] qase: Adding test result: {"attachments":[{"content":"","id":"d2a983d8-4568-4604-87f5-bd9cbd690504","mime_type":"image/png","size":0,"file_name":"Checking 'assignement create function' -- should fill all fields and create assignement -- before each hook (failed).png","file_path":"/home/zafarzhon/Ð Ð°Ð±Ð¾Ñ‡Ð¸Ð¹ ÑÑ‚Ð¾Ð»/EAT/cypress/screenshots/general-management/assignement/create/assignement-create.cy.js/Checking 'assignement create function' -- should fill all fields and create assignement -- before each hook (failed).png"}],"author":null,"fields":{},"message":"`cy.visit()` failed trying to load:\n\n/\n\nWe failed looking for this file at the path:\n\n/home/zafarzhon/Ð Ð°Ð±Ð¾Ñ‡Ð¸Ð¹ ÑÑ‚Ð¾Ð»/EAT/\n\nThe internal Cypress web server responded with:\n\n  > 404: Not Found\n\nBecause this error occurred during a `before each` hook we are skipping the remaining tests in the current suite: `Checking 'assignement creat...`","muted":false,"params":{},"group_params":{},"relations":{"suite":{"data":[{"title":"Checking 'assignement create function'","public_id":null}]}},"run_id":null,"signature":"cypress::e2e::general-management::assignement::create::assignement-create.cy.js::checking_'assignement_create_function'::\"before_each\"_hook_for_\"should_fill_all_fields_and_create_assignement\"","steps":[],"id":"96628f84-6d9d-440a-b6e6-af05f9a8e31d","execution":{"status":"failed","start_time":null,"end_time":null,"duration":0,"stacktrace":"CypressError: `cy.visit()` failed trying to load:\n\n/\n\nWe failed looking for this file at the path:\n\n/home/zafarzhon/Ð Ð°Ð±Ð¾Ñ‡Ð¸Ð¹ ÑÑ‚Ð¾Ð»/EAT/\n\nThe internal Cypress web server responded with:\n\n  > 404: Not Found\n\nBecause this error occurred during a `before each` hook we are skipping the remaining tests in the current suite: `Checking 'assignement creat...`\n    at <unknown> (http://localhost:43477/__cypress/runner/cypress_runner.js:131591:76)\n    at visitFailedByErr (http://localhost:43477/__cypress/runner/cypress_runner.js:131006:12)\n    at <unknown> (http://localhost:43477/__cypress/runner/cypress_runner.js:131574:13)\n    at tryCatcher (http://localhost:43477/__cypress/runner/cypress_runner.js:1830:23)\n    at Promise._settlePromiseFromHandler (http://localhost:43477/__cypress/runner/cypress_runner.js:1542:31)\n    at Promise._settlePromise (http://localhost:43477/__cypress/runner/cypress_runner.js:1599:18)\n    at Promise._settlePromise0 (http://localhost:43477/__cypress/runner/cypress_runner.js:1644:10)\n    at Promise._settlePromises (http://localhost:43477/__cypress/runner/cypress_runner.js:1720:18)\n    at _drainQueueStep (http://localhost:43477/__cypress/runner/cypress_runner.js:2430:12)\n    at _drainQueue (http://localhost:43477/__cypress/runner/cypress_runner.js:2423:9)\n    at Async._drainQueues (http://localhost:43477/__cypress/runner/cypress_runner.js:2439:5)\n    at Async.drainQueues (http://localhost:43477/__cypress/runner/cypress_runner.js:2309:14)\nFrom Your Spec Code:\n    at Context.eval (webpack:///./cypress/e2e/general-management/assignement/create/assignement-create.cy.js:10:7)","thread":null},"testops_id":null,"title":"\"before each\" hook for \"should fill all fields and create assignement\""}
[2025-01-28T18:13:48.999Z] [DEBUG] qase: Config: {"id":"default","mode":"testops","debug":true,"testops":{"api":{"token":"5755502fc3b560881b1ebfa4c910df1b2cbd4dd5025e666ef62a45b251ca0892"},"project":"DEMO","uploadAttachments":true,"run":{"complete":true,"id":1},"plan":{},"batch":{}},"report":{"connections":{"local":{}}}}
[2025-01-28T18:13:49.647Z] [DEBUG] qase: Uploading attachment: /home/zafarzhon/Ð Ð°Ð±Ð¾Ñ‡Ð¸Ð¹ ÑÑ‚Ð¾Ð»/EAT/cypress/screenshots/general-management/assignement/create/assignement-create.cy.js/Checking 'assignement create function' -- should fill all fields and create assignement -- before each hook (failed).png
[2025-01-28T18:13:50.730Z] [DEBUG] qase: Transformed result: {"title":"\"before each\" hook for \"should fill all fields and create assignement\"","execution":{"status":"failed","start_time":null,"end_time":null,"duration":0,"stacktrace":"CypressError: `cy.visit()` failed trying to load:\n\n/\n\nWe failed looking for this file at the path:\n\n/home/zafarzhon/Ð Ð°Ð±Ð¾Ñ‡Ð¸Ð¹ ÑÑ‚Ð¾Ð»/EAT/\n\nThe internal Cypress web server responded with:\n\n  > 404: Not Found\n\nBecause this error occurred during a `before each` hook we are skipping the remaining tests in the current suite: `Checking 'assignement creat...`\n    at <unknown> (http://localhost:43477/__cypress/runner/cypress_runner.js:131591:76)\n    at visitFailedByErr (http://localhost:43477/__cypress/runner/cypress_runner.js:131006:12)\n    at <unknown> (http://localhost:43477/__cypress/runner/cypress_runner.js:131574:13)\n    at tryCatcher (http://localhost:43477/__cypress/runner/cypress_runner.js:1830:23)\n    at Promise._settlePromiseFromHandler (http://localhost:43477/__cypress/runner/cypress_runner.js:1542:31)\n    at Promise._settlePromise (http://localhost:43477/__cypress/runner/cypress_runner.js:1599:18)\n    at Promise._settlePromise0 (http://localhost:43477/__cypress/runner/cypress_runner.js:1644:10)\n    at Promise._settlePromises (http://localhost:43477/__cypress/runner/cypress_runner.js:1720:18)\n    at _drainQueueStep (http://localhost:43477/__cypress/runner/cypress_runner.js:2430:12)\n    at _drainQueue (http://localhost:43477/__cypress/runner/cypress_runner.js:2423:9)\n    at Async._drainQueues (http://localhost:43477/__cypress/runner/cypress_runner.js:2439:5)\n    at Async.drainQueues (http://localhost:43477/__cypress/runner/cypress_runner.js:2309:14)\nFrom Your Spec Code:\n    at Context.eval (webpack:///./cypress/e2e/general-management/assignement/create/assignement-create.cy.js:10:7)","thread":null},"testops_id":null,"attachments":["0a250ad903d2327ec263c592019f4443d93d33eb"],"steps":[],"params":{},"param_groups":[],"relations":{"suite":{"data":[{"public_id":null,"title":"Checking 'assignement create function'"}]}},"message":"`cy.visit()` failed trying to load:\n\n/\n\nWe failed looking for this file at the path:\n\n/home/zafarzhon/Ð Ð°Ð±Ð¾Ñ‡Ð¸Ð¹ ÑÑ‚Ð¾Ð»/EAT/\n\nThe internal Cypress web server responded with:\n\n  > 404: Not Found\n\nBecause this error occurred during a `before each` hook we are skipping the remaining tests in the current suite: `Checking 'assignement creat...`","fields":{},"defect":false}
[2025-01-28T18:13:51.419Z] [DEBUG] qase: Results sent to Qase: 1
[2025-01-28T18:13:53.607Z] [INFO] qase: [31mTest "before each" hook for "should find created assignement and edit it" failed[39m
[2025-01-28T18:13:53.607Z] [INFO] qase: [34mSee why this test failed: https://app.qase.io/run/DEMO/dashboard/1?source=logs&status=%5B2%5D&search=%22before%20each%22%20hook%20for%20%22should%20find%20created%20assignement%20and%20edit%20it%22[39m
[2025-01-28T18:13:53.609Z] [DEBUG] qase: Adding test result: {"attachments":[{"content":"","id":"0d2b3d68-6c62-4733-945d-36f1507364cc","mime_type":"image/png","size":0,"file_name":"Checking 'assignement edit function' -- should find created assignement and edit it -- before each hook (failed).png","file_path":"/home/zafarzhon/Ð Ð°Ð±Ð¾Ñ‡Ð¸Ð¹ ÑÑ‚Ð¾Ð»/EAT/cypress/screenshots/general-management/assignement/edit/assignement-edit.cy.js/Checking 'assignement edit function' -- should find created assignement and edit it -- before each hook (failed).png"}],"author":null,"fields":{},"message":"`cy.visit()` failed trying to load:\n\n/\n\nWe failed looking for this file at the path:\n\n/home/zafarzhon/Ð Ð°Ð±Ð¾Ñ‡Ð¸Ð¹ ÑÑ‚Ð¾Ð»/EAT/\n\nThe internal Cypress web server responded with:\n\n  > 404: Not Found\n\nBecause this error occurred during a `before each` hook we are skipping the remaining tests in the current suite: `Checking 'assignement edit ...`","muted":false,"params":{},"group_params":{},"relations":{"suite":{"data":[{"title":"Checking 'assignement edit function'","public_id":null}]}},"run_id":null,"signature":"cypress::e2e::general-management::assignement::edit::assignement-edit.cy.js::checking_'assignement_edit_function'::\"before_each\"_hook_for_\"should_find_created_assignement_and_edit_it\"","steps":[],"id":"8de42899-bb51-449b-909b-1dcb50a56c3e","execution":{"status":"failed","start_time":null,"end_time":null,"duration":0,"stacktrace":"CypressError: `cy.visit()` failed trying to load:\n\n/\n\nWe failed looking for this file at the path:\n\n/home/zafarzhon/Ð Ð°Ð±Ð¾Ñ‡Ð¸Ð¹ ÑÑ‚Ð¾Ð»/EAT/\n\nThe internal Cypress web server responded with:\n\n  > 404: Not Found\n\nBecause this error occurred during a `before each` hook we are skipping the remaining tests in the current suite: `Checking 'assignement edit ...`\n    at <unknown> (http://localhost:43477/__cypress/runner/cypress_runner.js:131591:76)\n    at visitFailedByErr (http://localhost:43477/__cypress/runner/cypress_runner.js:131006:12)\n    at <unknown> (http://localhost:43477/__cypress/runner/cypress_runner.js:131574:13)\n    at tryCatcher (http://localhost:43477/__cypress/runner/cypress_runner.js:1830:23)\n    at Promise._settlePromiseFromHandler (http://localhost:43477/__cypress/runner/cypress_runner.js:1542:31)\n    at Promise._settlePromise (http://localhost:43477/__cypress/runner/cypress_runner.js:1599:18)\n    at Promise._settlePromise0 (http://localhost:43477/__cypress/runner/cypress_runner.js:1644:10)\n    at Promise._settlePromises (http://localhost:43477/__cypress/runner/cypress_runner.js:1720:18)\n    at _drainQueueStep (http://localhost:43477/__cypress/runner/cypress_runner.js:2430:12)\n    at _drainQueue (http://localhost:43477/__cypress/runner/cypress_runner.js:2423:9)\n    at Async._drainQueues (http://localhost:43477/__cypress/runner/cypress_runner.js:2439:5)\n    at Async.drainQueues (http://localhost:43477/__cypress/runner/cypress_runner.js:2309:14)\nFrom Your Spec Code:\n    at Context.eval (webpack:///./cypress/e2e/general-management/assignement/edit/assignement-edit.cy.js:10:7)","thread":null},"testops_id":null,"title":"\"before each\" hook for \"should find created assignement and edit it\""}
[2025-01-28T18:13:54.237Z] [DEBUG] qase: Config: {"id":"default","mode":"testops","debug":true,"testops":{"api":{"token":"5755502fc3b560881b1ebfa4c910df1b2cbd4dd5025e666ef62a45b251ca0892"},"project":"DEMO","uploadAttachments":true,"run":{"complete":true,"id":1},"plan":{},"batch":{}},"report":{"connections":{"local":{}}}}
[2025-01-28T18:13:54.884Z] [DEBUG] qase: Uploading attachment: /home/zafarzhon/Ð Ð°Ð±Ð¾Ñ‡Ð¸Ð¹ ÑÑ‚Ð¾Ð»/EAT/cypress/screenshots/general-management/assignement/edit/assignement-edit.cy.js/Checking 'assignement edit function' -- should find created assignement and edit it -- before each hook (failed).png
[2025-01-28T18:13:55.975Z] [DEBUG] qase: Transformed result: {"title":"\"before each\" hook for \"should find created assignement and edit it\"","execution":{"status":"failed","start_time":null,"end_time":null,"duration":0,"stacktrace":"CypressError: `cy.visit()` failed trying to load:\n\n/\n\nWe failed looking for this file at the path:\n\n/home/zafarzhon/Ð Ð°Ð±Ð¾Ñ‡Ð¸Ð¹ ÑÑ‚Ð¾Ð»/EAT/\n\nThe internal Cypress web server responded with:\n\n  > 404: Not Found\n\nBecause this error occurred during a `before each` hook we are skipping the remaining tests in the current suite: `Checking 'assignement edit ...`\n    at <unknown> (http://localhost:43477/__cypress/runner/cypress_runner.js:131591:76)\n    at visitFailedByErr (http://localhost:43477/__cypress/runner/cypress_runner.js:131006:12)\n    at <unknown> (http://localhost:43477/__cypress/runner/cypress_runner.js:131574:13)\n    at tryCatcher (http://localhost:43477/__cypress/runner/cypress_runner.js:1830:23)\n    at Promise._settlePromiseFromHandler (http://localhost:43477/__cypress/runner/cypress_runner.js:1542:31)\n    at Promise._settlePromise (http://localhost:43477/__cypress/runner/cypress_runner.js:1599:18)\n    at Promise._settlePromise0 (http://localhost:43477/__cypress/runner/cypress_runner.js:1644:10)\n    at Promise._settlePromises (http://localhost:43477/__cypress/runner/cypress_runner.js:1720:18)\n    at _drainQueueStep (http://localhost:43477/__cypress/runner/cypress_runner.js:2430:12)\n    at _drainQueue (http://localhost:43477/__cypress/runner/cypress_runner.js:2423:9)\n    at Async._drainQueues (http://localhost:43477/__cypress/runner/cypress_runner.js:2439:5)\n    at Async.drainQueues (http://localhost:43477/__cypress/runner/cypress_runner.js:2309:14)\nFrom Your Spec Code:\n    at Context.eval (webpack:///./cypress/e2e/general-management/assignement/edit/assignement-edit.cy.js:10:7)","thread":null},"testops_id":null,"attachments":["409466ce0e4ba70bf83c7b73fa3250df605fb082"],"steps":[],"params":{},"param_groups":[],"relations":{"suite":{"data":[{"public_id":null,"title":"Checking 'assignement edit function'"}]}},"message":"`cy.visit()` failed trying to load:\n\n/\n\nWe failed looking for this file at the path:\n\n/home/zafarzhon/Ð Ð°Ð±Ð¾Ñ‡Ð¸Ð¹ ÑÑ‚Ð¾Ð»/EAT/\n\nThe internal Cypress web server responded with:\n\n  > 404: Not Found\n\nBecause this error occurred during a `before each` hook we are skipping the remaining tests in the current suite: `Checking 'assignement edit ...`","fields":{},"defect":false}
[2025-01-28T18:13:56.665Z] [DEBUG] qase: Results sent to Qase: 1
[2025-01-28T18:14:23.430Z] [DEBUG] qase: Config: {"mode":"testops","debug":true,"testops":{"api":{"token":"5755502fc3b560881b1ebfa4c910df1b2cbd4dd5025e666ef62a45b251ca0892"},"project":"DEMO","uploadAttachments":true,"run":{"complete":true,"id":1},"plan":{},"batch":{}},"framework":{"cypress":{"screenshotsFolder":"cypress/screenshots"}},"frameworkPackage":"cypress","frameworkName":"cypress","reporterName":"cypress-qase-reporter","report":{"connections":{"local":{}}}}
[2025-01-28T18:14:24.053Z] [DEBUG] qase: Starting test run
[2025-01-28T18:14:27.636Z] [DEBUG] qase: Config: {"id":"default","mode":"testops","debug":true,"testops":{"api":{"token":"5755502fc3b560881b1ebfa4c910df1b2cbd4dd5025e666ef62a45b251ca0892"},"project":"DEMO","uploadAttachments":true,"run":{"complete":true,"id":1},"plan":{},"batch":{}},"frameworkPackage":"cypress","frameworkName":"cypress","reporterName":"cypress-qase-reporter","report":{"connections":{"local":{}}}}
[2025-01-28T18:14:28.612Z] [INFO] qase: [31mTest An uncaught error was detected outside of a test failed[39m
[2025-01-28T18:14:28.612Z] [INFO] qase: [34mSee why this test failed: https://app.qase.io/run/DEMO/dashboard/1?source=logs&status=%5B2%5D&search=An%20uncaught%20error%20was%20detected%20outside%20of%20a%20test[39m
[2025-01-28T18:14:28.612Z] [DEBUG] qase: Adding test result: {"attachments":[{"content":"","id":"7db288b7-e720-4d7f-9492-edca33d177d3","mime_type":"image/png","size":0,"file_name":"An uncaught error was detected outside of a test (failed).png","file_path":"/home/zafarzhon/Ð Ð°Ð±Ð¾Ñ‡Ð¸Ð¹ ÑÑ‚Ð¾Ð»/EAT/cypress/screenshots/qase1.cy.js/An uncaught error was detected outside of a test (failed).png"}],"author":null,"fields":{},"message":"The following error originated from your test code, not from Cypress.\n\n  > qase is not defined\n\nWhen Cypress detects uncaught errors originating from your test code it will automatically fail the current test.\n\nCypress could not associate this error to any specific test.\n\nWe dynamically generated a new test to display this failure.","muted":false,"params":{},"group_params":{},"relations":{"suite":{"data":[]}},"run_id":null,"signature":"cypress::e2e::test::qase1.cy.js::an_uncaught_error_was_detected_outside_of_a_test","steps":[],"id":"a8ae9028-dda2-418f-8610-1612497c7822","execution":{"status":"failed","start_time":null,"end_time":null,"duration":0,"stacktrace":"ReferenceError: The following error originated from your test code, not from Cypress.\n\n  > qase is not defined\n\nWhen Cypress detects uncaught errors originating from your test code it will automatically fail the current test.\n\nCypress could not associate this error to any specific test.\n\nWe dynamically generated a new test to display this failure.\n    at Suite.eval (webpack:///./cypress/e2e/test/qase1.cy.js:5:2)\n    at eval (webpack:///./cypress/e2e/test/qase1.cy.js:1:0)\n    at eval (http://localhost:40861/__cypress/tests?p=cypress/e2e/test/qase1.cy.js:18:12)\n    at eval (<anonymous>)","thread":null},"testops_id":null,"title":"An uncaught error was detected outside of a test"}
[2025-01-28T18:14:29.234Z] [DEBUG] qase: Config: {"id":"default","mode":"testops","debug":true,"testops":{"api":{"token":"5755502fc3b560881b1ebfa4c910df1b2cbd4dd5025e666ef62a45b251ca0892"},"project":"DEMO","uploadAttachments":true,"run":{"complete":true,"id":1},"plan":{},"batch":{}},"report":{"connections":{"local":{}}}}
[2025-01-28T18:14:29.867Z] [DEBUG] qase: Uploading attachment: /home/zafarzhon/Ð Ð°Ð±Ð¾Ñ‡Ð¸Ð¹ ÑÑ‚Ð¾Ð»/EAT/cypress/screenshots/qase1.cy.js/An uncaught error was detected outside of a test (failed).png
[2025-01-28T18:14:30.996Z] [DEBUG] qase: Transformed result: {"title":"An uncaught error was detected outside of a test","execution":{"status":"failed","start_time":null,"end_time":null,"duration":0,"stacktrace":"ReferenceError: The following error originated from your test code, not from Cypress.\n\n  > qase is not defined\n\nWhen Cypress detects uncaught errors originating from your test code it will automatically fail the current test.\n\nCypress could not associate this error to any specific test.\n\nWe dynamically generated a new test to display this failure.\n    at Suite.eval (webpack:///./cypress/e2e/test/qase1.cy.js:5:2)\n    at eval (webpack:///./cypress/e2e/test/qase1.cy.js:1:0)\n    at eval (http://localhost:40861/__cypress/tests?p=cypress/e2e/test/qase1.cy.js:18:12)\n    at eval (<anonymous>)","thread":null},"testops_id":null,"attachments":["c5e9a052603dc883600049fb433cf79ec6a27d09"],"steps":[],"params":{},"param_groups":[],"relations":{"suite":{"data":[]}},"message":"The following error originated from your test code, not from Cypress.\n\n  > qase is not defined\n\nWhen Cypress detects uncaught errors originating from your test code it will automatically fail the current test.\n\nCypress could not associate this error to any specific test.\n\nWe dynamically generated a new test to display this failure.","fields":{},"defect":false}
[2025-01-28T18:14:31.736Z] [DEBUG] qase: Results sent to Qase: 1
[2025-01-28T18:14:32.543Z] [INFO] qase: [32mRun 1 completed[39m
[2025-01-28T18:14:32.544Z] [INFO] qase: [34mTest run link: https://app.qase.io/run/DEMO/dashboard/1[39m
[2025-01-28T18:17:37.474Z] [DEBUG] qase: Config: {"mode":"testops","debug":true,"testops":{"api":{"token":"5755502fc3b560881b1ebfa4c910df1b2cbd4dd5025e666ef62a45b251ca0892"},"project":"DEMO","uploadAttachments":true,"run":{"complete":true},"plan":{},"batch":{}},"framework":{"cypress":{"screenshotsFolder":"cypress/screenshots"}},"frameworkPackage":"cypress","frameworkName":"cypress","reporterName":"cypress-qase-reporter","report":{"connections":{"local":{}}}}
[2025-01-28T18:17:38.204Z] [DEBUG] qase: Starting test run
[2025-01-28T18:17:38.205Z] [DEBUG] qase: Creating test run
[2025-01-28T18:17:39.174Z] [DEBUG] qase: Test run created: 2
[2025-01-28T18:17:43.125Z] [DEBUG] qase: Config: {"id":"default","mode":"testops","debug":true,"testops":{"api":{"token":"5755502fc3b560881b1ebfa4c910df1b2cbd4dd5025e666ef62a45b251ca0892"},"project":"DEMO","uploadAttachments":true,"run":{"complete":true,"id":2},"plan":{},"batch":{}},"frameworkPackage":"cypress","frameworkName":"cypress","reporterName":"cypress-qase-reporter","report":{"connections":{"local":{}}}}
[2025-01-28T18:17:44.388Z] [INFO] qase: [31mTest An uncaught error was detected outside of a test failed[39m
[2025-01-28T18:17:44.388Z] [INFO] qase: [34mSee why this test failed: https://app.qase.io/run/DEMO/dashboard/2?source=logs&status=%5B2%5D&search=An%20uncaught%20error%20was%20detected%20outside%20of%20a%20test[39m
[2025-01-28T18:17:44.388Z] [DEBUG] qase: Adding test result: {"attachments":[{"content":"","id":"f88713d3-7724-42ef-9eb3-45d4ee1a30ae","mime_type":"image/png","size":0,"file_name":"An uncaught error was detected outside of a test (failed).png","file_path":"/home/zafarzhon/Ð Ð°Ð±Ð¾Ñ‡Ð¸Ð¹ ÑÑ‚Ð¾Ð»/EAT/cypress/screenshots/qase1.cy.js/An uncaught error was detected outside of a test (failed).png"}],"author":null,"fields":{},"message":"The following error originated from your test code, not from Cypress.\n\n  > qase is not defined\n\nWhen Cypress detects uncaught errors originating from your test code it will automatically fail the current test.\n\nCypress could not associate this error to any specific test.\n\nWe dynamically generated a new test to display this failure.","muted":false,"params":{},"group_params":{},"relations":{"suite":{"data":[]}},"run_id":null,"signature":"cypress::e2e::test::qase1.cy.js::an_uncaught_error_was_detected_outside_of_a_test","steps":[],"id":"060e0482-1361-4227-8cbf-627570aed15b","execution":{"status":"failed","start_time":null,"end_time":null,"duration":0,"stacktrace":"ReferenceError: The following error originated from your test code, not from Cypress.\n\n  > qase is not defined\n\nWhen Cypress detects uncaught errors originating from your test code it will automatically fail the current test.\n\nCypress could not associate this error to any specific test.\n\nWe dynamically generated a new test to display this failure.\n    at Suite.eval (webpack:///./cypress/e2e/test/qase1.cy.js:9:2)\n    at eval (webpack:///./cypress/e2e/test/qase1.cy.js:1:0)\n    at eval (http://localhost:46137/__cypress/tests?p=cypress/e2e/test/qase1.cy.js:21:12)\n    at eval (<anonymous>)","thread":null},"testops_id":null,"title":"An uncaught error was detected outside of a test"}
[2025-01-28T18:17:45.019Z] [DEBUG] qase: Config: {"id":"default","mode":"testops","debug":true,"testops":{"api":{"token":"5755502fc3b560881b1ebfa4c910df1b2cbd4dd5025e666ef62a45b251ca0892"},"project":"DEMO","uploadAttachments":true,"run":{"complete":true,"id":2},"plan":{},"batch":{}},"report":{"connections":{"local":{}}}}
[2025-01-28T18:17:45.644Z] [DEBUG] qase: Uploading attachment: /home/zafarzhon/Ð Ð°Ð±Ð¾Ñ‡Ð¸Ð¹ ÑÑ‚Ð¾Ð»/EAT/cypress/screenshots/qase1.cy.js/An uncaught error was detected outside of a test (failed).png
[2025-01-28T18:17:46.738Z] [DEBUG] qase: Transformed result: {"title":"An uncaught error was detected outside of a test","execution":{"status":"failed","start_time":null,"end_time":null,"duration":0,"stacktrace":"ReferenceError: The following error originated from your test code, not from Cypress.\n\n  > qase is not defined\n\nWhen Cypress detects uncaught errors originating from your test code it will automatically fail the current test.\n\nCypress could not associate this error to any specific test.\n\nWe dynamically generated a new test to display this failure.\n    at Suite.eval (webpack:///./cypress/e2e/test/qase1.cy.js:9:2)\n    at eval (webpack:///./cypress/e2e/test/qase1.cy.js:1:0)\n    at eval (http://localhost:46137/__cypress/tests?p=cypress/e2e/test/qase1.cy.js:21:12)\n    at eval (<anonymous>)","thread":null},"testops_id":null,"attachments":["24d5a1e9d56ab26bac36e0a85815246af02df16b"],"steps":[],"params":{},"param_groups":[],"relations":{"suite":{"data":[]}},"message":"The following error originated from your test code, not from Cypress.\n\n  > qase is not defined\n\nWhen Cypress detects uncaught errors originating from your test code it will automatically fail the current test.\n\nCypress could not associate this error to any specific test.\n\nWe dynamically generated a new test to display this failure.","fields":{},"defect":false}
[2025-01-28T18:17:47.421Z] [DEBUG] qase: Results sent to Qase: 1
[2025-01-28T18:17:48.160Z] [INFO] qase: [32mRun 2 completed[39m
[2025-01-28T18:17:48.161Z] [INFO] qase: [34mTest run link: https://app.qase.io/run/DEMO/dashboard/2[39m
[2025-01-28T18:18:45.769Z] [DEBUG] qase: Config: {"mode":"testops","debug":true,"testops":{"api":{"token":"5755502fc3b560881b1ebfa4c910df1b2cbd4dd5025e666ef62a45b251ca0892"},"project":"DEMO","uploadAttachments":true,"run":{"complete":true},"plan":{},"batch":{}},"framework":{"cypress":{"screenshotsFolder":"cypress/screenshots"}},"frameworkPackage":"cypress","frameworkName":"cypress","reporterName":"cypress-qase-reporter","report":{"connections":{"local":{}}}}
[2025-01-28T18:18:46.436Z] [DEBUG] qase: Starting test run
[2025-01-28T18:18:46.437Z] [DEBUG] qase: Creating test run
[2025-01-28T18:18:47.509Z] [DEBUG] qase: Test run created: 3
[2025-01-28T18:18:51.274Z] [DEBUG] qase: Config: {"id":"default","mode":"testops","debug":true,"testops":{"api":{"token":"5755502fc3b560881b1ebfa4c910df1b2cbd4dd5025e666ef62a45b251ca0892"},"project":"DEMO","uploadAttachments":true,"run":{"complete":true,"id":3},"plan":{},"batch":{}},"frameworkPackage":"cypress","frameworkName":"cypress","reporterName":"cypress-qase-reporter","report":{"connections":{"local":{}}}}
[2025-01-28T18:19:03.587Z] [INFO] qase: [32mTest Visits a webpage and checks the heading passed[39m
[2025-01-28T18:19:03.587Z] [DEBUG] qase: Adding test result: {"attachments":[],"author":null,"fields":{},"message":"","muted":false,"params":{},"group_params":{},"relations":{"suite":{"data":[{"title":"Simple Cypress Test","public_id":null}]}},"run_id":null,"signature":"cypress::e2e::test::qase1.cy.js::simple_cypress_test::visits_a_webpage_and_checks_the_heading","steps":[],"id":"7076440b-61ca-42a8-a697-c5be45d0b6f0","execution":{"status":"passed","start_time":null,"end_time":null,"duration":8637,"stacktrace":null,"thread":null},"testops_id":null,"title":"Visits a webpage and checks the heading"}
[2025-01-28T18:19:04.129Z] [DEBUG] qase: Config: {"id":"default","mode":"testops","debug":true,"testops":{"api":{"token":"5755502fc3b560881b1ebfa4c910df1b2cbd4dd5025e666ef62a45b251ca0892"},"project":"DEMO","uploadAttachments":true,"run":{"complete":true,"id":3},"plan":{},"batch":{}},"report":{"connections":{"local":{}}}}
[2025-01-28T18:19:04.752Z] [DEBUG] qase: Transformed result: {"title":"Visits a webpage and checks the heading","execution":{"status":"passed","start_time":null,"end_time":null,"duration":8637,"stacktrace":null,"thread":null},"testops_id":null,"attachments":[],"steps":[],"params":{},"param_groups":[],"relations":{"suite":{"data":[{"public_id":null,"title":"Simple Cypress Test"}]}},"message":"","fields":{},"defect":false}
[2025-01-28T18:19:05.562Z] [DEBUG] qase: Results sent to Qase: 1
[2025-01-28T18:19:06.328Z] [INFO] qase: [32mRun 3 completed[39m
[2025-01-28T18:19:06.329Z] [INFO] qase: [34mTest run link: https://app.qase.io/run/DEMO/dashboard/3[39m
[2025-01-28T18:24:29.005Z] [DEBUG] qase: Config: {"mode":"testops","debug":true,"testops":{"api":{"token":"5755502fc3b560881b1ebfa4c910df1b2cbd4dd5025e666ef62a45b251ca0892"},"project":"DEMO","uploadAttachments":true,"run":{"complete":true},"plan":{},"batch":{}},"framework":{"cypress":{"screenshotsFolder":"cypress/screenshots"}},"frameworkPackage":"cypress","frameworkName":"cypress","reporterName":"cypress-qase-reporter","report":{"connections":{"local":{}}}}
[2025-01-28T18:24:29.618Z] [DEBUG] qase: Starting test run
[2025-01-28T18:24:29.619Z] [DEBUG] qase: Creating test run
[2025-01-28T18:24:30.694Z] [DEBUG] qase: Test run created: 4
[2025-01-28T18:24:34.250Z] [DEBUG] qase: Config: {"id":"default","mode":"testops","debug":true,"testops":{"api":{"token":"5755502fc3b560881b1ebfa4c910df1b2cbd4dd5025e666ef62a45b251ca0892"},"project":"DEMO","uploadAttachments":true,"run":{"complete":true,"id":4},"plan":{},"batch":{}},"frameworkPackage":"cypress","frameworkName":"cypress","reporterName":"cypress-qase-reporter","report":{"connections":{"local":{}}}}
[2025-01-28T18:24:50.428Z] [INFO] qase: [32mTest Visits a login page EasyFleet and login passed[39m
[2025-01-28T18:24:50.429Z] [DEBUG] qase: Adding test result: {"attachments":[],"author":null,"fields":{},"message":"","muted":false,"params":{},"group_params":{},"relations":{"suite":{"data":[{"title":"Test login EasyFleet","public_id":null}]}},"run_id":null,"signature":"cypress::e2e::test::qase1.cy.js::test_login_easyfleet::visits_a_login_page_easyfleet_and_login","steps":[],"id":"8baa1922-8b28-434d-91a0-37cd7aafa854","execution":{"status":"passed","start_time":null,"end_time":null,"duration":7472,"stacktrace":null,"thread":null},"testops_id":null,"title":"Visits a login page EasyFleet and login"}
[2025-01-28T18:24:50.968Z] [DEBUG] qase: Config: {"id":"default","mode":"testops","debug":true,"testops":{"api":{"token":"5755502fc3b560881b1ebfa4c910df1b2cbd4dd5025e666ef62a45b251ca0892"},"project":"DEMO","uploadAttachments":true,"run":{"complete":true,"id":4},"plan":{},"batch":{}},"report":{"connections":{"local":{}}}}
[2025-01-28T18:24:51.591Z] [DEBUG] qase: Transformed result: {"title":"Visits a login page EasyFleet and login","execution":{"status":"passed","start_time":null,"end_time":null,"duration":7472,"stacktrace":null,"thread":null},"testops_id":null,"attachments":[],"steps":[],"params":{},"param_groups":[],"relations":{"suite":{"data":[{"public_id":null,"title":"Test login EasyFleet"}]}},"message":"","fields":{},"defect":false}
[2025-01-28T18:24:52.397Z] [DEBUG] qase: Results sent to Qase: 1
[2025-01-28T18:24:53.183Z] [INFO] qase: [32mRun 4 completed[39m
[2025-01-28T18:24:53.184Z] [INFO] qase: [34mTest run link: https://app.qase.io/run/DEMO/dashboard/4[39m
[2025-01-30T15:51:24.975Z] [DEBUG] qase: Config: {"mode":"testops","debug":true,"testops":{"api":{"token":"d51535ad39b98d6ec01333d9670b3244826cc68690539ce0c0630c1057297ed6"},"project":"EF","uploadAttachments":true,"run":{"complete":true},"plan":{},"batch":{}},"framework":{"cypress":{"screenshotsFolder":"cypress/screenshots"}},"frameworkPackage":"cypress","frameworkName":"cypress","reporterName":"cypress-qase-reporter","report":{"connections":{"local":{}}}}
[2025-01-30T15:51:25.626Z] [DEBUG] qase: Starting test run
[2025-01-30T15:51:25.626Z] [DEBUG] qase: Creating test run
[2025-01-30T15:51:26.764Z] [DEBUG] qase: Test run created: 9
[2025-01-30T15:51:31.685Z] [DEBUG] qase: Config: {"id":"default","mode":"testops","debug":true,"testops":{"api":{"token":"d51535ad39b98d6ec01333d9670b3244826cc68690539ce0c0630c1057297ed6"},"project":"EF","uploadAttachments":true,"run":{"complete":true,"id":9},"plan":{},"batch":{}},"frameworkPackage":"cypress","frameworkName":"cypress","reporterName":"cypress-qase-reporter","report":{"connections":{"local":{}}}}
[2025-01-30T15:51:45.446Z] [INFO] qase: [32mTest Visits a login page EasyFleet and sign in passed[39m
[2025-01-30T15:51:45.446Z] [DEBUG] qase: Adding test result: {"attachments":[],"author":null,"fields":{},"message":"","muted":false,"params":{},"group_params":{},"relations":{"suite":{"data":[{"title":"Test login EasyFleet","public_id":null}]}},"run_id":null,"signature":"cypress::e2e::test::qase1.cy.js::test_login_easyfleet::visits_a_login_page_easyfleet_and_sign_in","steps":[],"id":"d2f2cf97-833d-47a1-9784-006cc50a2283","execution":{"status":"passed","start_time":null,"end_time":null,"duration":13017,"stacktrace":null,"thread":null},"testops_id":null,"title":"Visits a login page EasyFleet and sign in"}
[2025-01-30T15:51:45.985Z] [DEBUG] qase: Config: {"id":"default","mode":"testops","debug":true,"testops":{"api":{"token":"d51535ad39b98d6ec01333d9670b3244826cc68690539ce0c0630c1057297ed6"},"project":"EF","uploadAttachments":true,"run":{"complete":true,"id":9},"plan":{},"batch":{}},"report":{"connections":{"local":{}}}}
[2025-01-30T15:51:46.598Z] [DEBUG] qase: Transformed result: {"title":"Visits a login page EasyFleet and sign in","execution":{"status":"passed","start_time":null,"end_time":null,"duration":13017,"stacktrace":null,"thread":null},"testops_id":null,"attachments":[],"steps":[],"params":{},"param_groups":[],"relations":{"suite":{"data":[{"public_id":null,"title":"Test login EasyFleet"}]}},"message":"","fields":{},"defect":false}
[2025-01-30T15:51:48.114Z] [DEBUG] qase: Results sent to Qase: 1
[2025-01-30T15:51:49.029Z] [INFO] qase: [32mRun 9 completed[39m
[2025-01-30T15:51:49.031Z] [INFO] qase: [34mTest run link: https://app.qase.io/run/EF/dashboard/9[39m
[2025-01-30T15:56:39.763Z] [DEBUG] qase: Config: {"mode":"testops","debug":true,"testops":{"api":{"token":"d51535ad39b98d6ec01333d9670b3244826cc68690539ce0c0630c1057297ed6"},"project":"EF","uploadAttachments":true,"run":{"complete":true},"plan":{},"batch":{}},"framework":{"cypress":{"screenshotsFolder":"cypress/screenshots"}},"frameworkPackage":"cypress","frameworkName":"cypress","reporterName":"cypress-qase-reporter","report":{"connections":{"local":{}}}}
[2025-01-30T15:56:40.380Z] [DEBUG] qase: Starting test run
[2025-01-30T15:56:40.381Z] [DEBUG] qase: Creating test run
[2025-01-30T15:56:46.293Z] [DEBUG] qase: Test run created: 10
[2025-01-30T15:56:50.082Z] [DEBUG] qase: Config: {"id":"default","mode":"testops","debug":true,"testops":{"api":{"token":"d51535ad39b98d6ec01333d9670b3244826cc68690539ce0c0630c1057297ed6"},"project":"EF","uploadAttachments":true,"run":{"complete":true,"id":10},"plan":{},"batch":{}},"frameworkPackage":"cypress","frameworkName":"cypress","reporterName":"cypress-qase-reporter","report":{"connections":{"local":{}}}}
[2025-01-30T15:57:28.282Z] [INFO] qase: [32mTest should create unit passed[39m
[2025-01-30T15:57:28.282Z] [DEBUG] qase: Adding test result: {"attachments":[],"author":null,"fields":{},"message":"","muted":false,"params":{},"group_params":{},"relations":{"suite":{"data":[{"title":"Test create unit function","public_id":null}]}},"run_id":null,"signature":"cypress::e2e::general-management::units::create::create-unit.cy.js::test_create_unit_function::should_create_unit","steps":[],"id":"3a32e3a5-9a8c-4fb0-9195-11ec1009fbf1","execution":{"status":"passed","start_time":null,"end_time":null,"duration":37436,"stacktrace":null,"thread":null},"testops_id":null,"title":"should create unit"}
[2025-01-30T15:57:28.905Z] [DEBUG] qase: Config: {"id":"default","mode":"testops","debug":true,"testops":{"api":{"token":"d51535ad39b98d6ec01333d9670b3244826cc68690539ce0c0630c1057297ed6"},"project":"EF","uploadAttachments":true,"run":{"complete":true,"id":10},"plan":{},"batch":{}},"report":{"connections":{"local":{}}}}
[2025-01-30T15:57:29.560Z] [DEBUG] qase: Transformed result: {"title":"should create unit","execution":{"status":"passed","start_time":null,"end_time":null,"duration":37436,"stacktrace":null,"thread":null},"testops_id":null,"attachments":[],"steps":[],"params":{},"param_groups":[],"relations":{"suite":{"data":[{"public_id":null,"title":"Test create unit function"}]}},"message":"","fields":{},"defect":false}
[2025-01-30T15:57:30.482Z] [DEBUG] qase: Results sent to Qase: 1
[2025-01-30T15:57:31.288Z] [INFO] qase: [32mRun 10 completed[39m
[2025-01-30T15:57:31.290Z] [INFO] qase: [34mTest run link: https://app.qase.io/run/EF/dashboard/10[39m
[2025-01-30T16:01:07.527Z] [DEBUG] qase: Config: {"mode":"testops","debug":true,"testops":{"api":{"token":"d51535ad39b98d6ec01333d9670b3244826cc68690539ce0c0630c1057297ed6"},"project":"EF","uploadAttachments":true,"run":{"complete":true},"plan":{},"batch":{}},"framework":{"cypress":{"screenshotsFolder":"cypress/screenshots"}},"frameworkPackage":"cypress","frameworkName":"cypress","reporterName":"cypress-qase-reporter","report":{"connections":{"local":{}}}}
[2025-01-30T16:01:08.204Z] [DEBUG] qase: Starting test run
[2025-01-30T16:01:08.204Z] [DEBUG] qase: Creating test run
[2025-01-30T16:01:09.209Z] [DEBUG] qase: Test run created: 11
[2025-01-30T16:01:13.205Z] [DEBUG] qase: Config: {"id":"default","mode":"testops","debug":true,"testops":{"api":{"token":"d51535ad39b98d6ec01333d9670b3244826cc68690539ce0c0630c1057297ed6"},"project":"EF","uploadAttachments":true,"run":{"complete":true,"id":11},"plan":{},"batch":{}},"frameworkPackage":"cypress","frameworkName":"cypress","reporterName":"cypress-qase-reporter","report":{"connections":{"local":{}}}}
[2025-01-30T16:01:51.894Z] [INFO] qase: [32mTest should create unit passed[39m
[2025-01-30T16:01:51.895Z] [DEBUG] qase: Adding test result: {"attachments":[],"author":null,"fields":{},"message":"","muted":false,"params":{},"group_params":{},"relations":{"suite":{"data":[{"title":"Test create unit function","public_id":null}]}},"run_id":null,"signature":"cypress::e2e::general-management::units::create::create-unit.cy.js::test_create_unit_function::should_create_unit","steps":[],"id":"4c4fe6ce-72ab-470b-80e4-0ea252c99424","execution":{"status":"passed","start_time":null,"end_time":null,"duration":37891,"stacktrace":null,"thread":null},"testops_id":null,"title":"should create unit"}
[2025-01-30T16:01:52.523Z] [DEBUG] qase: Config: {"id":"default","mode":"testops","debug":true,"testops":{"api":{"token":"d51535ad39b98d6ec01333d9670b3244826cc68690539ce0c0630c1057297ed6"},"project":"EF","uploadAttachments":true,"run":{"complete":true,"id":11},"plan":{},"batch":{}},"report":{"connections":{"local":{}}}}
[2025-01-30T16:01:53.191Z] [DEBUG] qase: Transformed result: {"title":"should create unit","execution":{"status":"passed","start_time":null,"end_time":null,"duration":37891,"stacktrace":null,"thread":null},"testops_id":null,"attachments":[],"steps":[],"params":{},"param_groups":[],"relations":{"suite":{"data":[{"public_id":null,"title":"Test create unit function"}]}},"message":"","fields":{},"defect":false}
[2025-01-30T16:01:54.198Z] [DEBUG] qase: Results sent to Qase: 1
[2025-01-30T16:01:55.031Z] [INFO] qase: [32mRun 11 completed[39m
[2025-01-30T16:01:55.034Z] [INFO] qase: [34mTest run link: https://app.qase.io/run/EF/dashboard/11[39m
[2025-01-30T17:02:37.729Z] [DEBUG] qase: Config: {"mode":"testops","debug":true,"testops":{"api":{"token":"d51535ad39b98d6ec01333d9670b3244826cc68690539ce0c0630c1057297ed6"},"project":"EF","uploadAttachments":true,"run":{"complete":true},"plan":{},"batch":{}},"framework":{"cypress":{"screenshotsFolder":"cypress/screenshots"}},"frameworkPackage":"cypress","frameworkName":"cypress","reporterName":"cypress-qase-reporter","report":{"connections":{"local":{}}}}
[2025-01-30T17:02:38.359Z] [DEBUG] qase: Starting test run
[2025-01-30T17:02:38.360Z] [DEBUG] qase: Creating test run
[2025-01-30T17:02:44.388Z] [DEBUG] qase: Test run created: 13
[2025-01-30T17:02:48.367Z] [DEBUG] qase: Config: {"id":"default","mode":"testops","debug":true,"testops":{"api":{"token":"d51535ad39b98d6ec01333d9670b3244826cc68690539ce0c0630c1057297ed6"},"project":"EF","uploadAttachments":true,"run":{"complete":true,"id":13},"plan":{},"batch":{}},"frameworkPackage":"cypress","frameworkName":"cypress","reporterName":"cypress-qase-reporter","report":{"connections":{"local":{}}}}
[2025-01-30T17:02:49.533Z] [INFO] qase: [31mTest "before each" hook for "should create unit" failed[39m
[2025-01-30T17:02:49.534Z] [INFO] qase: [34mSee why this test failed: https://app.qase.io/run/EF/dashboard/13?source=logs&status=%5B2%5D&search=%22before%20each%22%20hook%20for%20%22should%20create%20unit%22[39m
[2025-01-30T17:02:49.534Z] [DEBUG] qase: Adding test result: {"attachments":[{"content":"","id":"fb65bfb6-93a7-41af-9e71-3dd13d4e2e90","mime_type":"image/png","size":0,"file_name":"Test create unit function -- should create unit -- before each hook (failed).png","file_path":"/home/zafarzhon/Ð Ð°Ð±Ð¾Ñ‡Ð¸Ð¹ ÑÑ‚Ð¾Ð»/EAT/cypress/screenshots/create-unit.cy.js/Test create unit function -- should create unit -- before each hook (failed).png"}],"author":null,"fields":{},"message":"c is not defined\n\nBecause this error occurred during a `before each` hook we are skipping the remaining tests in the current suite: `Test create unit function`","muted":false,"params":{},"group_params":{},"relations":{"suite":{"data":[{"title":"Test create unit function","public_id":null}]}},"run_id":null,"signature":"cypress::e2e::general-management::units::create::create-unit.cy.js::test_create_unit_function::\"before_each\"_hook_for_\"should_create_unit\"","steps":[],"id":"1d1cde37-ebe8-4dea-bbff-8a45c60a29ed","execution":{"status":"failed","start_time":null,"end_time":null,"duration":0,"stacktrace":"ReferenceError: c is not defined\n\nBecause this error occurred during a `before each` hook we are skipping the remaining tests in the current suite: `Test create unit function`\n    at Context.eval (webpack:///./cypress/e2e/general-management/units/create/create-unit.cy.js:16:21)","thread":null},"testops_id":null,"title":"\"before each\" hook for \"should create unit\""}
[2025-01-30T17:02:50.249Z] [DEBUG] qase: Config: {"id":"default","mode":"testops","debug":true,"testops":{"api":{"token":"d51535ad39b98d6ec01333d9670b3244826cc68690539ce0c0630c1057297ed6"},"project":"EF","uploadAttachments":true,"run":{"complete":true,"id":13},"plan":{},"batch":{}},"report":{"connections":{"local":{}}}}
[2025-01-30T17:02:50.940Z] [DEBUG] qase: Uploading attachment: /home/zafarzhon/Ð Ð°Ð±Ð¾Ñ‡Ð¸Ð¹ ÑÑ‚Ð¾Ð»/EAT/cypress/screenshots/create-unit.cy.js/Test create unit function -- should create unit -- before each hook (failed).png
[2025-01-30T17:02:52.062Z] [DEBUG] qase: Transformed result: {"title":"\"before each\" hook for \"should create unit\"","execution":{"status":"failed","start_time":null,"end_time":null,"duration":0,"stacktrace":"ReferenceError: c is not defined\n\nBecause this error occurred during a `before each` hook we are skipping the remaining tests in the current suite: `Test create unit function`\n    at Context.eval (webpack:///./cypress/e2e/general-management/units/create/create-unit.cy.js:16:21)","thread":null},"testops_id":null,"attachments":["2704f4066b39c620a6d3a1a0113bc22e9be2f28f"],"steps":[],"params":{},"param_groups":[],"relations":{"suite":{"data":[{"public_id":null,"title":"Test create unit function"}]}},"message":"c is not defined\n\nBecause this error occurred during a `before each` hook we are skipping the remaining tests in the current suite: `Test create unit function`","fields":{},"defect":false}
[2025-01-30T17:02:52.776Z] [DEBUG] qase: Results sent to Qase: 1
[2025-01-30T17:02:53.517Z] [INFO] qase: [32mRun 13 completed[39m
[2025-01-30T17:02:53.517Z] [INFO] qase: [34mTest run link: https://app.qase.io/run/EF/dashboard/13[39m
[2025-01-30T17:03:23.400Z] [DEBUG] qase: Config: {"mode":"testops","debug":true,"testops":{"api":{"token":"d51535ad39b98d6ec01333d9670b3244826cc68690539ce0c0630c1057297ed6"},"project":"EF","uploadAttachments":true,"run":{"complete":true},"plan":{},"batch":{}},"framework":{"cypress":{"screenshotsFolder":"cypress/screenshots"}},"frameworkPackage":"cypress","frameworkName":"cypress","reporterName":"cypress-qase-reporter","report":{"connections":{"local":{}}}}
[2025-01-30T17:03:24.074Z] [DEBUG] qase: Starting test run
[2025-01-30T17:03:24.074Z] [DEBUG] qase: Creating test run
[2025-01-30T17:03:24.984Z] [DEBUG] qase: Test run created: 14
[2025-01-30T17:03:28.915Z] [DEBUG] qase: Config: {"id":"default","mode":"testops","debug":true,"testops":{"api":{"token":"d51535ad39b98d6ec01333d9670b3244826cc68690539ce0c0630c1057297ed6"},"project":"EF","uploadAttachments":true,"run":{"complete":true,"id":14},"plan":{},"batch":{}},"frameworkPackage":"cypress","frameworkName":"cypress","reporterName":"cypress-qase-reporter","report":{"connections":{"local":{}}}}
[2025-01-30T17:03:29.939Z] [INFO] qase: [31mTest "before each" hook for "should create unit" failed[39m
[2025-01-30T17:03:29.940Z] [INFO] qase: [34mSee why this test failed: https://app.qase.io/run/EF/dashboard/14?source=logs&status=%5B2%5D&search=%22before%20each%22%20hook%20for%20%22should%20create%20unit%22[39m
[2025-01-30T17:03:29.940Z] [DEBUG] qase: Adding test result: {"attachments":[{"content":"","id":"664160d7-fc75-4eef-9a6c-9d5cc1152ee4","mime_type":"image/png","size":0,"file_name":"Test create unit function -- should create unit -- before each hook (failed).png","file_path":"/home/zafarzhon/Ð Ð°Ð±Ð¾Ñ‡Ð¸Ð¹ ÑÑ‚Ð¾Ð»/EAT/cypress/screenshots/create-unit.cy.js/Test create unit function -- should create unit -- before each hook (failed).png"}],"author":null,"fields":{},"message":"c is not defined\n\nBecause this error occurred during a `before each` hook we are skipping the remaining tests in the current suite: `Test create unit function`","muted":false,"params":{},"group_params":{},"relations":{"suite":{"data":[{"title":"Test create unit function","public_id":null}]}},"run_id":null,"signature":"cypress::e2e::general-management::units::create::create-unit.cy.js::test_create_unit_function::\"before_each\"_hook_for_\"should_create_unit\"","steps":[],"id":"87e69dd7-882a-4bc0-8e36-90e1997f568a","execution":{"status":"failed","start_time":null,"end_time":null,"duration":0,"stacktrace":"ReferenceError: c is not defined\n\nBecause this error occurred during a `before each` hook we are skipping the remaining tests in the current suite: `Test create unit function`\n    at Context.eval (webpack:///./cypress/e2e/general-management/units/create/create-unit.cy.js:16:21)","thread":null},"testops_id":null,"title":"\"before each\" hook for \"should create unit\""}
[2025-01-30T17:03:30.598Z] [DEBUG] qase: Config: {"id":"default","mode":"testops","debug":true,"testops":{"api":{"token":"d51535ad39b98d6ec01333d9670b3244826cc68690539ce0c0630c1057297ed6"},"project":"EF","uploadAttachments":true,"run":{"complete":true,"id":14},"plan":{},"batch":{}},"report":{"connections":{"local":{}}}}
[2025-01-30T17:03:31.271Z] [DEBUG] qase: Uploading attachment: /home/zafarzhon/Ð Ð°Ð±Ð¾Ñ‡Ð¸Ð¹ ÑÑ‚Ð¾Ð»/EAT/cypress/screenshots/create-unit.cy.js/Test create unit function -- should create unit -- before each hook (failed).png
[2025-01-30T17:03:32.359Z] [DEBUG] qase: Transformed result: {"title":"\"before each\" hook for \"should create unit\"","execution":{"status":"failed","start_time":null,"end_time":null,"duration":0,"stacktrace":"ReferenceError: c is not defined\n\nBecause this error occurred during a `before each` hook we are skipping the remaining tests in the current suite: `Test create unit function`\n    at Context.eval (webpack:///./cypress/e2e/general-management/units/create/create-unit.cy.js:16:21)","thread":null},"testops_id":null,"attachments":["5d7a6a4ea7dc30f5ad291af70f5af3040aea9542"],"steps":[],"params":{},"param_groups":[],"relations":{"suite":{"data":[{"public_id":null,"title":"Test create unit function"}]}},"message":"c is not defined\n\nBecause this error occurred during a `before each` hook we are skipping the remaining tests in the current suite: `Test create unit function`","fields":{},"defect":false}
[2025-01-30T17:03:44.534Z] [DEBUG] qase: Results sent to Qase: 1
[2025-01-30T17:03:45.406Z] [INFO] qase: [32mRun 14 completed[39m
[2025-01-30T17:03:45.406Z] [INFO] qase: [34mTest run link: https://app.qase.io/run/EF/dashboard/14[39m
[2025-01-30T17:06:16.732Z] [DEBUG] qase: Config: {"mode":"testops","debug":true,"testops":{"api":{"token":"d51535ad39b98d6ec01333d9670b3244826cc68690539ce0c0630c1057297ed6"},"project":"EF","uploadAttachments":true,"run":{"complete":true},"plan":{},"batch":{}},"framework":{"cypress":{"screenshotsFolder":"cypress/screenshots"}},"frameworkPackage":"cypress","frameworkName":"cypress","reporterName":"cypress-qase-reporter","report":{"connections":{"local":{}}}}
[2025-01-30T17:06:17.409Z] [DEBUG] qase: Starting test run
[2025-01-30T17:06:17.410Z] [DEBUG] qase: Creating test run
[2025-01-30T17:06:18.404Z] [DEBUG] qase: Test run created: 15
[2025-01-30T17:06:22.284Z] [DEBUG] qase: Config: {"id":"default","mode":"testops","debug":true,"testops":{"api":{"token":"d51535ad39b98d6ec01333d9670b3244826cc68690539ce0c0630c1057297ed6"},"project":"EF","uploadAttachments":true,"run":{"complete":true,"id":15},"plan":{},"batch":{}},"frameworkPackage":"cypress","frameworkName":"cypress","reporterName":"cypress-qase-reporter","report":{"connections":{"local":{}}}}
[2025-01-30T17:07:22.028Z] [INFO] qase: [32mTest should create unit passed[39m
[2025-01-30T17:07:22.028Z] [DEBUG] qase: Adding test result: {"attachments":[],"author":null,"fields":{},"message":"","muted":false,"params":{},"group_params":{},"relations":{"suite":{"data":[{"title":"Test create unit function","public_id":null}]}},"run_id":null,"signature":"cypress::e2e::general-management::units::create::create-unit.cy.js::test_create_unit_function::should_create_unit","steps":[],"id":"bde2f05f-3320-4a2a-8a5b-121674bf26b7","execution":{"status":"passed","start_time":null,"end_time":null,"duration":58985,"stacktrace":null,"thread":null},"testops_id":null,"title":"should create unit"}
[2025-01-30T17:07:22.953Z] [DEBUG] qase: Config: {"id":"default","mode":"testops","debug":true,"testops":{"api":{"token":"d51535ad39b98d6ec01333d9670b3244826cc68690539ce0c0630c1057297ed6"},"project":"EF","uploadAttachments":true,"run":{"complete":true,"id":15},"plan":{},"batch":{}},"report":{"connections":{"local":{}}}}
[2025-01-30T17:07:23.612Z] [DEBUG] qase: Transformed result: {"title":"should create unit","execution":{"status":"passed","start_time":null,"end_time":null,"duration":58985,"stacktrace":null,"thread":null},"testops_id":null,"attachments":[],"steps":[],"params":{},"param_groups":[],"relations":{"suite":{"data":[{"public_id":null,"title":"Test create unit function"}]}},"message":"","fields":{},"defect":false}
[2025-01-30T17:07:29.455Z] [DEBUG] qase: Results sent to Qase: 1
[2025-01-30T17:07:35.181Z] [INFO] qase: [32mRun 15 completed[39m
[2025-01-30T17:07:35.183Z] [INFO] qase: [34mTest run link: https://app.qase.io/run/EF/dashboard/15[39m
[2025-01-30T17:12:32.276Z] [DEBUG] qase: Config: {"mode":"testops","debug":true,"testops":{"api":{"token":"d51535ad39b98d6ec01333d9670b3244826cc68690539ce0c0630c1057297ed6"},"project":"EF","uploadAttachments":true,"run":{"complete":true},"plan":{},"batch":{}},"framework":{"cypress":{"screenshotsFolder":"cypress/screenshots"}},"frameworkPackage":"cypress","frameworkName":"cypress","reporterName":"cypress-qase-reporter","report":{"connections":{"local":{}}}}
[2025-01-30T17:12:32.882Z] [DEBUG] qase: Starting test run
[2025-01-30T17:12:32.883Z] [DEBUG] qase: Creating test run
[2025-01-30T17:12:34.096Z] [DEBUG] qase: Test run created: 16
[2025-01-30T17:12:38.047Z] [DEBUG] qase: Config: {"id":"default","mode":"testops","debug":true,"testops":{"api":{"token":"d51535ad39b98d6ec01333d9670b3244826cc68690539ce0c0630c1057297ed6"},"project":"EF","uploadAttachments":true,"run":{"complete":true,"id":16},"plan":{},"batch":{}},"frameworkPackage":"cypress","frameworkName":"cypress","reporterName":"cypress-qase-reporter","report":{"connections":{"local":{}}}}
[2025-01-30T17:13:18.074Z] [INFO] qase: [32mTest should create unit passed[39m
[2025-01-30T17:13:18.074Z] [DEBUG] qase: Adding test result: {"attachments":[],"author":null,"fields":{},"message":"","muted":false,"params":{},"group_params":{},"relations":{"suite":{"data":[{"title":"Test create unit function","public_id":null}]}},"run_id":null,"signature":"cypress::e2e::general-management::units::create::create-unit.cy.js::test_create_unit_function::should_create_unit","steps":[],"id":"310695c6-b62d-404d-89f2-0108db3c7a6f","execution":{"status":"passed","start_time":null,"end_time":null,"duration":39262,"stacktrace":null,"thread":null},"testops_id":null,"title":"should create unit"}
[2025-01-30T17:13:18.699Z] [DEBUG] qase: Config: {"id":"default","mode":"testops","debug":true,"testops":{"api":{"token":"d51535ad39b98d6ec01333d9670b3244826cc68690539ce0c0630c1057297ed6"},"project":"EF","uploadAttachments":true,"run":{"complete":true,"id":16},"plan":{},"batch":{}},"report":{"connections":{"local":{}}}}
[2025-01-30T17:13:19.400Z] [DEBUG] qase: Transformed result: {"title":"should create unit","execution":{"status":"passed","start_time":null,"end_time":null,"duration":39262,"stacktrace":null,"thread":null},"testops_id":null,"attachments":[],"steps":[],"params":{},"param_groups":[],"relations":{"suite":{"data":[{"public_id":null,"title":"Test create unit function"}]}},"message":"","fields":{},"defect":false}
[2025-01-30T17:13:20.522Z] [DEBUG] qase: Results sent to Qase: 1
[2025-01-30T17:13:21.404Z] [INFO] qase: [32mRun 16 completed[39m
[2025-01-30T17:13:21.407Z] [INFO] qase: [34mTest run link: https://app.qase.io/run/EF/dashboard/16[39m
[2025-01-30T17:15:58.231Z] [DEBUG] qase: Config: {"mode":"testops","debug":true,"testops":{"api":{"token":"d51535ad39b98d6ec01333d9670b3244826cc68690539ce0c0630c1057297ed6"},"project":"EF","uploadAttachments":true,"run":{"complete":true},"plan":{},"batch":{}},"framework":{"cypress":{"screenshotsFolder":"cypress/screenshots"}},"frameworkPackage":"cypress","frameworkName":"cypress","reporterName":"cypress-qase-reporter","report":{"connections":{"local":{}}}}
[2025-01-30T17:15:58.852Z] [DEBUG] qase: Starting test run
[2025-01-30T17:15:58.852Z] [DEBUG] qase: Creating test run
[2025-01-30T17:16:00.448Z] [DEBUG] qase: Test run created: 17
[2025-01-30T17:16:04.327Z] [DEBUG] qase: Config: {"id":"default","mode":"testops","debug":true,"testops":{"api":{"token":"d51535ad39b98d6ec01333d9670b3244826cc68690539ce0c0630c1057297ed6"},"project":"EF","uploadAttachments":true,"run":{"complete":true,"id":17},"plan":{},"batch":{}},"frameworkPackage":"cypress","frameworkName":"cypress","reporterName":"cypress-qase-reporter","report":{"connections":{"local":{}}}}
[2025-01-30T17:17:10.553Z] [INFO] qase: [32mTest should create unit passed[39m
[2025-01-30T17:17:10.554Z] [DEBUG] qase: Adding test result: {"attachments":[],"author":null,"fields":{},"message":"","muted":false,"params":{},"group_params":{},"relations":{"suite":{"data":[{"title":"GM: test create unit function","public_id":null}]}},"run_id":null,"signature":"cypress::e2e::general-management::units::create::create-unit.cy.js::gm:_test_create_unit_function::should_create_unit","steps":[],"id":"ba4ecdf0-c308-4474-b54a-53badb4df82c","execution":{"status":"passed","start_time":null,"end_time":null,"duration":65358,"stacktrace":null,"thread":null},"testops_id":null,"title":"should create unit"}
[2025-01-30T17:17:11.204Z] [DEBUG] qase: Config: {"id":"default","mode":"testops","debug":true,"testops":{"api":{"token":"d51535ad39b98d6ec01333d9670b3244826cc68690539ce0c0630c1057297ed6"},"project":"EF","uploadAttachments":true,"run":{"complete":true,"id":17},"plan":{},"batch":{}},"report":{"connections":{"local":{}}}}
[2025-01-30T17:17:11.836Z] [DEBUG] qase: Transformed result: {"title":"should create unit","execution":{"status":"passed","start_time":null,"end_time":null,"duration":65358,"stacktrace":null,"thread":null},"testops_id":null,"attachments":[],"steps":[],"params":{},"param_groups":[],"relations":{"suite":{"data":[{"public_id":null,"title":"GM: test create unit function"}]}},"message":"","fields":{},"defect":false}
[2025-01-30T17:17:12.731Z] [DEBUG] qase: Results sent to Qase: 1
[2025-01-30T17:17:13.525Z] [INFO] qase: [32mRun 17 completed[39m
[2025-01-30T17:17:13.526Z] [INFO] qase: [34mTest run link: https://app.qase.io/run/EF/dashboard/17[39m
[2025-01-30T17:21:50.053Z] [DEBUG] qase: Config: {"mode":"testops","debug":true,"testops":{"api":{"token":"d51535ad39b98d6ec01333d9670b3244826cc68690539ce0c0630c1057297ed6"},"project":"EF","uploadAttachments":true,"run":{"complete":true},"plan":{},"batch":{}},"framework":{"cypress":{"screenshotsFolder":"cypress/screenshots"}},"frameworkPackage":"cypress","frameworkName":"cypress","reporterName":"cypress-qase-reporter","report":{"connections":{"local":{}}}}
[2025-01-30T17:21:50.699Z] [DEBUG] qase: Starting test run
[2025-01-30T17:21:50.700Z] [DEBUG] qase: Creating test run
[2025-01-30T17:21:56.544Z] [DEBUG] qase: Test run created: 18
[2025-01-30T17:22:00.443Z] [DEBUG] qase: Config: {"id":"default","mode":"testops","debug":true,"testops":{"api":{"token":"d51535ad39b98d6ec01333d9670b3244826cc68690539ce0c0630c1057297ed6"},"project":"EF","uploadAttachments":true,"run":{"complete":true,"id":18},"plan":{},"batch":{}},"frameworkPackage":"cypress","frameworkName":"cypress","reporterName":"cypress-qase-reporter","report":{"connections":{"local":{}}}}
[2025-01-30T17:22:37.243Z] [INFO] qase: [32mTest should create unit passed[39m
[2025-01-30T17:22:37.243Z] [DEBUG] qase: Adding test result: {"attachments":[],"author":null,"fields":{},"message":"","muted":false,"params":{},"group_params":{},"relations":{"suite":{"data":[{"title":"GM: test create unit function","public_id":null}]}},"run_id":null,"signature":"cypress::e2e::general-management::units::create::create-unit1.cy.js::gm:_test_create_unit_function::should_create_unit_(qase_id:_35)::35","steps":[],"id":"a4bd94eb-4c53-4ab4-948f-7a49d74e7abb","execution":{"status":"passed","start_time":null,"end_time":null,"duration":36039,"stacktrace":null,"thread":null},"testops_id":[35],"title":"should create unit"}
[2025-01-30T17:22:37.897Z] [DEBUG] qase: Config: {"id":"default","mode":"testops","debug":true,"testops":{"api":{"token":"d51535ad39b98d6ec01333d9670b3244826cc68690539ce0c0630c1057297ed6"},"project":"EF","uploadAttachments":true,"run":{"complete":true,"id":18},"plan":{},"batch":{}},"report":{"connections":{"local":{}}}}
[2025-01-30T17:22:38.632Z] [DEBUG] qase: Transformed result: {"title":"should create unit","execution":{"status":"passed","start_time":null,"end_time":null,"duration":36039,"stacktrace":null,"thread":null},"testops_id":35,"attachments":[],"steps":[],"params":{},"param_groups":[],"relations":{"suite":{"data":[{"public_id":null,"title":"GM: test create unit function"}]}},"message":"","fields":{},"defect":false}
[2025-01-30T17:22:39.973Z] [DEBUG] qase: Results sent to Qase: 1
[2025-01-30T17:22:42.447Z] [INFO] qase: [32mRun 18 completed[39m
[2025-01-30T17:22:42.448Z] [INFO] qase: [34mTest run link: https://app.qase.io/run/EF/dashboard/18[39m
